2024-04-24 23:02:00,671 - __main__ - INFO - User 124256749 started the bot
2024-04-24 23:02:02,280 - __main__ - INFO - User 124256749 requested to see foundry table
2024-04-24 23:02:11,624 - __main__ - INFO - User 124256749 requested to see aluminium table
2024-04-24 23:02:14,611 - __main__ - INFO - User 124256749 requested to see aluminium residue
2024-04-24 23:02:18,009 - __main__ - INFO - User 124256749 requested to see storage table
2024-04-24 23:02:20,499 - __main__ - INFO - User 124256749 requested to see our storage
2024-04-24 23:02:22,076 - __main__ - INFO - User 124256749 requested to see dima storage
2024-04-24 23:02:30,966 - TeleBot - ERROR - Infinity polling: polling exited
2024-04-24 23:02:30,966 - TeleBot - ERROR - Break infinity polling
2024-04-24 23:04:52,114 - __main__ - INFO - User 124256749 requested to see our storage
2024-04-24 23:04:58,075 - __main__ - INFO - User 124256749 requested to see dima storage
2024-04-24 23:05:14,037 - __main__ - INFO - User 124256749 requested to see employees table
2024-04-24 23:05:17,124 - __main__ - INFO - User 124256749 requested to see employees' salaries
2024-04-25 00:15:35,647 - __main__ - INFO - User 124256749 requested to see employees' salaries
2024-04-25 10:43:42,272 - TeleBot - ERROR - Infinity polling exception: HTTPSConnectionPool(host='api.telegram.org', port=443): Max retries exceeded with url: /bot6601289362:AAHP8IfBXJ4vczvZKBFvDBBDT752UbwGW0k/getUpdates?offset=609880080&timeout=20 (Caused by NameResolutionError("<urllib3.connection.HTTPSConnection object at 0x000002751779CAD0>: Failed to resolve 'api.telegram.org' ([Errno 11001] getaddrinfo failed)"))
2024-04-25 10:43:42,276 - TeleBot - ERROR - Exception traceback:
Traceback (most recent call last):
  File "C:\python\Lib\site-packages\urllib3\connection.py", line 198, in _new_conn
    sock = connection.create_connection(
           ^^^^^^^^^^^^^^^^^^^^^^^^^^^^^
  File "C:\python\Lib\site-packages\urllib3\util\connection.py", line 60, in create_connection
    for res in socket.getaddrinfo(host, port, family, socket.SOCK_STREAM):
               ^^^^^^^^^^^^^^^^^^^^^^^^^^^^^^^^^^^^^^^^^^^^^^^^^^^^^^^^^^
  File "C:\python\Lib\socket.py", line 962, in getaddrinfo
    for res in _socket.getaddrinfo(host, port, family, type, proto, flags):
               ^^^^^^^^^^^^^^^^^^^^^^^^^^^^^^^^^^^^^^^^^^^^^^^^^^^^^^^^^^^
socket.gaierror: [Errno 11001] getaddrinfo failed

The above exception was the direct cause of the following exception:

Traceback (most recent call last):
  File "C:\python\Lib\site-packages\urllib3\connectionpool.py", line 793, in urlopen
    response = self._make_request(
               ^^^^^^^^^^^^^^^^^^^
  File "C:\python\Lib\site-packages\urllib3\connectionpool.py", line 491, in _make_request
    raise new_e
  File "C:\python\Lib\site-packages\urllib3\connectionpool.py", line 467, in _make_request
    self._validate_conn(conn)
  File "C:\python\Lib\site-packages\urllib3\connectionpool.py", line 1099, in _validate_conn
    conn.connect()
  File "C:\python\Lib\site-packages\urllib3\connection.py", line 616, in connect
    self.sock = sock = self._new_conn()
                       ^^^^^^^^^^^^^^^^
  File "C:\python\Lib\site-packages\urllib3\connection.py", line 205, in _new_conn
    raise NameResolutionError(self.host, self, e) from e
urllib3.exceptions.NameResolutionError: <urllib3.connection.HTTPSConnection object at 0x000002751779CAD0>: Failed to resolve 'api.telegram.org' ([Errno 11001] getaddrinfo failed)

The above exception was the direct cause of the following exception:

Traceback (most recent call last):
  File "C:\python\Lib\site-packages\requests\adapters.py", line 486, in send
    resp = conn.urlopen(
           ^^^^^^^^^^^^^
  File "C:\python\Lib\site-packages\urllib3\connectionpool.py", line 847, in urlopen
    retries = retries.increment(
              ^^^^^^^^^^^^^^^^^^
  File "C:\python\Lib\site-packages\urllib3\util\retry.py", line 515, in increment
    raise MaxRetryError(_pool, url, reason) from reason  # type: ignore[arg-type]
    ^^^^^^^^^^^^^^^^^^^^^^^^^^^^^^^^^^^^^^^^^^^^^^^^^^^
urllib3.exceptions.MaxRetryError: HTTPSConnectionPool(host='api.telegram.org', port=443): Max retries exceeded with url: /bot6601289362:AAHP8IfBXJ4vczvZKBFvDBBDT752UbwGW0k/getUpdates?offset=609880080&timeout=20 (Caused by NameResolutionError("<urllib3.connection.HTTPSConnection object at 0x000002751779CAD0>: Failed to resolve 'api.telegram.org' ([Errno 11001] getaddrinfo failed)"))

During handling of the above exception, another exception occurred:

Traceback (most recent call last):
  File "C:\python\Lib\site-packages\telebot\__init__.py", line 1081, in infinity_polling
    self.polling(non_stop=True, timeout=timeout, long_polling_timeout=long_polling_timeout,
  File "C:\python\Lib\site-packages\telebot\__init__.py", line 1169, in polling
    self.__threaded_polling(non_stop=non_stop, interval=interval, timeout=timeout, long_polling_timeout=long_polling_timeout,
  File "C:\python\Lib\site-packages\telebot\__init__.py", line 1244, in __threaded_polling
    raise e
  File "C:\python\Lib\site-packages\telebot\__init__.py", line 1205, in __threaded_polling
    polling_thread.raise_exceptions()
  File "C:\python\Lib\site-packages\telebot\util.py", line 111, in raise_exceptions
    raise self.exception_info
  File "C:\python\Lib\site-packages\telebot\util.py", line 93, in run
    task(*args, **kwargs)
  File "C:\python\Lib\site-packages\telebot\__init__.py", line 675, in __retrieve_updates
    updates = self.get_updates(offset=(self.last_update_id + 1),
             ^^^^^^^^^^^^^^^^^^^^^^^^^^^^^^^^^^^^^^^^^^^^^^^^^^^
  File "C:\python\Lib\site-packages\telebot\__init__.py", line 647, in get_updates
    json_updates = apihelper.get_updates(
                   ^^^^^^^^^^^^^^^^^^^^^^
  File "C:\python\Lib\site-packages\telebot\apihelper.py", line 327, in get_updates
    return _make_request(token, method_url, params=payload)
           ^^^^^^^^^^^^^^^^^^^^^^^^^^^^^^^^^^^^^^^^^^^^^^^^
  File "C:\python\Lib\site-packages\telebot\apihelper.py", line 161, in _make_request
    result = _get_req_session().request(
             ^^^^^^^^^^^^^^^^^^^^^^^^^^^
  File "C:\python\Lib\site-packages\requests\sessions.py", line 589, in request
    resp = self.send(prep, **send_kwargs)
           ^^^^^^^^^^^^^^^^^^^^^^^^^^^^^^
  File "C:\python\Lib\site-packages\requests\sessions.py", line 703, in send
    r = adapter.send(request, **kwargs)
        ^^^^^^^^^^^^^^^^^^^^^^^^^^^^^^^
  File "C:\python\Lib\site-packages\requests\adapters.py", line 519, in send
    raise ConnectionError(e, request=request)
requests.exceptions.ConnectionError: HTTPSConnectionPool(host='api.telegram.org', port=443): Max retries exceeded with url: /bot6601289362:AAHP8IfBXJ4vczvZKBFvDBBDT752UbwGW0k/getUpdates?offset=609880080&timeout=20 (Caused by NameResolutionError("<urllib3.connection.HTTPSConnection object at 0x000002751779CAD0>: Failed to resolve 'api.telegram.org' ([Errno 11001] getaddrinfo failed)"))

2024-04-25 10:43:45,288 - TeleBot - ERROR - Infinity polling exception: HTTPSConnectionPool(host='api.telegram.org', port=443): Max retries exceeded with url: /bot6601289362:AAHP8IfBXJ4vczvZKBFvDBBDT752UbwGW0k/getUpdates?offset=609880080&timeout=20 (Caused by NameResolutionError("<urllib3.connection.HTTPSConnection object at 0x00000275186B21D0>: Failed to resolve 'api.telegram.org' ([Errno 11001] getaddrinfo failed)"))
2024-04-25 10:43:45,290 - TeleBot - ERROR - Exception traceback:
Traceback (most recent call last):
  File "C:\python\Lib\site-packages\urllib3\connection.py", line 198, in _new_conn
    sock = connection.create_connection(
           ^^^^^^^^^^^^^^^^^^^^^^^^^^^^^
  File "C:\python\Lib\site-packages\urllib3\util\connection.py", line 60, in create_connection
    for res in socket.getaddrinfo(host, port, family, socket.SOCK_STREAM):
               ^^^^^^^^^^^^^^^^^^^^^^^^^^^^^^^^^^^^^^^^^^^^^^^^^^^^^^^^^^
  File "C:\python\Lib\socket.py", line 962, in getaddrinfo
    for res in _socket.getaddrinfo(host, port, family, type, proto, flags):
               ^^^^^^^^^^^^^^^^^^^^^^^^^^^^^^^^^^^^^^^^^^^^^^^^^^^^^^^^^^^
socket.gaierror: [Errno 11001] getaddrinfo failed

The above exception was the direct cause of the following exception:

Traceback (most recent call last):
  File "C:\python\Lib\site-packages\urllib3\connectionpool.py", line 793, in urlopen
    response = self._make_request(
               ^^^^^^^^^^^^^^^^^^^
  File "C:\python\Lib\site-packages\urllib3\connectionpool.py", line 491, in _make_request
    raise new_e
  File "C:\python\Lib\site-packages\urllib3\connectionpool.py", line 467, in _make_request
    self._validate_conn(conn)
  File "C:\python\Lib\site-packages\urllib3\connectionpool.py", line 1099, in _validate_conn
    conn.connect()
  File "C:\python\Lib\site-packages\urllib3\connection.py", line 616, in connect
    self.sock = sock = self._new_conn()
                       ^^^^^^^^^^^^^^^^
  File "C:\python\Lib\site-packages\urllib3\connection.py", line 205, in _new_conn
    raise NameResolutionError(self.host, self, e) from e
urllib3.exceptions.NameResolutionError: <urllib3.connection.HTTPSConnection object at 0x00000275186B21D0>: Failed to resolve 'api.telegram.org' ([Errno 11001] getaddrinfo failed)

The above exception was the direct cause of the following exception:

Traceback (most recent call last):
  File "C:\python\Lib\site-packages\requests\adapters.py", line 486, in send
    resp = conn.urlopen(
           ^^^^^^^^^^^^^
  File "C:\python\Lib\site-packages\urllib3\connectionpool.py", line 847, in urlopen
    retries = retries.increment(
              ^^^^^^^^^^^^^^^^^^
  File "C:\python\Lib\site-packages\urllib3\util\retry.py", line 515, in increment
    raise MaxRetryError(_pool, url, reason) from reason  # type: ignore[arg-type]
    ^^^^^^^^^^^^^^^^^^^^^^^^^^^^^^^^^^^^^^^^^^^^^^^^^^^
urllib3.exceptions.MaxRetryError: HTTPSConnectionPool(host='api.telegram.org', port=443): Max retries exceeded with url: /bot6601289362:AAHP8IfBXJ4vczvZKBFvDBBDT752UbwGW0k/getUpdates?offset=609880080&timeout=20 (Caused by NameResolutionError("<urllib3.connection.HTTPSConnection object at 0x00000275186B21D0>: Failed to resolve 'api.telegram.org' ([Errno 11001] getaddrinfo failed)"))

During handling of the above exception, another exception occurred:

Traceback (most recent call last):
  File "C:\python\Lib\site-packages\telebot\__init__.py", line 1081, in infinity_polling
    self.polling(non_stop=True, timeout=timeout, long_polling_timeout=long_polling_timeout,
  File "C:\python\Lib\site-packages\telebot\__init__.py", line 1169, in polling
    self.__threaded_polling(non_stop=non_stop, interval=interval, timeout=timeout, long_polling_timeout=long_polling_timeout,
  File "C:\python\Lib\site-packages\telebot\__init__.py", line 1244, in __threaded_polling
    raise e
  File "C:\python\Lib\site-packages\telebot\__init__.py", line 1205, in __threaded_polling
    polling_thread.raise_exceptions()
  File "C:\python\Lib\site-packages\telebot\util.py", line 111, in raise_exceptions
    raise self.exception_info
  File "C:\python\Lib\site-packages\telebot\util.py", line 93, in run
    task(*args, **kwargs)
  File "C:\python\Lib\site-packages\telebot\__init__.py", line 675, in __retrieve_updates
    updates = self.get_updates(offset=(self.last_update_id + 1),
             ^^^^^^^^^^^^^^^^^^^^^^^^^^^^^^^^^^^^^^^^^^^^^^^^^^^
  File "C:\python\Lib\site-packages\telebot\__init__.py", line 647, in get_updates
    json_updates = apihelper.get_updates(
                   ^^^^^^^^^^^^^^^^^^^^^^
  File "C:\python\Lib\site-packages\telebot\apihelper.py", line 327, in get_updates
    return _make_request(token, method_url, params=payload)
           ^^^^^^^^^^^^^^^^^^^^^^^^^^^^^^^^^^^^^^^^^^^^^^^^
  File "C:\python\Lib\site-packages\telebot\apihelper.py", line 161, in _make_request
    result = _get_req_session().request(
             ^^^^^^^^^^^^^^^^^^^^^^^^^^^
  File "C:\python\Lib\site-packages\requests\sessions.py", line 589, in request
    resp = self.send(prep, **send_kwargs)
           ^^^^^^^^^^^^^^^^^^^^^^^^^^^^^^
  File "C:\python\Lib\site-packages\requests\sessions.py", line 703, in send
    r = adapter.send(request, **kwargs)
        ^^^^^^^^^^^^^^^^^^^^^^^^^^^^^^^
  File "C:\python\Lib\site-packages\requests\adapters.py", line 519, in send
    raise ConnectionError(e, request=request)
requests.exceptions.ConnectionError: HTTPSConnectionPool(host='api.telegram.org', port=443): Max retries exceeded with url: /bot6601289362:AAHP8IfBXJ4vczvZKBFvDBBDT752UbwGW0k/getUpdates?offset=609880080&timeout=20 (Caused by NameResolutionError("<urllib3.connection.HTTPSConnection object at 0x00000275186B21D0>: Failed to resolve 'api.telegram.org' ([Errno 11001] getaddrinfo failed)"))

2024-04-25 10:43:48,299 - TeleBot - ERROR - Infinity polling exception: HTTPSConnectionPool(host='api.telegram.org', port=443): Max retries exceeded with url: /bot6601289362:AAHP8IfBXJ4vczvZKBFvDBBDT752UbwGW0k/getUpdates?offset=609880080&timeout=20 (Caused by NameResolutionError("<urllib3.connection.HTTPSConnection object at 0x00000275186B4F90>: Failed to resolve 'api.telegram.org' ([Errno 11001] getaddrinfo failed)"))
2024-04-25 10:43:48,302 - TeleBot - ERROR - Exception traceback:
Traceback (most recent call last):
  File "C:\python\Lib\site-packages\urllib3\connection.py", line 198, in _new_conn
    sock = connection.create_connection(
           ^^^^^^^^^^^^^^^^^^^^^^^^^^^^^
  File "C:\python\Lib\site-packages\urllib3\util\connection.py", line 60, in create_connection
    for res in socket.getaddrinfo(host, port, family, socket.SOCK_STREAM):
               ^^^^^^^^^^^^^^^^^^^^^^^^^^^^^^^^^^^^^^^^^^^^^^^^^^^^^^^^^^
  File "C:\python\Lib\socket.py", line 962, in getaddrinfo
    for res in _socket.getaddrinfo(host, port, family, type, proto, flags):
               ^^^^^^^^^^^^^^^^^^^^^^^^^^^^^^^^^^^^^^^^^^^^^^^^^^^^^^^^^^^
socket.gaierror: [Errno 11001] getaddrinfo failed

The above exception was the direct cause of the following exception:

Traceback (most recent call last):
  File "C:\python\Lib\site-packages\urllib3\connectionpool.py", line 793, in urlopen
    response = self._make_request(
               ^^^^^^^^^^^^^^^^^^^
  File "C:\python\Lib\site-packages\urllib3\connectionpool.py", line 491, in _make_request
    raise new_e
  File "C:\python\Lib\site-packages\urllib3\connectionpool.py", line 467, in _make_request
    self._validate_conn(conn)
  File "C:\python\Lib\site-packages\urllib3\connectionpool.py", line 1099, in _validate_conn
    conn.connect()
  File "C:\python\Lib\site-packages\urllib3\connection.py", line 616, in connect
    self.sock = sock = self._new_conn()
                       ^^^^^^^^^^^^^^^^
  File "C:\python\Lib\site-packages\urllib3\connection.py", line 205, in _new_conn
    raise NameResolutionError(self.host, self, e) from e
urllib3.exceptions.NameResolutionError: <urllib3.connection.HTTPSConnection object at 0x00000275186B4F90>: Failed to resolve 'api.telegram.org' ([Errno 11001] getaddrinfo failed)

The above exception was the direct cause of the following exception:

Traceback (most recent call last):
  File "C:\python\Lib\site-packages\requests\adapters.py", line 486, in send
    resp = conn.urlopen(
           ^^^^^^^^^^^^^
  File "C:\python\Lib\site-packages\urllib3\connectionpool.py", line 847, in urlopen
    retries = retries.increment(
              ^^^^^^^^^^^^^^^^^^
  File "C:\python\Lib\site-packages\urllib3\util\retry.py", line 515, in increment
    raise MaxRetryError(_pool, url, reason) from reason  # type: ignore[arg-type]
    ^^^^^^^^^^^^^^^^^^^^^^^^^^^^^^^^^^^^^^^^^^^^^^^^^^^
urllib3.exceptions.MaxRetryError: HTTPSConnectionPool(host='api.telegram.org', port=443): Max retries exceeded with url: /bot6601289362:AAHP8IfBXJ4vczvZKBFvDBBDT752UbwGW0k/getUpdates?offset=609880080&timeout=20 (Caused by NameResolutionError("<urllib3.connection.HTTPSConnection object at 0x00000275186B4F90>: Failed to resolve 'api.telegram.org' ([Errno 11001] getaddrinfo failed)"))

During handling of the above exception, another exception occurred:

Traceback (most recent call last):
  File "C:\python\Lib\site-packages\telebot\__init__.py", line 1081, in infinity_polling
    self.polling(non_stop=True, timeout=timeout, long_polling_timeout=long_polling_timeout,
  File "C:\python\Lib\site-packages\telebot\__init__.py", line 1169, in polling
    self.__threaded_polling(non_stop=non_stop, interval=interval, timeout=timeout, long_polling_timeout=long_polling_timeout,
  File "C:\python\Lib\site-packages\telebot\__init__.py", line 1244, in __threaded_polling
    raise e
  File "C:\python\Lib\site-packages\telebot\__init__.py", line 1205, in __threaded_polling
    polling_thread.raise_exceptions()
  File "C:\python\Lib\site-packages\telebot\util.py", line 111, in raise_exceptions
    raise self.exception_info
  File "C:\python\Lib\site-packages\telebot\util.py", line 93, in run
    task(*args, **kwargs)
  File "C:\python\Lib\site-packages\telebot\__init__.py", line 675, in __retrieve_updates
    updates = self.get_updates(offset=(self.last_update_id + 1),
             ^^^^^^^^^^^^^^^^^^^^^^^^^^^^^^^^^^^^^^^^^^^^^^^^^^^
  File "C:\python\Lib\site-packages\telebot\__init__.py", line 647, in get_updates
    json_updates = apihelper.get_updates(
                   ^^^^^^^^^^^^^^^^^^^^^^
  File "C:\python\Lib\site-packages\telebot\apihelper.py", line 327, in get_updates
    return _make_request(token, method_url, params=payload)
           ^^^^^^^^^^^^^^^^^^^^^^^^^^^^^^^^^^^^^^^^^^^^^^^^
  File "C:\python\Lib\site-packages\telebot\apihelper.py", line 161, in _make_request
    result = _get_req_session().request(
             ^^^^^^^^^^^^^^^^^^^^^^^^^^^
  File "C:\python\Lib\site-packages\requests\sessions.py", line 589, in request
    resp = self.send(prep, **send_kwargs)
           ^^^^^^^^^^^^^^^^^^^^^^^^^^^^^^
  File "C:\python\Lib\site-packages\requests\sessions.py", line 703, in send
    r = adapter.send(request, **kwargs)
        ^^^^^^^^^^^^^^^^^^^^^^^^^^^^^^^
  File "C:\python\Lib\site-packages\requests\adapters.py", line 519, in send
    raise ConnectionError(e, request=request)
requests.exceptions.ConnectionError: HTTPSConnectionPool(host='api.telegram.org', port=443): Max retries exceeded with url: /bot6601289362:AAHP8IfBXJ4vczvZKBFvDBBDT752UbwGW0k/getUpdates?offset=609880080&timeout=20 (Caused by NameResolutionError("<urllib3.connection.HTTPSConnection object at 0x00000275186B4F90>: Failed to resolve 'api.telegram.org' ([Errno 11001] getaddrinfo failed)"))

2024-04-25 16:03:31,039 - TeleBot - ERROR - Infinity polling exception: HTTPSConnectionPool(host='api.telegram.org', port=443): Max retries exceeded with url: /bot6601289362:AAHP8IfBXJ4vczvZKBFvDBBDT752UbwGW0k/getUpdates?offset=609880080&timeout=20 (Caused by NameResolutionError("<urllib3.connection.HTTPSConnection object at 0x00000275186B54D0>: Failed to resolve 'api.telegram.org' ([Errno 11001] getaddrinfo failed)"))
2024-04-25 16:03:31,043 - TeleBot - ERROR - Exception traceback:
Traceback (most recent call last):
  File "C:\python\Lib\site-packages\urllib3\connection.py", line 198, in _new_conn
    sock = connection.create_connection(
           ^^^^^^^^^^^^^^^^^^^^^^^^^^^^^
  File "C:\python\Lib\site-packages\urllib3\util\connection.py", line 60, in create_connection
    for res in socket.getaddrinfo(host, port, family, socket.SOCK_STREAM):
               ^^^^^^^^^^^^^^^^^^^^^^^^^^^^^^^^^^^^^^^^^^^^^^^^^^^^^^^^^^
  File "C:\python\Lib\socket.py", line 962, in getaddrinfo
    for res in _socket.getaddrinfo(host, port, family, type, proto, flags):
               ^^^^^^^^^^^^^^^^^^^^^^^^^^^^^^^^^^^^^^^^^^^^^^^^^^^^^^^^^^^
socket.gaierror: [Errno 11001] getaddrinfo failed

The above exception was the direct cause of the following exception:

Traceback (most recent call last):
  File "C:\python\Lib\site-packages\urllib3\connectionpool.py", line 793, in urlopen
    response = self._make_request(
               ^^^^^^^^^^^^^^^^^^^
  File "C:\python\Lib\site-packages\urllib3\connectionpool.py", line 491, in _make_request
    raise new_e
  File "C:\python\Lib\site-packages\urllib3\connectionpool.py", line 467, in _make_request
    self._validate_conn(conn)
  File "C:\python\Lib\site-packages\urllib3\connectionpool.py", line 1099, in _validate_conn
    conn.connect()
  File "C:\python\Lib\site-packages\urllib3\connection.py", line 616, in connect
    self.sock = sock = self._new_conn()
                       ^^^^^^^^^^^^^^^^
  File "C:\python\Lib\site-packages\urllib3\connection.py", line 205, in _new_conn
    raise NameResolutionError(self.host, self, e) from e
urllib3.exceptions.NameResolutionError: <urllib3.connection.HTTPSConnection object at 0x00000275186B54D0>: Failed to resolve 'api.telegram.org' ([Errno 11001] getaddrinfo failed)

The above exception was the direct cause of the following exception:

Traceback (most recent call last):
  File "C:\python\Lib\site-packages\requests\adapters.py", line 486, in send
    resp = conn.urlopen(
           ^^^^^^^^^^^^^
  File "C:\python\Lib\site-packages\urllib3\connectionpool.py", line 847, in urlopen
    retries = retries.increment(
              ^^^^^^^^^^^^^^^^^^
  File "C:\python\Lib\site-packages\urllib3\util\retry.py", line 515, in increment
    raise MaxRetryError(_pool, url, reason) from reason  # type: ignore[arg-type]
    ^^^^^^^^^^^^^^^^^^^^^^^^^^^^^^^^^^^^^^^^^^^^^^^^^^^
urllib3.exceptions.MaxRetryError: HTTPSConnectionPool(host='api.telegram.org', port=443): Max retries exceeded with url: /bot6601289362:AAHP8IfBXJ4vczvZKBFvDBBDT752UbwGW0k/getUpdates?offset=609880080&timeout=20 (Caused by NameResolutionError("<urllib3.connection.HTTPSConnection object at 0x00000275186B54D0>: Failed to resolve 'api.telegram.org' ([Errno 11001] getaddrinfo failed)"))

During handling of the above exception, another exception occurred:

Traceback (most recent call last):
  File "C:\python\Lib\site-packages\telebot\__init__.py", line 1081, in infinity_polling
    self.polling(non_stop=True, timeout=timeout, long_polling_timeout=long_polling_timeout,
  File "C:\python\Lib\site-packages\telebot\__init__.py", line 1169, in polling
    self.__threaded_polling(non_stop=non_stop, interval=interval, timeout=timeout, long_polling_timeout=long_polling_timeout,
  File "C:\python\Lib\site-packages\telebot\__init__.py", line 1244, in __threaded_polling
    raise e
  File "C:\python\Lib\site-packages\telebot\__init__.py", line 1205, in __threaded_polling
    polling_thread.raise_exceptions()
  File "C:\python\Lib\site-packages\telebot\util.py", line 111, in raise_exceptions
    raise self.exception_info
  File "C:\python\Lib\site-packages\telebot\util.py", line 93, in run
    task(*args, **kwargs)
  File "C:\python\Lib\site-packages\telebot\__init__.py", line 675, in __retrieve_updates
    updates = self.get_updates(offset=(self.last_update_id + 1),
             ^^^^^^^^^^^^^^^^^^^^^^^^^^^^^^^^^^^^^^^^^^^^^^^^^^^
  File "C:\python\Lib\site-packages\telebot\__init__.py", line 647, in get_updates
    json_updates = apihelper.get_updates(
                   ^^^^^^^^^^^^^^^^^^^^^^
  File "C:\python\Lib\site-packages\telebot\apihelper.py", line 327, in get_updates
    return _make_request(token, method_url, params=payload)
           ^^^^^^^^^^^^^^^^^^^^^^^^^^^^^^^^^^^^^^^^^^^^^^^^
  File "C:\python\Lib\site-packages\telebot\apihelper.py", line 161, in _make_request
    result = _get_req_session().request(
             ^^^^^^^^^^^^^^^^^^^^^^^^^^^
  File "C:\python\Lib\site-packages\requests\sessions.py", line 589, in request
    resp = self.send(prep, **send_kwargs)
           ^^^^^^^^^^^^^^^^^^^^^^^^^^^^^^
  File "C:\python\Lib\site-packages\requests\sessions.py", line 703, in send
    r = adapter.send(request, **kwargs)
        ^^^^^^^^^^^^^^^^^^^^^^^^^^^^^^^
  File "C:\python\Lib\site-packages\requests\adapters.py", line 519, in send
    raise ConnectionError(e, request=request)
requests.exceptions.ConnectionError: HTTPSConnectionPool(host='api.telegram.org', port=443): Max retries exceeded with url: /bot6601289362:AAHP8IfBXJ4vczvZKBFvDBBDT752UbwGW0k/getUpdates?offset=609880080&timeout=20 (Caused by NameResolutionError("<urllib3.connection.HTTPSConnection object at 0x00000275186B54D0>: Failed to resolve 'api.telegram.org' ([Errno 11001] getaddrinfo failed)"))

2024-04-25 16:03:34,051 - TeleBot - ERROR - Infinity polling exception: HTTPSConnectionPool(host='api.telegram.org', port=443): Max retries exceeded with url: /bot6601289362:AAHP8IfBXJ4vczvZKBFvDBBDT752UbwGW0k/getUpdates?offset=609880080&timeout=20 (Caused by NameResolutionError("<urllib3.connection.HTTPSConnection object at 0x00000275186C0550>: Failed to resolve 'api.telegram.org' ([Errno 11001] getaddrinfo failed)"))
2024-04-25 16:03:34,053 - TeleBot - ERROR - Exception traceback:
Traceback (most recent call last):
  File "C:\python\Lib\site-packages\urllib3\connection.py", line 198, in _new_conn
    sock = connection.create_connection(
           ^^^^^^^^^^^^^^^^^^^^^^^^^^^^^
  File "C:\python\Lib\site-packages\urllib3\util\connection.py", line 60, in create_connection
    for res in socket.getaddrinfo(host, port, family, socket.SOCK_STREAM):
               ^^^^^^^^^^^^^^^^^^^^^^^^^^^^^^^^^^^^^^^^^^^^^^^^^^^^^^^^^^
  File "C:\python\Lib\socket.py", line 962, in getaddrinfo
    for res in _socket.getaddrinfo(host, port, family, type, proto, flags):
               ^^^^^^^^^^^^^^^^^^^^^^^^^^^^^^^^^^^^^^^^^^^^^^^^^^^^^^^^^^^
socket.gaierror: [Errno 11001] getaddrinfo failed

The above exception was the direct cause of the following exception:

Traceback (most recent call last):
  File "C:\python\Lib\site-packages\urllib3\connectionpool.py", line 793, in urlopen
    response = self._make_request(
               ^^^^^^^^^^^^^^^^^^^
  File "C:\python\Lib\site-packages\urllib3\connectionpool.py", line 491, in _make_request
    raise new_e
  File "C:\python\Lib\site-packages\urllib3\connectionpool.py", line 467, in _make_request
    self._validate_conn(conn)
  File "C:\python\Lib\site-packages\urllib3\connectionpool.py", line 1099, in _validate_conn
    conn.connect()
  File "C:\python\Lib\site-packages\urllib3\connection.py", line 616, in connect
    self.sock = sock = self._new_conn()
                       ^^^^^^^^^^^^^^^^
  File "C:\python\Lib\site-packages\urllib3\connection.py", line 205, in _new_conn
    raise NameResolutionError(self.host, self, e) from e
urllib3.exceptions.NameResolutionError: <urllib3.connection.HTTPSConnection object at 0x00000275186C0550>: Failed to resolve 'api.telegram.org' ([Errno 11001] getaddrinfo failed)

The above exception was the direct cause of the following exception:

Traceback (most recent call last):
  File "C:\python\Lib\site-packages\requests\adapters.py", line 486, in send
    resp = conn.urlopen(
           ^^^^^^^^^^^^^
  File "C:\python\Lib\site-packages\urllib3\connectionpool.py", line 847, in urlopen
    retries = retries.increment(
              ^^^^^^^^^^^^^^^^^^
  File "C:\python\Lib\site-packages\urllib3\util\retry.py", line 515, in increment
    raise MaxRetryError(_pool, url, reason) from reason  # type: ignore[arg-type]
    ^^^^^^^^^^^^^^^^^^^^^^^^^^^^^^^^^^^^^^^^^^^^^^^^^^^
urllib3.exceptions.MaxRetryError: HTTPSConnectionPool(host='api.telegram.org', port=443): Max retries exceeded with url: /bot6601289362:AAHP8IfBXJ4vczvZKBFvDBBDT752UbwGW0k/getUpdates?offset=609880080&timeout=20 (Caused by NameResolutionError("<urllib3.connection.HTTPSConnection object at 0x00000275186C0550>: Failed to resolve 'api.telegram.org' ([Errno 11001] getaddrinfo failed)"))

During handling of the above exception, another exception occurred:

Traceback (most recent call last):
  File "C:\python\Lib\site-packages\telebot\__init__.py", line 1081, in infinity_polling
    self.polling(non_stop=True, timeout=timeout, long_polling_timeout=long_polling_timeout,
  File "C:\python\Lib\site-packages\telebot\__init__.py", line 1169, in polling
    self.__threaded_polling(non_stop=non_stop, interval=interval, timeout=timeout, long_polling_timeout=long_polling_timeout,
  File "C:\python\Lib\site-packages\telebot\__init__.py", line 1244, in __threaded_polling
    raise e
  File "C:\python\Lib\site-packages\telebot\__init__.py", line 1205, in __threaded_polling
    polling_thread.raise_exceptions()
  File "C:\python\Lib\site-packages\telebot\util.py", line 111, in raise_exceptions
    raise self.exception_info
  File "C:\python\Lib\site-packages\telebot\util.py", line 93, in run
    task(*args, **kwargs)
  File "C:\python\Lib\site-packages\telebot\__init__.py", line 675, in __retrieve_updates
    updates = self.get_updates(offset=(self.last_update_id + 1),
             ^^^^^^^^^^^^^^^^^^^^^^^^^^^^^^^^^^^^^^^^^^^^^^^^^^^
  File "C:\python\Lib\site-packages\telebot\__init__.py", line 647, in get_updates
    json_updates = apihelper.get_updates(
                   ^^^^^^^^^^^^^^^^^^^^^^
  File "C:\python\Lib\site-packages\telebot\apihelper.py", line 327, in get_updates
    return _make_request(token, method_url, params=payload)
           ^^^^^^^^^^^^^^^^^^^^^^^^^^^^^^^^^^^^^^^^^^^^^^^^
  File "C:\python\Lib\site-packages\telebot\apihelper.py", line 161, in _make_request
    result = _get_req_session().request(
             ^^^^^^^^^^^^^^^^^^^^^^^^^^^
  File "C:\python\Lib\site-packages\requests\sessions.py", line 589, in request
    resp = self.send(prep, **send_kwargs)
           ^^^^^^^^^^^^^^^^^^^^^^^^^^^^^^
  File "C:\python\Lib\site-packages\requests\sessions.py", line 703, in send
    r = adapter.send(request, **kwargs)
        ^^^^^^^^^^^^^^^^^^^^^^^^^^^^^^^
  File "C:\python\Lib\site-packages\requests\adapters.py", line 519, in send
    raise ConnectionError(e, request=request)
requests.exceptions.ConnectionError: HTTPSConnectionPool(host='api.telegram.org', port=443): Max retries exceeded with url: /bot6601289362:AAHP8IfBXJ4vczvZKBFvDBBDT752UbwGW0k/getUpdates?offset=609880080&timeout=20 (Caused by NameResolutionError("<urllib3.connection.HTTPSConnection object at 0x00000275186C0550>: Failed to resolve 'api.telegram.org' ([Errno 11001] getaddrinfo failed)"))

2024-04-25 16:03:37,061 - TeleBot - ERROR - Infinity polling exception: HTTPSConnectionPool(host='api.telegram.org', port=443): Max retries exceeded with url: /bot6601289362:AAHP8IfBXJ4vczvZKBFvDBBDT752UbwGW0k/getUpdates?offset=609880080&timeout=20 (Caused by NameResolutionError("<urllib3.connection.HTTPSConnection object at 0x00000275186C3650>: Failed to resolve 'api.telegram.org' ([Errno 11001] getaddrinfo failed)"))
2024-04-25 16:03:37,063 - TeleBot - ERROR - Exception traceback:
Traceback (most recent call last):
  File "C:\python\Lib\site-packages\urllib3\connection.py", line 198, in _new_conn
    sock = connection.create_connection(
           ^^^^^^^^^^^^^^^^^^^^^^^^^^^^^
  File "C:\python\Lib\site-packages\urllib3\util\connection.py", line 60, in create_connection
    for res in socket.getaddrinfo(host, port, family, socket.SOCK_STREAM):
               ^^^^^^^^^^^^^^^^^^^^^^^^^^^^^^^^^^^^^^^^^^^^^^^^^^^^^^^^^^
  File "C:\python\Lib\socket.py", line 962, in getaddrinfo
    for res in _socket.getaddrinfo(host, port, family, type, proto, flags):
               ^^^^^^^^^^^^^^^^^^^^^^^^^^^^^^^^^^^^^^^^^^^^^^^^^^^^^^^^^^^
socket.gaierror: [Errno 11001] getaddrinfo failed

The above exception was the direct cause of the following exception:

Traceback (most recent call last):
  File "C:\python\Lib\site-packages\urllib3\connectionpool.py", line 793, in urlopen
    response = self._make_request(
               ^^^^^^^^^^^^^^^^^^^
  File "C:\python\Lib\site-packages\urllib3\connectionpool.py", line 491, in _make_request
    raise new_e
  File "C:\python\Lib\site-packages\urllib3\connectionpool.py", line 467, in _make_request
    self._validate_conn(conn)
  File "C:\python\Lib\site-packages\urllib3\connectionpool.py", line 1099, in _validate_conn
    conn.connect()
  File "C:\python\Lib\site-packages\urllib3\connection.py", line 616, in connect
    self.sock = sock = self._new_conn()
                       ^^^^^^^^^^^^^^^^
  File "C:\python\Lib\site-packages\urllib3\connection.py", line 205, in _new_conn
    raise NameResolutionError(self.host, self, e) from e
urllib3.exceptions.NameResolutionError: <urllib3.connection.HTTPSConnection object at 0x00000275186C3650>: Failed to resolve 'api.telegram.org' ([Errno 11001] getaddrinfo failed)

The above exception was the direct cause of the following exception:

Traceback (most recent call last):
  File "C:\python\Lib\site-packages\requests\adapters.py", line 486, in send
    resp = conn.urlopen(
           ^^^^^^^^^^^^^
  File "C:\python\Lib\site-packages\urllib3\connectionpool.py", line 847, in urlopen
    retries = retries.increment(
              ^^^^^^^^^^^^^^^^^^
  File "C:\python\Lib\site-packages\urllib3\util\retry.py", line 515, in increment
    raise MaxRetryError(_pool, url, reason) from reason  # type: ignore[arg-type]
    ^^^^^^^^^^^^^^^^^^^^^^^^^^^^^^^^^^^^^^^^^^^^^^^^^^^
urllib3.exceptions.MaxRetryError: HTTPSConnectionPool(host='api.telegram.org', port=443): Max retries exceeded with url: /bot6601289362:AAHP8IfBXJ4vczvZKBFvDBBDT752UbwGW0k/getUpdates?offset=609880080&timeout=20 (Caused by NameResolutionError("<urllib3.connection.HTTPSConnection object at 0x00000275186C3650>: Failed to resolve 'api.telegram.org' ([Errno 11001] getaddrinfo failed)"))

During handling of the above exception, another exception occurred:

Traceback (most recent call last):
  File "C:\python\Lib\site-packages\telebot\__init__.py", line 1081, in infinity_polling
    self.polling(non_stop=True, timeout=timeout, long_polling_timeout=long_polling_timeout,
  File "C:\python\Lib\site-packages\telebot\__init__.py", line 1169, in polling
    self.__threaded_polling(non_stop=non_stop, interval=interval, timeout=timeout, long_polling_timeout=long_polling_timeout,
  File "C:\python\Lib\site-packages\telebot\__init__.py", line 1244, in __threaded_polling
    raise e
  File "C:\python\Lib\site-packages\telebot\__init__.py", line 1205, in __threaded_polling
    polling_thread.raise_exceptions()
  File "C:\python\Lib\site-packages\telebot\util.py", line 111, in raise_exceptions
    raise self.exception_info
  File "C:\python\Lib\site-packages\telebot\util.py", line 93, in run
    task(*args, **kwargs)
  File "C:\python\Lib\site-packages\telebot\__init__.py", line 675, in __retrieve_updates
    updates = self.get_updates(offset=(self.last_update_id + 1),
             ^^^^^^^^^^^^^^^^^^^^^^^^^^^^^^^^^^^^^^^^^^^^^^^^^^^
  File "C:\python\Lib\site-packages\telebot\__init__.py", line 647, in get_updates
    json_updates = apihelper.get_updates(
                   ^^^^^^^^^^^^^^^^^^^^^^
  File "C:\python\Lib\site-packages\telebot\apihelper.py", line 327, in get_updates
    return _make_request(token, method_url, params=payload)
           ^^^^^^^^^^^^^^^^^^^^^^^^^^^^^^^^^^^^^^^^^^^^^^^^
  File "C:\python\Lib\site-packages\telebot\apihelper.py", line 161, in _make_request
    result = _get_req_session().request(
             ^^^^^^^^^^^^^^^^^^^^^^^^^^^
  File "C:\python\Lib\site-packages\requests\sessions.py", line 589, in request
    resp = self.send(prep, **send_kwargs)
           ^^^^^^^^^^^^^^^^^^^^^^^^^^^^^^
  File "C:\python\Lib\site-packages\requests\sessions.py", line 703, in send
    r = adapter.send(request, **kwargs)
        ^^^^^^^^^^^^^^^^^^^^^^^^^^^^^^^
  File "C:\python\Lib\site-packages\requests\adapters.py", line 519, in send
    raise ConnectionError(e, request=request)
requests.exceptions.ConnectionError: HTTPSConnectionPool(host='api.telegram.org', port=443): Max retries exceeded with url: /bot6601289362:AAHP8IfBXJ4vczvZKBFvDBBDT752UbwGW0k/getUpdates?offset=609880080&timeout=20 (Caused by NameResolutionError("<urllib3.connection.HTTPSConnection object at 0x00000275186C3650>: Failed to resolve 'api.telegram.org' ([Errno 11001] getaddrinfo failed)"))

2024-04-25 16:03:40,071 - TeleBot - ERROR - Infinity polling exception: HTTPSConnectionPool(host='api.telegram.org', port=443): Max retries exceeded with url: /bot6601289362:AAHP8IfBXJ4vczvZKBFvDBBDT752UbwGW0k/getUpdates?offset=609880080&timeout=20 (Caused by NameResolutionError("<urllib3.connection.HTTPSConnection object at 0x00000275186B16D0>: Failed to resolve 'api.telegram.org' ([Errno 11001] getaddrinfo failed)"))
2024-04-25 16:03:40,073 - TeleBot - ERROR - Exception traceback:
Traceback (most recent call last):
  File "C:\python\Lib\site-packages\urllib3\connection.py", line 198, in _new_conn
    sock = connection.create_connection(
           ^^^^^^^^^^^^^^^^^^^^^^^^^^^^^
  File "C:\python\Lib\site-packages\urllib3\util\connection.py", line 60, in create_connection
    for res in socket.getaddrinfo(host, port, family, socket.SOCK_STREAM):
               ^^^^^^^^^^^^^^^^^^^^^^^^^^^^^^^^^^^^^^^^^^^^^^^^^^^^^^^^^^
  File "C:\python\Lib\socket.py", line 962, in getaddrinfo
    for res in _socket.getaddrinfo(host, port, family, type, proto, flags):
               ^^^^^^^^^^^^^^^^^^^^^^^^^^^^^^^^^^^^^^^^^^^^^^^^^^^^^^^^^^^
socket.gaierror: [Errno 11001] getaddrinfo failed

The above exception was the direct cause of the following exception:

Traceback (most recent call last):
  File "C:\python\Lib\site-packages\urllib3\connectionpool.py", line 793, in urlopen
    response = self._make_request(
               ^^^^^^^^^^^^^^^^^^^
  File "C:\python\Lib\site-packages\urllib3\connectionpool.py", line 491, in _make_request
    raise new_e
  File "C:\python\Lib\site-packages\urllib3\connectionpool.py", line 467, in _make_request
    self._validate_conn(conn)
  File "C:\python\Lib\site-packages\urllib3\connectionpool.py", line 1099, in _validate_conn
    conn.connect()
  File "C:\python\Lib\site-packages\urllib3\connection.py", line 616, in connect
    self.sock = sock = self._new_conn()
                       ^^^^^^^^^^^^^^^^
  File "C:\python\Lib\site-packages\urllib3\connection.py", line 205, in _new_conn
    raise NameResolutionError(self.host, self, e) from e
urllib3.exceptions.NameResolutionError: <urllib3.connection.HTTPSConnection object at 0x00000275186B16D0>: Failed to resolve 'api.telegram.org' ([Errno 11001] getaddrinfo failed)

The above exception was the direct cause of the following exception:

Traceback (most recent call last):
  File "C:\python\Lib\site-packages\requests\adapters.py", line 486, in send
    resp = conn.urlopen(
           ^^^^^^^^^^^^^
  File "C:\python\Lib\site-packages\urllib3\connectionpool.py", line 847, in urlopen
    retries = retries.increment(
              ^^^^^^^^^^^^^^^^^^
  File "C:\python\Lib\site-packages\urllib3\util\retry.py", line 515, in increment
    raise MaxRetryError(_pool, url, reason) from reason  # type: ignore[arg-type]
    ^^^^^^^^^^^^^^^^^^^^^^^^^^^^^^^^^^^^^^^^^^^^^^^^^^^
urllib3.exceptions.MaxRetryError: HTTPSConnectionPool(host='api.telegram.org', port=443): Max retries exceeded with url: /bot6601289362:AAHP8IfBXJ4vczvZKBFvDBBDT752UbwGW0k/getUpdates?offset=609880080&timeout=20 (Caused by NameResolutionError("<urllib3.connection.HTTPSConnection object at 0x00000275186B16D0>: Failed to resolve 'api.telegram.org' ([Errno 11001] getaddrinfo failed)"))

During handling of the above exception, another exception occurred:

Traceback (most recent call last):
  File "C:\python\Lib\site-packages\telebot\__init__.py", line 1081, in infinity_polling
    self.polling(non_stop=True, timeout=timeout, long_polling_timeout=long_polling_timeout,
  File "C:\python\Lib\site-packages\telebot\__init__.py", line 1169, in polling
    self.__threaded_polling(non_stop=non_stop, interval=interval, timeout=timeout, long_polling_timeout=long_polling_timeout,
  File "C:\python\Lib\site-packages\telebot\__init__.py", line 1244, in __threaded_polling
    raise e
  File "C:\python\Lib\site-packages\telebot\__init__.py", line 1205, in __threaded_polling
    polling_thread.raise_exceptions()
  File "C:\python\Lib\site-packages\telebot\util.py", line 111, in raise_exceptions
    raise self.exception_info
  File "C:\python\Lib\site-packages\telebot\util.py", line 93, in run
    task(*args, **kwargs)
  File "C:\python\Lib\site-packages\telebot\__init__.py", line 675, in __retrieve_updates
    updates = self.get_updates(offset=(self.last_update_id + 1),
             ^^^^^^^^^^^^^^^^^^^^^^^^^^^^^^^^^^^^^^^^^^^^^^^^^^^
  File "C:\python\Lib\site-packages\telebot\__init__.py", line 647, in get_updates
    json_updates = apihelper.get_updates(
                   ^^^^^^^^^^^^^^^^^^^^^^
  File "C:\python\Lib\site-packages\telebot\apihelper.py", line 327, in get_updates
    return _make_request(token, method_url, params=payload)
           ^^^^^^^^^^^^^^^^^^^^^^^^^^^^^^^^^^^^^^^^^^^^^^^^
  File "C:\python\Lib\site-packages\telebot\apihelper.py", line 161, in _make_request
    result = _get_req_session().request(
             ^^^^^^^^^^^^^^^^^^^^^^^^^^^
  File "C:\python\Lib\site-packages\requests\sessions.py", line 589, in request
    resp = self.send(prep, **send_kwargs)
           ^^^^^^^^^^^^^^^^^^^^^^^^^^^^^^
  File "C:\python\Lib\site-packages\requests\sessions.py", line 703, in send
    r = adapter.send(request, **kwargs)
        ^^^^^^^^^^^^^^^^^^^^^^^^^^^^^^^
  File "C:\python\Lib\site-packages\requests\adapters.py", line 519, in send
    raise ConnectionError(e, request=request)
requests.exceptions.ConnectionError: HTTPSConnectionPool(host='api.telegram.org', port=443): Max retries exceeded with url: /bot6601289362:AAHP8IfBXJ4vczvZKBFvDBBDT752UbwGW0k/getUpdates?offset=609880080&timeout=20 (Caused by NameResolutionError("<urllib3.connection.HTTPSConnection object at 0x00000275186B16D0>: Failed to resolve 'api.telegram.org' ([Errno 11001] getaddrinfo failed)"))

2024-04-25 16:03:43,079 - TeleBot - ERROR - Infinity polling exception: HTTPSConnectionPool(host='api.telegram.org', port=443): Max retries exceeded with url: /bot6601289362:AAHP8IfBXJ4vczvZKBFvDBBDT752UbwGW0k/getUpdates?offset=609880080&timeout=20 (Caused by NameResolutionError("<urllib3.connection.HTTPSConnection object at 0x00000275186C3D10>: Failed to resolve 'api.telegram.org' ([Errno 11001] getaddrinfo failed)"))
2024-04-25 16:03:43,081 - TeleBot - ERROR - Exception traceback:
Traceback (most recent call last):
  File "C:\python\Lib\site-packages\urllib3\connection.py", line 198, in _new_conn
    sock = connection.create_connection(
           ^^^^^^^^^^^^^^^^^^^^^^^^^^^^^
  File "C:\python\Lib\site-packages\urllib3\util\connection.py", line 60, in create_connection
    for res in socket.getaddrinfo(host, port, family, socket.SOCK_STREAM):
               ^^^^^^^^^^^^^^^^^^^^^^^^^^^^^^^^^^^^^^^^^^^^^^^^^^^^^^^^^^
  File "C:\python\Lib\socket.py", line 962, in getaddrinfo
    for res in _socket.getaddrinfo(host, port, family, type, proto, flags):
               ^^^^^^^^^^^^^^^^^^^^^^^^^^^^^^^^^^^^^^^^^^^^^^^^^^^^^^^^^^^
socket.gaierror: [Errno 11001] getaddrinfo failed

The above exception was the direct cause of the following exception:

Traceback (most recent call last):
  File "C:\python\Lib\site-packages\urllib3\connectionpool.py", line 793, in urlopen
    response = self._make_request(
               ^^^^^^^^^^^^^^^^^^^
  File "C:\python\Lib\site-packages\urllib3\connectionpool.py", line 491, in _make_request
    raise new_e
  File "C:\python\Lib\site-packages\urllib3\connectionpool.py", line 467, in _make_request
    self._validate_conn(conn)
  File "C:\python\Lib\site-packages\urllib3\connectionpool.py", line 1099, in _validate_conn
    conn.connect()
  File "C:\python\Lib\site-packages\urllib3\connection.py", line 616, in connect
    self.sock = sock = self._new_conn()
                       ^^^^^^^^^^^^^^^^
  File "C:\python\Lib\site-packages\urllib3\connection.py", line 205, in _new_conn
    raise NameResolutionError(self.host, self, e) from e
urllib3.exceptions.NameResolutionError: <urllib3.connection.HTTPSConnection object at 0x00000275186C3D10>: Failed to resolve 'api.telegram.org' ([Errno 11001] getaddrinfo failed)

The above exception was the direct cause of the following exception:

Traceback (most recent call last):
  File "C:\python\Lib\site-packages\requests\adapters.py", line 486, in send
    resp = conn.urlopen(
           ^^^^^^^^^^^^^
  File "C:\python\Lib\site-packages\urllib3\connectionpool.py", line 847, in urlopen
    retries = retries.increment(
              ^^^^^^^^^^^^^^^^^^
  File "C:\python\Lib\site-packages\urllib3\util\retry.py", line 515, in increment
    raise MaxRetryError(_pool, url, reason) from reason  # type: ignore[arg-type]
    ^^^^^^^^^^^^^^^^^^^^^^^^^^^^^^^^^^^^^^^^^^^^^^^^^^^
urllib3.exceptions.MaxRetryError: HTTPSConnectionPool(host='api.telegram.org', port=443): Max retries exceeded with url: /bot6601289362:AAHP8IfBXJ4vczvZKBFvDBBDT752UbwGW0k/getUpdates?offset=609880080&timeout=20 (Caused by NameResolutionError("<urllib3.connection.HTTPSConnection object at 0x00000275186C3D10>: Failed to resolve 'api.telegram.org' ([Errno 11001] getaddrinfo failed)"))

During handling of the above exception, another exception occurred:

Traceback (most recent call last):
  File "C:\python\Lib\site-packages\telebot\__init__.py", line 1081, in infinity_polling
    self.polling(non_stop=True, timeout=timeout, long_polling_timeout=long_polling_timeout,
  File "C:\python\Lib\site-packages\telebot\__init__.py", line 1169, in polling
    self.__threaded_polling(non_stop=non_stop, interval=interval, timeout=timeout, long_polling_timeout=long_polling_timeout,
  File "C:\python\Lib\site-packages\telebot\__init__.py", line 1244, in __threaded_polling
    raise e
  File "C:\python\Lib\site-packages\telebot\__init__.py", line 1205, in __threaded_polling
    polling_thread.raise_exceptions()
  File "C:\python\Lib\site-packages\telebot\util.py", line 111, in raise_exceptions
    raise self.exception_info
  File "C:\python\Lib\site-packages\telebot\util.py", line 93, in run
    task(*args, **kwargs)
  File "C:\python\Lib\site-packages\telebot\__init__.py", line 675, in __retrieve_updates
    updates = self.get_updates(offset=(self.last_update_id + 1),
             ^^^^^^^^^^^^^^^^^^^^^^^^^^^^^^^^^^^^^^^^^^^^^^^^^^^
  File "C:\python\Lib\site-packages\telebot\__init__.py", line 647, in get_updates
    json_updates = apihelper.get_updates(
                   ^^^^^^^^^^^^^^^^^^^^^^
  File "C:\python\Lib\site-packages\telebot\apihelper.py", line 327, in get_updates
    return _make_request(token, method_url, params=payload)
           ^^^^^^^^^^^^^^^^^^^^^^^^^^^^^^^^^^^^^^^^^^^^^^^^
  File "C:\python\Lib\site-packages\telebot\apihelper.py", line 161, in _make_request
    result = _get_req_session().request(
             ^^^^^^^^^^^^^^^^^^^^^^^^^^^
  File "C:\python\Lib\site-packages\requests\sessions.py", line 589, in request
    resp = self.send(prep, **send_kwargs)
           ^^^^^^^^^^^^^^^^^^^^^^^^^^^^^^
  File "C:\python\Lib\site-packages\requests\sessions.py", line 703, in send
    r = adapter.send(request, **kwargs)
        ^^^^^^^^^^^^^^^^^^^^^^^^^^^^^^^
  File "C:\python\Lib\site-packages\requests\adapters.py", line 519, in send
    raise ConnectionError(e, request=request)
requests.exceptions.ConnectionError: HTTPSConnectionPool(host='api.telegram.org', port=443): Max retries exceeded with url: /bot6601289362:AAHP8IfBXJ4vczvZKBFvDBBDT752UbwGW0k/getUpdates?offset=609880080&timeout=20 (Caused by NameResolutionError("<urllib3.connection.HTTPSConnection object at 0x00000275186C3D10>: Failed to resolve 'api.telegram.org' ([Errno 11001] getaddrinfo failed)"))

2024-04-25 16:03:46,090 - TeleBot - ERROR - Infinity polling exception: HTTPSConnectionPool(host='api.telegram.org', port=443): Max retries exceeded with url: /bot6601289362:AAHP8IfBXJ4vczvZKBFvDBBDT752UbwGW0k/getUpdates?offset=609880080&timeout=20 (Caused by NameResolutionError("<urllib3.connection.HTTPSConnection object at 0x00000275186CEBD0>: Failed to resolve 'api.telegram.org' ([Errno 11001] getaddrinfo failed)"))
2024-04-25 16:03:46,092 - TeleBot - ERROR - Exception traceback:
Traceback (most recent call last):
  File "C:\python\Lib\site-packages\urllib3\connection.py", line 198, in _new_conn
    sock = connection.create_connection(
           ^^^^^^^^^^^^^^^^^^^^^^^^^^^^^
  File "C:\python\Lib\site-packages\urllib3\util\connection.py", line 60, in create_connection
    for res in socket.getaddrinfo(host, port, family, socket.SOCK_STREAM):
               ^^^^^^^^^^^^^^^^^^^^^^^^^^^^^^^^^^^^^^^^^^^^^^^^^^^^^^^^^^
  File "C:\python\Lib\socket.py", line 962, in getaddrinfo
    for res in _socket.getaddrinfo(host, port, family, type, proto, flags):
               ^^^^^^^^^^^^^^^^^^^^^^^^^^^^^^^^^^^^^^^^^^^^^^^^^^^^^^^^^^^
socket.gaierror: [Errno 11001] getaddrinfo failed

The above exception was the direct cause of the following exception:

Traceback (most recent call last):
  File "C:\python\Lib\site-packages\urllib3\connectionpool.py", line 793, in urlopen
    response = self._make_request(
               ^^^^^^^^^^^^^^^^^^^
  File "C:\python\Lib\site-packages\urllib3\connectionpool.py", line 491, in _make_request
    raise new_e
  File "C:\python\Lib\site-packages\urllib3\connectionpool.py", line 467, in _make_request
    self._validate_conn(conn)
  File "C:\python\Lib\site-packages\urllib3\connectionpool.py", line 1099, in _validate_conn
    conn.connect()
  File "C:\python\Lib\site-packages\urllib3\connection.py", line 616, in connect
    self.sock = sock = self._new_conn()
                       ^^^^^^^^^^^^^^^^
  File "C:\python\Lib\site-packages\urllib3\connection.py", line 205, in _new_conn
    raise NameResolutionError(self.host, self, e) from e
urllib3.exceptions.NameResolutionError: <urllib3.connection.HTTPSConnection object at 0x00000275186CEBD0>: Failed to resolve 'api.telegram.org' ([Errno 11001] getaddrinfo failed)

The above exception was the direct cause of the following exception:

Traceback (most recent call last):
  File "C:\python\Lib\site-packages\requests\adapters.py", line 486, in send
    resp = conn.urlopen(
           ^^^^^^^^^^^^^
  File "C:\python\Lib\site-packages\urllib3\connectionpool.py", line 847, in urlopen
    retries = retries.increment(
              ^^^^^^^^^^^^^^^^^^
  File "C:\python\Lib\site-packages\urllib3\util\retry.py", line 515, in increment
    raise MaxRetryError(_pool, url, reason) from reason  # type: ignore[arg-type]
    ^^^^^^^^^^^^^^^^^^^^^^^^^^^^^^^^^^^^^^^^^^^^^^^^^^^
urllib3.exceptions.MaxRetryError: HTTPSConnectionPool(host='api.telegram.org', port=443): Max retries exceeded with url: /bot6601289362:AAHP8IfBXJ4vczvZKBFvDBBDT752UbwGW0k/getUpdates?offset=609880080&timeout=20 (Caused by NameResolutionError("<urllib3.connection.HTTPSConnection object at 0x00000275186CEBD0>: Failed to resolve 'api.telegram.org' ([Errno 11001] getaddrinfo failed)"))

During handling of the above exception, another exception occurred:

Traceback (most recent call last):
  File "C:\python\Lib\site-packages\telebot\__init__.py", line 1081, in infinity_polling
    self.polling(non_stop=True, timeout=timeout, long_polling_timeout=long_polling_timeout,
  File "C:\python\Lib\site-packages\telebot\__init__.py", line 1169, in polling
    self.__threaded_polling(non_stop=non_stop, interval=interval, timeout=timeout, long_polling_timeout=long_polling_timeout,
  File "C:\python\Lib\site-packages\telebot\__init__.py", line 1244, in __threaded_polling
    raise e
  File "C:\python\Lib\site-packages\telebot\__init__.py", line 1205, in __threaded_polling
    polling_thread.raise_exceptions()
  File "C:\python\Lib\site-packages\telebot\util.py", line 111, in raise_exceptions
    raise self.exception_info
  File "C:\python\Lib\site-packages\telebot\util.py", line 93, in run
    task(*args, **kwargs)
  File "C:\python\Lib\site-packages\telebot\__init__.py", line 675, in __retrieve_updates
    updates = self.get_updates(offset=(self.last_update_id + 1),
             ^^^^^^^^^^^^^^^^^^^^^^^^^^^^^^^^^^^^^^^^^^^^^^^^^^^
  File "C:\python\Lib\site-packages\telebot\__init__.py", line 647, in get_updates
    json_updates = apihelper.get_updates(
                   ^^^^^^^^^^^^^^^^^^^^^^
  File "C:\python\Lib\site-packages\telebot\apihelper.py", line 327, in get_updates
    return _make_request(token, method_url, params=payload)
           ^^^^^^^^^^^^^^^^^^^^^^^^^^^^^^^^^^^^^^^^^^^^^^^^
  File "C:\python\Lib\site-packages\telebot\apihelper.py", line 161, in _make_request
    result = _get_req_session().request(
             ^^^^^^^^^^^^^^^^^^^^^^^^^^^
  File "C:\python\Lib\site-packages\requests\sessions.py", line 589, in request
    resp = self.send(prep, **send_kwargs)
           ^^^^^^^^^^^^^^^^^^^^^^^^^^^^^^
  File "C:\python\Lib\site-packages\requests\sessions.py", line 703, in send
    r = adapter.send(request, **kwargs)
        ^^^^^^^^^^^^^^^^^^^^^^^^^^^^^^^
  File "C:\python\Lib\site-packages\requests\adapters.py", line 519, in send
    raise ConnectionError(e, request=request)
requests.exceptions.ConnectionError: HTTPSConnectionPool(host='api.telegram.org', port=443): Max retries exceeded with url: /bot6601289362:AAHP8IfBXJ4vczvZKBFvDBBDT752UbwGW0k/getUpdates?offset=609880080&timeout=20 (Caused by NameResolutionError("<urllib3.connection.HTTPSConnection object at 0x00000275186CEBD0>: Failed to resolve 'api.telegram.org' ([Errno 11001] getaddrinfo failed)"))

2024-04-25 20:38:54,709 - TeleBot - ERROR - Infinity polling exception: HTTPSConnectionPool(host='api.telegram.org', port=443): Read timed out. (read timeout=25)
2024-04-25 20:38:54,717 - TeleBot - ERROR - Exception traceback:
Traceback (most recent call last):
  File "C:\python\Lib\site-packages\urllib3\connectionpool.py", line 537, in _make_request
    response = conn.getresponse()
               ^^^^^^^^^^^^^^^^^^
  File "C:\python\Lib\site-packages\urllib3\connection.py", line 466, in getresponse
    httplib_response = super().getresponse()
                       ^^^^^^^^^^^^^^^^^^^^^
  File "C:\python\Lib\http\client.py", line 1378, in getresponse
    response.begin()
  File "C:\python\Lib\http\client.py", line 318, in begin
    version, status, reason = self._read_status()
                              ^^^^^^^^^^^^^^^^^^^
  File "C:\python\Lib\http\client.py", line 279, in _read_status
    line = str(self.fp.readline(_MAXLINE + 1), "iso-8859-1")
               ^^^^^^^^^^^^^^^^^^^^^^^^^^^^^^
  File "C:\python\Lib\socket.py", line 706, in readinto
    return self._sock.recv_into(b)
           ^^^^^^^^^^^^^^^^^^^^^^^
  File "C:\python\Lib\ssl.py", line 1311, in recv_into
    return self.read(nbytes, buffer)
           ^^^^^^^^^^^^^^^^^^^^^^^^^
  File "C:\python\Lib\ssl.py", line 1167, in read
    return self._sslobj.read(len, buffer)
           ^^^^^^^^^^^^^^^^^^^^^^^^^^^^^^
TimeoutError: The read operation timed out

The above exception was the direct cause of the following exception:

Traceback (most recent call last):
  File "C:\python\Lib\site-packages\requests\adapters.py", line 486, in send
    resp = conn.urlopen(
           ^^^^^^^^^^^^^
  File "C:\python\Lib\site-packages\urllib3\connectionpool.py", line 847, in urlopen
    retries = retries.increment(
              ^^^^^^^^^^^^^^^^^^
  File "C:\python\Lib\site-packages\urllib3\util\retry.py", line 470, in increment
    raise reraise(type(error), error, _stacktrace)
          ^^^^^^^^^^^^^^^^^^^^^^^^^^^^^^^^^^^^^^^^
  File "C:\python\Lib\site-packages\urllib3\util\util.py", line 39, in reraise
    raise value
  File "C:\python\Lib\site-packages\urllib3\connectionpool.py", line 793, in urlopen
    response = self._make_request(
               ^^^^^^^^^^^^^^^^^^^
  File "C:\python\Lib\site-packages\urllib3\connectionpool.py", line 539, in _make_request
    self._raise_timeout(err=e, url=url, timeout_value=read_timeout)
  File "C:\python\Lib\site-packages\urllib3\connectionpool.py", line 370, in _raise_timeout
    raise ReadTimeoutError(
urllib3.exceptions.ReadTimeoutError: HTTPSConnectionPool(host='api.telegram.org', port=443): Read timed out. (read timeout=25)

During handling of the above exception, another exception occurred:

Traceback (most recent call last):
  File "C:\python\Lib\site-packages\telebot\__init__.py", line 1081, in infinity_polling
    self.polling(non_stop=True, timeout=timeout, long_polling_timeout=long_polling_timeout,
  File "C:\python\Lib\site-packages\telebot\__init__.py", line 1169, in polling
    self.__threaded_polling(non_stop=non_stop, interval=interval, timeout=timeout, long_polling_timeout=long_polling_timeout,
  File "C:\python\Lib\site-packages\telebot\__init__.py", line 1244, in __threaded_polling
    raise e
  File "C:\python\Lib\site-packages\telebot\__init__.py", line 1205, in __threaded_polling
    polling_thread.raise_exceptions()
  File "C:\python\Lib\site-packages\telebot\util.py", line 111, in raise_exceptions
    raise self.exception_info
  File "C:\python\Lib\site-packages\telebot\util.py", line 93, in run
    task(*args, **kwargs)
  File "C:\python\Lib\site-packages\telebot\__init__.py", line 675, in __retrieve_updates
    updates = self.get_updates(offset=(self.last_update_id + 1),
             ^^^^^^^^^^^^^^^^^^^^^^^^^^^^^^^^^^^^^^^^^^^^^^^^^^^
  File "C:\python\Lib\site-packages\telebot\__init__.py", line 647, in get_updates
    json_updates = apihelper.get_updates(
                   ^^^^^^^^^^^^^^^^^^^^^^
  File "C:\python\Lib\site-packages\telebot\apihelper.py", line 327, in get_updates
    return _make_request(token, method_url, params=payload)
           ^^^^^^^^^^^^^^^^^^^^^^^^^^^^^^^^^^^^^^^^^^^^^^^^
  File "C:\python\Lib\site-packages\telebot\apihelper.py", line 161, in _make_request
    result = _get_req_session().request(
             ^^^^^^^^^^^^^^^^^^^^^^^^^^^
  File "C:\python\Lib\site-packages\requests\sessions.py", line 589, in request
    resp = self.send(prep, **send_kwargs)
           ^^^^^^^^^^^^^^^^^^^^^^^^^^^^^^
  File "C:\python\Lib\site-packages\requests\sessions.py", line 703, in send
    r = adapter.send(request, **kwargs)
        ^^^^^^^^^^^^^^^^^^^^^^^^^^^^^^^
  File "C:\python\Lib\site-packages\requests\adapters.py", line 532, in send
    raise ReadTimeout(e, request=request)
requests.exceptions.ReadTimeout: HTTPSConnectionPool(host='api.telegram.org', port=443): Read timed out. (read timeout=25)

2024-04-29 17:33:03,991 - __main__ - INFO - User 124256749 started the bot
2024-04-29 17:33:10,705 - __main__ - INFO - User 124256749 requested to see aluminium table
2024-04-29 17:33:13,021 - __main__ - INFO - User 124256749 requested to see aluminium residue
2024-04-29 17:33:15,830 - __main__ - INFO - User 124256749 requested to see storage table
2024-04-29 17:33:17,207 - __main__ - INFO - User 124256749 requested to see our storage
2024-04-29 17:33:20,980 - __main__ - INFO - User 124256749 requested to see dima storage
2024-04-29 17:33:43,341 - TeleBot - ERROR - Infinity polling: polling exited
2024-04-29 17:33:43,341 - TeleBot - ERROR - Break infinity polling
2024-04-29 17:44:14,210 - __main__ - INFO - User 124256749 started the bot
2024-04-29 17:44:16,850 - __main__ - INFO - User 124256749 requested to add processed product
2024-04-29 17:44:19,170 - __main__ - INFO - User 124256749 requested to see aluminium residue
2024-04-29 17:44:51,300 - TeleBot - ERROR - Infinity polling: polling exited
2024-04-29 17:44:51,300 - TeleBot - ERROR - Break infinity polling
2024-04-29 17:44:54,251 - __main__ - INFO - User 124256749 requested to see aluminium residue
2024-04-29 17:45:11,747 - TeleBot - ERROR - Infinity polling: polling exited
2024-04-29 17:45:11,747 - TeleBot - ERROR - Break infinity polling
2024-04-29 17:45:35,808 - __main__ - INFO - User 124256749 started the bot
2024-04-29 17:45:38,029 - __main__ - INFO - User 124256749 requested to add processed product
2024-04-29 17:45:42,488 - __main__ - WARNING - Unknown command received from user 124256749
2024-04-29 17:45:45,764 - __main__ - INFO - User 124256749 started the bot
2024-04-29 17:45:47,561 - __main__ - INFO - User 124256749 requested to add processed product
2024-04-29 20:53:28,887 - TeleBot - ERROR - Infinity polling: polling exited
2024-04-29 20:53:28,887 - TeleBot - ERROR - Break infinity polling
2024-04-29 20:53:34,490 - __main__ - INFO - User 124256749 requested to add processed product
2024-04-29 20:53:39,885 - TeleBot - ERROR - Infinity polling exception: handle_product() takes 2 positional arguments but 3 were given
2024-04-29 20:53:39,889 - TeleBot - ERROR - Exception traceback:
Traceback (most recent call last):
  File "C:\python\Lib\site-packages\telebot\__init__.py", line 1081, in infinity_polling
    self.polling(non_stop=True, timeout=timeout, long_polling_timeout=long_polling_timeout,
  File "C:\python\Lib\site-packages\telebot\__init__.py", line 1169, in polling
    self.__threaded_polling(non_stop=non_stop, interval=interval, timeout=timeout, long_polling_timeout=long_polling_timeout,
  File "C:\python\Lib\site-packages\telebot\__init__.py", line 1244, in __threaded_polling
    raise e
  File "C:\python\Lib\site-packages\telebot\__init__.py", line 1206, in __threaded_polling
    self.worker_pool.raise_exceptions()
  File "C:\python\Lib\site-packages\telebot\util.py", line 150, in raise_exceptions
    raise self.exception_info
  File "C:\python\Lib\site-packages\telebot\util.py", line 93, in run
    task(*args, **kwargs)
  File "D:\\tele_bot\app\bot\sales.py", line 29, in <lambda>
    bot.register_next_step_handler(msg, lambda message: handle_product(message, cursor, bot))
                                                        ^^^^^^^^^^^^^^^^^^^^^^^^^^^^^^^^^^^^
TypeError: handle_product() takes 2 positional arguments but 3 were given

2024-04-29 20:54:58,668 - TeleBot - ERROR - Infinity polling: polling exited
2024-04-29 20:54:58,669 - TeleBot - ERROR - Break infinity polling
2024-04-29 20:55:02,957 - __main__ - INFO - User 124256749 requested to add processed product
2024-04-29 20:55:04,438 - TeleBot - ERROR - Infinity polling exception: 'NoneType' object is not subscriptable
2024-04-29 20:55:04,442 - TeleBot - ERROR - Exception traceback:
Traceback (most recent call last):
  File "C:\python\Lib\site-packages\telebot\__init__.py", line 1081, in infinity_polling
    self.polling(non_stop=True, timeout=timeout, long_polling_timeout=long_polling_timeout,
  File "C:\python\Lib\site-packages\telebot\__init__.py", line 1169, in polling
    self.__threaded_polling(non_stop=non_stop, interval=interval, timeout=timeout, long_polling_timeout=long_polling_timeout,
  File "C:\python\Lib\site-packages\telebot\__init__.py", line 1244, in __threaded_polling
    raise e
  File "C:\python\Lib\site-packages\telebot\__init__.py", line 1206, in __threaded_polling
    self.worker_pool.raise_exceptions()
  File "C:\python\Lib\site-packages\telebot\util.py", line 150, in raise_exceptions
    raise self.exception_info
  File "C:\python\Lib\site-packages\telebot\util.py", line 93, in run
    task(*args, **kwargs)
  File "D:\\tele_bot\app\bot\sales.py", line 29, in <lambda>
    bot.register_next_step_handler(msg, lambda message: handle_product(message,bot))
                                                        ^^^^^^^^^^^^^^^^^^^^^^^^^^^
  File "D:\\tele_bot\app\bot\sales.py", line 70, in handle_product
    product_id = str(row[0])
                     ~~~^^^
TypeError: 'NoneType' object is not subscriptable

2024-04-29 20:56:40,299 - TeleBot - ERROR - Infinity polling: polling exited
2024-04-29 20:56:40,299 - TeleBot - ERROR - Break infinity polling
2024-04-29 20:56:44,006 - __main__ - INFO - User 124256749 requested to add processed product
2024-04-29 20:56:45,579 - TeleBot - ERROR - Infinity polling exception: 'NoneType' object is not subscriptable
2024-04-29 20:56:45,582 - TeleBot - ERROR - Exception traceback:
Traceback (most recent call last):
  File "C:\python\Lib\site-packages\telebot\__init__.py", line 1081, in infinity_polling
    self.polling(non_stop=True, timeout=timeout, long_polling_timeout=long_polling_timeout,
  File "C:\python\Lib\site-packages\telebot\__init__.py", line 1169, in polling
    self.__threaded_polling(non_stop=non_stop, interval=interval, timeout=timeout, long_polling_timeout=long_polling_timeout,
  File "C:\python\Lib\site-packages\telebot\__init__.py", line 1244, in __threaded_polling
    raise e
  File "C:\python\Lib\site-packages\telebot\__init__.py", line 1206, in __threaded_polling
    self.worker_pool.raise_exceptions()
  File "C:\python\Lib\site-packages\telebot\util.py", line 150, in raise_exceptions
    raise self.exception_info
  File "C:\python\Lib\site-packages\telebot\util.py", line 93, in run
    task(*args, **kwargs)
  File "D:\\tele_bot\app\bot\sales.py", line 29, in <lambda>
    bot.register_next_step_handler(msg, lambda message: handle_product(message,bot))
                                                        ^^^^^^^^^^^^^^^^^^^^^^^^^^^
  File "D:\\tele_bot\app\bot\sales.py", line 70, in handle_product
    product_id = str(row[0])
                     ~~~^^^
TypeError: 'NoneType' object is not subscriptable

2024-04-29 20:57:00,601 - TeleBot - ERROR - Infinity polling: polling exited
2024-04-29 20:57:00,602 - TeleBot - ERROR - Break infinity polling
2024-04-29 20:57:28,134 - TeleBot - ERROR - Infinity polling: polling exited
2024-04-29 20:57:28,135 - TeleBot - ERROR - Break infinity polling
2024-04-29 20:57:31,832 - __main__ - INFO - User 124256749 requested to add processed product
2024-04-29 20:57:32,812 - TeleBot - ERROR - Infinity polling exception: 'NoneType' object is not subscriptable
2024-04-29 20:57:32,816 - TeleBot - ERROR - Exception traceback:
Traceback (most recent call last):
  File "C:\python\Lib\site-packages\telebot\__init__.py", line 1081, in infinity_polling
    self.polling(non_stop=True, timeout=timeout, long_polling_timeout=long_polling_timeout,
  File "C:\python\Lib\site-packages\telebot\__init__.py", line 1169, in polling
    self.__threaded_polling(non_stop=non_stop, interval=interval, timeout=timeout, long_polling_timeout=long_polling_timeout,
  File "C:\python\Lib\site-packages\telebot\__init__.py", line 1244, in __threaded_polling
    raise e
  File "C:\python\Lib\site-packages\telebot\__init__.py", line 1206, in __threaded_polling
    self.worker_pool.raise_exceptions()
  File "C:\python\Lib\site-packages\telebot\util.py", line 150, in raise_exceptions
    raise self.exception_info
  File "C:\python\Lib\site-packages\telebot\util.py", line 93, in run
    task(*args, **kwargs)
  File "D:\\tele_bot\app\bot\sales.py", line 29, in <lambda>
    bot.register_next_step_handler(msg, lambda message: handle_product(message,bot))
                                                        ^^^^^^^^^^^^^^^^^^^^^^^^^^^
  File "D:\\tele_bot\app\bot\sales.py", line 70, in handle_product
    product_id = row[0]
                 ~~~^^^
TypeError: 'NoneType' object is not subscriptable

2024-04-29 20:59:11,687 - TeleBot - ERROR - Infinity polling: polling exited
2024-04-29 20:59:11,688 - TeleBot - ERROR - Break infinity polling
2024-04-29 20:59:18,560 - __main__ - INFO - User 124256749 requested to add processed product
2024-04-29 21:00:28,513 - __main__ - INFO - User 124256749 requested to add processed product
2024-04-29 21:01:15,318 - TeleBot - ERROR - Infinity polling: polling exited
2024-04-29 21:01:15,320 - TeleBot - ERROR - Break infinity polling
2024-04-29 21:01:19,497 - __main__ - WARNING - Unknown command received from user 124256749
2024-04-29 21:01:24,693 - __main__ - INFO - User 124256749 requested to add processed product
2024-04-29 21:02:22,243 - TeleBot - ERROR - Infinity polling: polling exited
2024-04-29 21:02:22,243 - TeleBot - ERROR - Break infinity polling
2024-04-29 21:02:29,185 - __main__ - INFO - User 124256749 requested to add processed product
2024-04-29 21:05:34,207 - TeleBot - ERROR - Infinity polling: polling exited
2024-04-29 21:05:34,209 - TeleBot - ERROR - Break infinity polling
2024-04-29 21:05:44,271 - __main__ - INFO - User 124256749 started the bot
2024-04-29 21:05:46,279 - __main__ - INFO - User 124256749 requested to add processed product
2024-04-29 21:05:48,150 - __main__ - INFO - User 124256749 requested to add processed product
2024-04-29 21:08:52,099 - TeleBot - ERROR - Infinity polling: polling exited
2024-04-29 21:08:52,099 - TeleBot - ERROR - Break infinity polling
2024-04-29 21:08:55,978 - __main__ - INFO - User 124256749 requested to add processed product
2024-04-29 21:09:49,117 - TeleBot - ERROR - Infinity polling: polling exited
2024-04-29 21:09:49,117 - TeleBot - ERROR - Break infinity polling
2024-04-29 21:09:51,454 - __main__ - INFO - User 124256749 requested to add processed product
2024-04-29 21:21:34,663 - TeleBot - ERROR - Infinity polling exception: HTTPSConnectionPool(host='api.telegram.org', port=443): Read timed out. (read timeout=25)
2024-04-29 21:21:34,666 - TeleBot - ERROR - Exception traceback:
Traceback (most recent call last):
  File "C:\python\Lib\site-packages\urllib3\connectionpool.py", line 537, in _make_request
    response = conn.getresponse()
               ^^^^^^^^^^^^^^^^^^
  File "C:\python\Lib\site-packages\urllib3\connection.py", line 466, in getresponse
    httplib_response = super().getresponse()
                       ^^^^^^^^^^^^^^^^^^^^^
  File "C:\python\Lib\http\client.py", line 1378, in getresponse
    response.begin()
  File "C:\python\Lib\http\client.py", line 318, in begin
    version, status, reason = self._read_status()
                              ^^^^^^^^^^^^^^^^^^^
  File "C:\python\Lib\http\client.py", line 279, in _read_status
    line = str(self.fp.readline(_MAXLINE + 1), "iso-8859-1")
               ^^^^^^^^^^^^^^^^^^^^^^^^^^^^^^
  File "C:\python\Lib\socket.py", line 706, in readinto
    return self._sock.recv_into(b)
           ^^^^^^^^^^^^^^^^^^^^^^^
  File "C:\python\Lib\ssl.py", line 1311, in recv_into
    return self.read(nbytes, buffer)
           ^^^^^^^^^^^^^^^^^^^^^^^^^
  File "C:\python\Lib\ssl.py", line 1167, in read
    return self._sslobj.read(len, buffer)
           ^^^^^^^^^^^^^^^^^^^^^^^^^^^^^^
TimeoutError: The read operation timed out

The above exception was the direct cause of the following exception:

Traceback (most recent call last):
  File "C:\python\Lib\site-packages\requests\adapters.py", line 486, in send
    resp = conn.urlopen(
           ^^^^^^^^^^^^^
  File "C:\python\Lib\site-packages\urllib3\connectionpool.py", line 847, in urlopen
    retries = retries.increment(
              ^^^^^^^^^^^^^^^^^^
  File "C:\python\Lib\site-packages\urllib3\util\retry.py", line 470, in increment
    raise reraise(type(error), error, _stacktrace)
          ^^^^^^^^^^^^^^^^^^^^^^^^^^^^^^^^^^^^^^^^
  File "C:\python\Lib\site-packages\urllib3\util\util.py", line 39, in reraise
    raise value
  File "C:\python\Lib\site-packages\urllib3\connectionpool.py", line 793, in urlopen
    response = self._make_request(
               ^^^^^^^^^^^^^^^^^^^
  File "C:\python\Lib\site-packages\urllib3\connectionpool.py", line 539, in _make_request
    self._raise_timeout(err=e, url=url, timeout_value=read_timeout)
  File "C:\python\Lib\site-packages\urllib3\connectionpool.py", line 370, in _raise_timeout
    raise ReadTimeoutError(
urllib3.exceptions.ReadTimeoutError: HTTPSConnectionPool(host='api.telegram.org', port=443): Read timed out. (read timeout=25)

During handling of the above exception, another exception occurred:

Traceback (most recent call last):
  File "C:\python\Lib\site-packages\telebot\__init__.py", line 1081, in infinity_polling
    self.polling(non_stop=True, timeout=timeout, long_polling_timeout=long_polling_timeout,
  File "C:\python\Lib\site-packages\telebot\__init__.py", line 1169, in polling
    self.__threaded_polling(non_stop=non_stop, interval=interval, timeout=timeout, long_polling_timeout=long_polling_timeout,
  File "C:\python\Lib\site-packages\telebot\__init__.py", line 1244, in __threaded_polling
    raise e
  File "C:\python\Lib\site-packages\telebot\__init__.py", line 1205, in __threaded_polling
    polling_thread.raise_exceptions()
  File "C:\python\Lib\site-packages\telebot\util.py", line 111, in raise_exceptions
    raise self.exception_info
  File "C:\python\Lib\site-packages\telebot\util.py", line 93, in run
    task(*args, **kwargs)
  File "C:\python\Lib\site-packages\telebot\__init__.py", line 675, in __retrieve_updates
    updates = self.get_updates(offset=(self.last_update_id + 1),
             ^^^^^^^^^^^^^^^^^^^^^^^^^^^^^^^^^^^^^^^^^^^^^^^^^^^
  File "C:\python\Lib\site-packages\telebot\__init__.py", line 647, in get_updates
    json_updates = apihelper.get_updates(
                   ^^^^^^^^^^^^^^^^^^^^^^
  File "C:\python\Lib\site-packages\telebot\apihelper.py", line 327, in get_updates
    return _make_request(token, method_url, params=payload)
           ^^^^^^^^^^^^^^^^^^^^^^^^^^^^^^^^^^^^^^^^^^^^^^^^
  File "C:\python\Lib\site-packages\telebot\apihelper.py", line 161, in _make_request
    result = _get_req_session().request(
             ^^^^^^^^^^^^^^^^^^^^^^^^^^^
  File "C:\python\Lib\site-packages\requests\sessions.py", line 589, in request
    resp = self.send(prep, **send_kwargs)
           ^^^^^^^^^^^^^^^^^^^^^^^^^^^^^^
  File "C:\python\Lib\site-packages\requests\sessions.py", line 703, in send
    r = adapter.send(request, **kwargs)
        ^^^^^^^^^^^^^^^^^^^^^^^^^^^^^^^
  File "C:\python\Lib\site-packages\requests\adapters.py", line 532, in send
    raise ReadTimeout(e, request=request)
requests.exceptions.ReadTimeout: HTTPSConnectionPool(host='api.telegram.org', port=443): Read timed out. (read timeout=25)

2024-04-29 21:24:17,230 - TeleBot - ERROR - Infinity polling: polling exited
2024-04-29 21:24:17,230 - TeleBot - ERROR - Break infinity polling
2024-04-29 21:24:24,884 - __main__ - INFO - User 124256749 requested to add processed product
2024-04-29 21:25:06,744 - TeleBot - ERROR - Infinity polling: polling exited
2024-04-29 21:25:06,744 - TeleBot - ERROR - Break infinity polling
2024-04-29 21:25:43,024 - __main__ - INFO - User 124256749 requested to add processed product
2024-04-29 21:25:45,824 - TeleBot - ERROR - Infinity polling exception: 'NoneType' object is not subscriptable
2024-04-29 21:25:45,827 - TeleBot - ERROR - Exception traceback:
Traceback (most recent call last):
  File "C:\python\Lib\site-packages\telebot\__init__.py", line 1081, in infinity_polling
    self.polling(non_stop=True, timeout=timeout, long_polling_timeout=long_polling_timeout,
  File "C:\python\Lib\site-packages\telebot\__init__.py", line 1169, in polling
    self.__threaded_polling(non_stop=non_stop, interval=interval, timeout=timeout, long_polling_timeout=long_polling_timeout,
  File "C:\python\Lib\site-packages\telebot\__init__.py", line 1244, in __threaded_polling
    raise e
  File "C:\python\Lib\site-packages\telebot\__init__.py", line 1206, in __threaded_polling
    self.worker_pool.raise_exceptions()
  File "C:\python\Lib\site-packages\telebot\util.py", line 150, in raise_exceptions
    raise self.exception_info
  File "C:\python\Lib\site-packages\telebot\util.py", line 93, in run
    task(*args, **kwargs)
  File "D:\\tele_bot\app\bot\sales.py", line 35, in <lambda>
    bot.register_next_step_handler(msg, lambda message: handle_customer(message, cursor, bot))
                                                        ^^^^^^^^^^^^^^^^^^^^^^^^^^^^^^^^^^^^^
  File "D:\\tele_bot\app\bot\sales.py", line 46, in handle_customer
    customer_id = str(row[0])
                      ~~~^^^
TypeError: 'NoneType' object is not subscriptable

2024-04-29 21:27:12,868 - TeleBot - ERROR - Infinity polling: polling exited
2024-04-29 21:27:12,868 - TeleBot - ERROR - Break infinity polling
2024-04-29 21:27:18,948 - __main__ - INFO - User 124256749 requested to add processed product
2024-04-29 21:28:05,048 - __main__ - WARNING - Unknown command received from user 124256749
2024-04-29 21:28:06,636 - __main__ - INFO - User 124256749 started the bot
2024-04-29 21:28:08,841 - __main__ - INFO - User 124256749 requested to add processed product
2024-04-29 21:28:10,109 - __main__ - INFO - User 124256749 requested to add processed product
2024-04-29 21:28:36,189 - __main__ - WARNING - Unknown command received from user 124256749
2024-04-29 21:28:38,737 - __main__ - INFO - User 124256749 started the bot
2024-04-29 21:44:17,914 - TeleBot - ERROR - Infinity polling: polling exited
2024-04-29 21:44:17,914 - TeleBot - ERROR - Break infinity polling
2024-04-29 21:44:23,139 - __main__ - INFO - User 124256749 requested to add processed product
2024-04-29 21:44:26,114 - __main__ - INFO - User 124256749 requested to add processed product
2024-04-29 21:44:27,517 - TeleBot - ERROR - Infinity polling exception: 'Message' object has no attribute 'customer_name'
2024-04-29 21:44:27,521 - TeleBot - ERROR - Exception traceback:
Traceback (most recent call last):
  File "C:\python\Lib\site-packages\telebot\__init__.py", line 1081, in infinity_polling
    self.polling(non_stop=True, timeout=timeout, long_polling_timeout=long_polling_timeout,
  File "C:\python\Lib\site-packages\telebot\__init__.py", line 1169, in polling
    self.__threaded_polling(non_stop=non_stop, interval=interval, timeout=timeout, long_polling_timeout=long_polling_timeout,
  File "C:\python\Lib\site-packages\telebot\__init__.py", line 1244, in __threaded_polling
    raise e
  File "C:\python\Lib\site-packages\telebot\__init__.py", line 1206, in __threaded_polling
    self.worker_pool.raise_exceptions()
  File "C:\python\Lib\site-packages\telebot\util.py", line 150, in raise_exceptions
    raise self.exception_info
  File "C:\python\Lib\site-packages\telebot\util.py", line 93, in run
    task(*args, **kwargs)
  File "D:\\tele_bot\app\bot\sales.py", line 32, in <lambda>
    bot.register_next_step_handler(msg, lambda message: handle_customer(message, cursor, bot))
                                                        ^^^^^^^^^^^^^^^^^^^^^^^^^^^^^^^^^^^^^
  File "D:\\tele_bot\app\bot\sales.py", line 43, in handle_customer
    cursor.execute(f"select id from Customers where name = '{message.customer_name}'")
                                                             ^^^^^^^^^^^^^^^^^^^^^
AttributeError: 'Message' object has no attribute 'customer_name'

2024-04-29 21:44:54,140 - TeleBot - ERROR - Infinity polling: polling exited
2024-04-29 21:44:54,140 - TeleBot - ERROR - Break infinity polling
2024-04-29 21:44:56,542 - __main__ - INFO - User 124256749 requested to add processed product
2024-04-29 21:44:59,430 - TeleBot - ERROR - Infinity polling exception: Attempt to use a closed connection.
2024-04-29 21:44:59,435 - TeleBot - ERROR - Exception traceback:
Traceback (most recent call last):
  File "C:\python\Lib\site-packages\telebot\__init__.py", line 1081, in infinity_polling
    self.polling(non_stop=True, timeout=timeout, long_polling_timeout=long_polling_timeout,
  File "C:\python\Lib\site-packages\telebot\__init__.py", line 1169, in polling
    self.__threaded_polling(non_stop=non_stop, interval=interval, timeout=timeout, long_polling_timeout=long_polling_timeout,
  File "C:\python\Lib\site-packages\telebot\__init__.py", line 1244, in __threaded_polling
    raise e
  File "C:\python\Lib\site-packages\telebot\__init__.py", line 1206, in __threaded_polling
    self.worker_pool.raise_exceptions()
  File "C:\python\Lib\site-packages\telebot\util.py", line 150, in raise_exceptions
    raise self.exception_info
  File "C:\python\Lib\site-packages\telebot\util.py", line 93, in run
    task(*args, **kwargs)
  File "D:\\tele_bot\app\bot\sales.py", line 57, in <lambda>
    bot.register_next_step_handler(msg, lambda message: handle_product(message, bot, customer_id, conn))
                                                        ^^^^^^^^^^^^^^^^^^^^^^^^^^^^^^^^^^^^^^^^^^^^^^^
  File "D:\\tele_bot\app\bot\sales.py", line 68, in handle_product
    cursor = conn.cursor()
             ^^^^^^^^^^^^^
pyodbc.ProgrammingError: Attempt to use a closed connection.

2024-04-29 21:46:52,180 - TeleBot - ERROR - Infinity polling: polling exited
2024-04-29 21:46:52,180 - TeleBot - ERROR - Break infinity polling
2024-04-29 21:46:55,769 - __main__ - INFO - User 124256749 requested to add processed product
2024-04-29 21:46:58,252 - TeleBot - ERROR - Infinity polling exception: Attempt to use a closed connection.
2024-04-29 21:46:58,256 - TeleBot - ERROR - Exception traceback:
Traceback (most recent call last):
  File "C:\python\Lib\site-packages\telebot\__init__.py", line 1081, in infinity_polling
    self.polling(non_stop=True, timeout=timeout, long_polling_timeout=long_polling_timeout,
  File "C:\python\Lib\site-packages\telebot\__init__.py", line 1169, in polling
    self.__threaded_polling(non_stop=non_stop, interval=interval, timeout=timeout, long_polling_timeout=long_polling_timeout,
  File "C:\python\Lib\site-packages\telebot\__init__.py", line 1244, in __threaded_polling
    raise e
  File "C:\python\Lib\site-packages\telebot\__init__.py", line 1206, in __threaded_polling
    self.worker_pool.raise_exceptions()
  File "C:\python\Lib\site-packages\telebot\util.py", line 150, in raise_exceptions
    raise self.exception_info
  File "C:\python\Lib\site-packages\telebot\util.py", line 93, in run
    task(*args, **kwargs)
  File "D:\\tele_bot\app\bot\sales.py", line 57, in <lambda>
    bot.register_next_step_handler(msg, lambda message: handle_product(message, bot, customer_id, conn))
                                                        ^^^^^^^^^^^^^^^^^^^^^^^^^^^^^^^^^^^^^^^^^^^^^^^
  File "D:\\tele_bot\app\bot\sales.py", line 68, in handle_product
    cursor = conn.cursor()
             ^^^^^^^^^^^^^
pyodbc.ProgrammingError: Attempt to use a closed connection.

2024-04-29 21:48:34,424 - TeleBot - ERROR - Infinity polling: polling exited
2024-04-29 21:48:34,424 - TeleBot - ERROR - Break infinity polling
2024-04-29 21:48:48,402 - __main__ - INFO - User 124256749 requested to add processed product
2024-04-29 21:48:52,085 - TeleBot - ERROR - Infinity polling exception: Attempt to use a closed connection.
2024-04-29 21:48:52,090 - TeleBot - ERROR - Exception traceback:
Traceback (most recent call last):
  File "C:\python\Lib\site-packages\telebot\__init__.py", line 1081, in infinity_polling
    self.polling(non_stop=True, timeout=timeout, long_polling_timeout=long_polling_timeout,
  File "C:\python\Lib\site-packages\telebot\__init__.py", line 1169, in polling
    self.__threaded_polling(non_stop=non_stop, interval=interval, timeout=timeout, long_polling_timeout=long_polling_timeout,
  File "C:\python\Lib\site-packages\telebot\__init__.py", line 1244, in __threaded_polling
    raise e
  File "C:\python\Lib\site-packages\telebot\__init__.py", line 1206, in __threaded_polling
    self.worker_pool.raise_exceptions()
  File "C:\python\Lib\site-packages\telebot\util.py", line 150, in raise_exceptions
    raise self.exception_info
  File "C:\python\Lib\site-packages\telebot\util.py", line 93, in run
    task(*args, **kwargs)
  File "D:\\tele_bot\app\bot\sales.py", line 58, in <lambda>
    bot.register_next_step_handler(msg, lambda message: handle_product(message, bot, customer_id, conn))
                                                        ^^^^^^^^^^^^^^^^^^^^^^^^^^^^^^^^^^^^^^^^^^^^^^^
  File "D:\\tele_bot\app\bot\sales.py", line 69, in handle_product
    cursor = conn.cursor()
             ^^^^^^^^^^^^^
pyodbc.ProgrammingError: Attempt to use a closed connection.

2024-04-29 21:49:55,781 - TeleBot - ERROR - Infinity polling: polling exited
2024-04-29 21:49:55,782 - TeleBot - ERROR - Break infinity polling
2024-04-29 21:50:01,664 - __main__ - INFO - User 124256749 requested to add processed product
2024-04-29 21:50:06,910 - TeleBot - ERROR - Infinity polling exception: Attempt to use a closed connection.
2024-04-29 21:50:06,915 - TeleBot - ERROR - Exception traceback:
Traceback (most recent call last):
  File "C:\python\Lib\site-packages\telebot\__init__.py", line 1081, in infinity_polling
    self.polling(non_stop=True, timeout=timeout, long_polling_timeout=long_polling_timeout,
  File "C:\python\Lib\site-packages\telebot\__init__.py", line 1169, in polling
    self.__threaded_polling(non_stop=non_stop, interval=interval, timeout=timeout, long_polling_timeout=long_polling_timeout,
  File "C:\python\Lib\site-packages\telebot\__init__.py", line 1244, in __threaded_polling
    raise e
  File "C:\python\Lib\site-packages\telebot\__init__.py", line 1206, in __threaded_polling
    self.worker_pool.raise_exceptions()
  File "C:\python\Lib\site-packages\telebot\util.py", line 150, in raise_exceptions
    raise self.exception_info
  File "C:\python\Lib\site-packages\telebot\util.py", line 93, in run
    task(*args, **kwargs)
  File "D:\\tele_bot\app\bot\sales.py", line 58, in <lambda>
    bot.register_next_step_handler(msg, lambda message: handle_product(message, bot, customer_id, conn))
                                                        ^^^^^^^^^^^^^^^^^^^^^^^^^^^^^^^^^^^^^^^^^^^^^^^
  File "D:\\tele_bot\app\bot\sales.py", line 68, in handle_product
    cursor = conn.cursor()
             ^^^^^^^^^^^^^
pyodbc.ProgrammingError: Attempt to use a closed connection.

2024-04-29 21:51:30,706 - TeleBot - ERROR - Infinity polling: polling exited
2024-04-29 21:51:30,706 - TeleBot - ERROR - Break infinity polling
2024-04-29 21:51:35,904 - __main__ - INFO - User 124256749 requested to add processed product
2024-04-29 21:52:56,254 - TeleBot - ERROR - Infinity polling: polling exited
2024-04-29 21:52:56,254 - TeleBot - ERROR - Break infinity polling
2024-04-29 21:52:59,589 - __main__ - INFO - User 124256749 started the bot
2024-04-29 21:53:01,377 - __main__ - INFO - User 124256749 requested to add processed product
2024-04-29 21:53:03,258 - __main__ - INFO - User 124256749 requested to add processed product
2024-04-29 21:53:15,671 - __main__ - WARNING - Unknown command received from user 124256749
2024-04-29 21:53:17,997 - __main__ - INFO - User 124256749 started the bot
2024-04-29 21:53:31,776 - __main__ - INFO - User 124256749 requested to see storage table
2024-04-29 21:53:38,037 - __main__ - INFO - User 124256749 requested to see our storage
2024-04-29 21:53:43,114 - __main__ - INFO - User 124256749 requested to see dima storage
2024-04-29 21:55:21,537 - TeleBot - ERROR - Infinity polling: polling exited
2024-04-29 21:55:21,537 - TeleBot - ERROR - Break infinity polling
2024-04-29 21:55:26,662 - __main__ - INFO - User 124256749 started the bot
2024-04-29 21:55:30,128 - __main__ - INFO - User 124256749 requested to add processed product
2024-04-29 21:55:31,914 - __main__ - INFO - User 124256749 requested to add processed product
2024-04-29 21:55:42,551 - __main__ - WARNING - Unknown command received from user 124256749
2024-04-29 21:55:45,376 - __main__ - INFO - User 124256749 started the bot
2024-04-29 21:57:54,614 - TeleBot - ERROR - Infinity polling: polling exited
2024-04-29 21:57:54,614 - TeleBot - ERROR - Break infinity polling
2024-04-29 22:03:50,187 - TeleBot - ERROR - Infinity polling: polling exited
2024-04-29 22:03:50,188 - TeleBot - ERROR - Break infinity polling
2024-04-29 22:03:52,396 - __main__ - INFO - User 6601289362 -  
2024-04-29 22:03:54,890 - __main__ - INFO - User 6601289362 -  
2024-04-29 22:04:12,812 - TeleBot - ERROR - Infinity polling: polling exited
2024-04-29 22:04:12,812 - TeleBot - ERROR - Break infinity polling
2024-04-30 11:38:05,472 - __main__ - WARNING - Unknown command received from user 124256749
2024-04-30 11:38:05,474 - __main__ - INFO - User 124256749 - 
2024-04-30 11:38:16,733 - __main__ - INFO - User 6601289362 -  
2024-04-30 11:38:18,023 - __main__ - INFO - User 6601289362 -  
2024-04-30 12:10:09,492 - TeleBot - ERROR - Infinity polling exception: HTTPSConnectionPool(host='api.telegram.org', port=443): Read timed out. (read timeout=25)
2024-04-30 12:10:09,495 - TeleBot - ERROR - Exception traceback:
Traceback (most recent call last):
  File "C:\python\Lib\site-packages\urllib3\connectionpool.py", line 537, in _make_request
    response = conn.getresponse()
               ^^^^^^^^^^^^^^^^^^
  File "C:\python\Lib\site-packages\urllib3\connection.py", line 466, in getresponse
    httplib_response = super().getresponse()
                       ^^^^^^^^^^^^^^^^^^^^^
  File "C:\python\Lib\http\client.py", line 1378, in getresponse
    response.begin()
  File "C:\python\Lib\http\client.py", line 318, in begin
    version, status, reason = self._read_status()
                              ^^^^^^^^^^^^^^^^^^^
  File "C:\python\Lib\http\client.py", line 279, in _read_status
    line = str(self.fp.readline(_MAXLINE + 1), "iso-8859-1")
               ^^^^^^^^^^^^^^^^^^^^^^^^^^^^^^
  File "C:\python\Lib\socket.py", line 706, in readinto
    return self._sock.recv_into(b)
           ^^^^^^^^^^^^^^^^^^^^^^^
  File "C:\python\Lib\ssl.py", line 1311, in recv_into
    return self.read(nbytes, buffer)
           ^^^^^^^^^^^^^^^^^^^^^^^^^
  File "C:\python\Lib\ssl.py", line 1167, in read
    return self._sslobj.read(len, buffer)
           ^^^^^^^^^^^^^^^^^^^^^^^^^^^^^^
TimeoutError: The read operation timed out

The above exception was the direct cause of the following exception:

Traceback (most recent call last):
  File "C:\python\Lib\site-packages\requests\adapters.py", line 486, in send
    resp = conn.urlopen(
           ^^^^^^^^^^^^^
  File "C:\python\Lib\site-packages\urllib3\connectionpool.py", line 847, in urlopen
    retries = retries.increment(
              ^^^^^^^^^^^^^^^^^^
  File "C:\python\Lib\site-packages\urllib3\util\retry.py", line 470, in increment
    raise reraise(type(error), error, _stacktrace)
          ^^^^^^^^^^^^^^^^^^^^^^^^^^^^^^^^^^^^^^^^
  File "C:\python\Lib\site-packages\urllib3\util\util.py", line 39, in reraise
    raise value
  File "C:\python\Lib\site-packages\urllib3\connectionpool.py", line 793, in urlopen
    response = self._make_request(
               ^^^^^^^^^^^^^^^^^^^
  File "C:\python\Lib\site-packages\urllib3\connectionpool.py", line 539, in _make_request
    self._raise_timeout(err=e, url=url, timeout_value=read_timeout)
  File "C:\python\Lib\site-packages\urllib3\connectionpool.py", line 370, in _raise_timeout
    raise ReadTimeoutError(
urllib3.exceptions.ReadTimeoutError: HTTPSConnectionPool(host='api.telegram.org', port=443): Read timed out. (read timeout=25)

During handling of the above exception, another exception occurred:

Traceback (most recent call last):
  File "C:\python\Lib\site-packages\telebot\__init__.py", line 1081, in infinity_polling
    self.polling(non_stop=True, timeout=timeout, long_polling_timeout=long_polling_timeout,
  File "C:\python\Lib\site-packages\telebot\__init__.py", line 1169, in polling
    self.__threaded_polling(non_stop=non_stop, interval=interval, timeout=timeout, long_polling_timeout=long_polling_timeout,
  File "C:\python\Lib\site-packages\telebot\__init__.py", line 1244, in __threaded_polling
    raise e
  File "C:\python\Lib\site-packages\telebot\__init__.py", line 1205, in __threaded_polling
    polling_thread.raise_exceptions()
  File "C:\python\Lib\site-packages\telebot\util.py", line 111, in raise_exceptions
    raise self.exception_info
  File "C:\python\Lib\site-packages\telebot\util.py", line 93, in run
    task(*args, **kwargs)
  File "C:\python\Lib\site-packages\telebot\__init__.py", line 675, in __retrieve_updates
    updates = self.get_updates(offset=(self.last_update_id + 1),
             ^^^^^^^^^^^^^^^^^^^^^^^^^^^^^^^^^^^^^^^^^^^^^^^^^^^
  File "C:\python\Lib\site-packages\telebot\__init__.py", line 647, in get_updates
    json_updates = apihelper.get_updates(
                   ^^^^^^^^^^^^^^^^^^^^^^
  File "C:\python\Lib\site-packages\telebot\apihelper.py", line 327, in get_updates
    return _make_request(token, method_url, params=payload)
           ^^^^^^^^^^^^^^^^^^^^^^^^^^^^^^^^^^^^^^^^^^^^^^^^
  File "C:\python\Lib\site-packages\telebot\apihelper.py", line 161, in _make_request
    result = _get_req_session().request(
             ^^^^^^^^^^^^^^^^^^^^^^^^^^^
  File "C:\python\Lib\site-packages\requests\sessions.py", line 589, in request
    resp = self.send(prep, **send_kwargs)
           ^^^^^^^^^^^^^^^^^^^^^^^^^^^^^^
  File "C:\python\Lib\site-packages\requests\sessions.py", line 703, in send
    r = adapter.send(request, **kwargs)
        ^^^^^^^^^^^^^^^^^^^^^^^^^^^^^^^
  File "C:\python\Lib\site-packages\requests\adapters.py", line 532, in send
    raise ReadTimeout(e, request=request)
requests.exceptions.ReadTimeout: HTTPSConnectionPool(host='api.telegram.org', port=443): Read timed out. (read timeout=25)

2024-04-30 12:10:12,510 - TeleBot - ERROR - Infinity polling exception: HTTPSConnectionPool(host='api.telegram.org', port=443): Max retries exceeded with url: /bot6601289362:AAHP8IfBXJ4vczvZKBFvDBBDT752UbwGW0k/getUpdates?offset=609880203&timeout=20 (Caused by NameResolutionError("<urllib3.connection.HTTPSConnection object at 0x00000283B11A7550>: Failed to resolve 'api.telegram.org' ([Errno 11001] getaddrinfo failed)"))
2024-04-30 12:10:12,512 - TeleBot - ERROR - Exception traceback:
Traceback (most recent call last):
  File "C:\python\Lib\site-packages\urllib3\connection.py", line 198, in _new_conn
    sock = connection.create_connection(
           ^^^^^^^^^^^^^^^^^^^^^^^^^^^^^
  File "C:\python\Lib\site-packages\urllib3\util\connection.py", line 60, in create_connection
    for res in socket.getaddrinfo(host, port, family, socket.SOCK_STREAM):
               ^^^^^^^^^^^^^^^^^^^^^^^^^^^^^^^^^^^^^^^^^^^^^^^^^^^^^^^^^^
  File "C:\python\Lib\socket.py", line 962, in getaddrinfo
    for res in _socket.getaddrinfo(host, port, family, type, proto, flags):
               ^^^^^^^^^^^^^^^^^^^^^^^^^^^^^^^^^^^^^^^^^^^^^^^^^^^^^^^^^^^
socket.gaierror: [Errno 11001] getaddrinfo failed

The above exception was the direct cause of the following exception:

Traceback (most recent call last):
  File "C:\python\Lib\site-packages\urllib3\connectionpool.py", line 793, in urlopen
    response = self._make_request(
               ^^^^^^^^^^^^^^^^^^^
  File "C:\python\Lib\site-packages\urllib3\connectionpool.py", line 491, in _make_request
    raise new_e
  File "C:\python\Lib\site-packages\urllib3\connectionpool.py", line 467, in _make_request
    self._validate_conn(conn)
  File "C:\python\Lib\site-packages\urllib3\connectionpool.py", line 1099, in _validate_conn
    conn.connect()
  File "C:\python\Lib\site-packages\urllib3\connection.py", line 616, in connect
    self.sock = sock = self._new_conn()
                       ^^^^^^^^^^^^^^^^
  File "C:\python\Lib\site-packages\urllib3\connection.py", line 205, in _new_conn
    raise NameResolutionError(self.host, self, e) from e
urllib3.exceptions.NameResolutionError: <urllib3.connection.HTTPSConnection object at 0x00000283B11A7550>: Failed to resolve 'api.telegram.org' ([Errno 11001] getaddrinfo failed)

The above exception was the direct cause of the following exception:

Traceback (most recent call last):
  File "C:\python\Lib\site-packages\requests\adapters.py", line 486, in send
    resp = conn.urlopen(
           ^^^^^^^^^^^^^
  File "C:\python\Lib\site-packages\urllib3\connectionpool.py", line 847, in urlopen
    retries = retries.increment(
              ^^^^^^^^^^^^^^^^^^
  File "C:\python\Lib\site-packages\urllib3\util\retry.py", line 515, in increment
    raise MaxRetryError(_pool, url, reason) from reason  # type: ignore[arg-type]
    ^^^^^^^^^^^^^^^^^^^^^^^^^^^^^^^^^^^^^^^^^^^^^^^^^^^
urllib3.exceptions.MaxRetryError: HTTPSConnectionPool(host='api.telegram.org', port=443): Max retries exceeded with url: /bot6601289362:AAHP8IfBXJ4vczvZKBFvDBBDT752UbwGW0k/getUpdates?offset=609880203&timeout=20 (Caused by NameResolutionError("<urllib3.connection.HTTPSConnection object at 0x00000283B11A7550>: Failed to resolve 'api.telegram.org' ([Errno 11001] getaddrinfo failed)"))

During handling of the above exception, another exception occurred:

Traceback (most recent call last):
  File "C:\python\Lib\site-packages\telebot\__init__.py", line 1081, in infinity_polling
    self.polling(non_stop=True, timeout=timeout, long_polling_timeout=long_polling_timeout,
  File "C:\python\Lib\site-packages\telebot\__init__.py", line 1169, in polling
    self.__threaded_polling(non_stop=non_stop, interval=interval, timeout=timeout, long_polling_timeout=long_polling_timeout,
  File "C:\python\Lib\site-packages\telebot\__init__.py", line 1244, in __threaded_polling
    raise e
  File "C:\python\Lib\site-packages\telebot\__init__.py", line 1205, in __threaded_polling
    polling_thread.raise_exceptions()
  File "C:\python\Lib\site-packages\telebot\util.py", line 111, in raise_exceptions
    raise self.exception_info
  File "C:\python\Lib\site-packages\telebot\util.py", line 93, in run
    task(*args, **kwargs)
  File "C:\python\Lib\site-packages\telebot\__init__.py", line 675, in __retrieve_updates
    updates = self.get_updates(offset=(self.last_update_id + 1),
             ^^^^^^^^^^^^^^^^^^^^^^^^^^^^^^^^^^^^^^^^^^^^^^^^^^^
  File "C:\python\Lib\site-packages\telebot\__init__.py", line 647, in get_updates
    json_updates = apihelper.get_updates(
                   ^^^^^^^^^^^^^^^^^^^^^^
  File "C:\python\Lib\site-packages\telebot\apihelper.py", line 327, in get_updates
    return _make_request(token, method_url, params=payload)
           ^^^^^^^^^^^^^^^^^^^^^^^^^^^^^^^^^^^^^^^^^^^^^^^^
  File "C:\python\Lib\site-packages\telebot\apihelper.py", line 161, in _make_request
    result = _get_req_session().request(
             ^^^^^^^^^^^^^^^^^^^^^^^^^^^
  File "C:\python\Lib\site-packages\requests\sessions.py", line 589, in request
    resp = self.send(prep, **send_kwargs)
           ^^^^^^^^^^^^^^^^^^^^^^^^^^^^^^
  File "C:\python\Lib\site-packages\requests\sessions.py", line 703, in send
    r = adapter.send(request, **kwargs)
        ^^^^^^^^^^^^^^^^^^^^^^^^^^^^^^^
  File "C:\python\Lib\site-packages\requests\adapters.py", line 519, in send
    raise ConnectionError(e, request=request)
requests.exceptions.ConnectionError: HTTPSConnectionPool(host='api.telegram.org', port=443): Max retries exceeded with url: /bot6601289362:AAHP8IfBXJ4vczvZKBFvDBBDT752UbwGW0k/getUpdates?offset=609880203&timeout=20 (Caused by NameResolutionError("<urllib3.connection.HTTPSConnection object at 0x00000283B11A7550>: Failed to resolve 'api.telegram.org' ([Errno 11001] getaddrinfo failed)"))

2024-04-30 12:10:15,523 - TeleBot - ERROR - Infinity polling exception: HTTPSConnectionPool(host='api.telegram.org', port=443): Max retries exceeded with url: /bot6601289362:AAHP8IfBXJ4vczvZKBFvDBBDT752UbwGW0k/getUpdates?offset=609880203&timeout=20 (Caused by NameResolutionError("<urllib3.connection.HTTPSConnection object at 0x00000283B11C2650>: Failed to resolve 'api.telegram.org' ([Errno 11001] getaddrinfo failed)"))
2024-04-30 12:10:15,525 - TeleBot - ERROR - Exception traceback:
Traceback (most recent call last):
  File "C:\python\Lib\site-packages\urllib3\connection.py", line 198, in _new_conn
    sock = connection.create_connection(
           ^^^^^^^^^^^^^^^^^^^^^^^^^^^^^
  File "C:\python\Lib\site-packages\urllib3\util\connection.py", line 60, in create_connection
    for res in socket.getaddrinfo(host, port, family, socket.SOCK_STREAM):
               ^^^^^^^^^^^^^^^^^^^^^^^^^^^^^^^^^^^^^^^^^^^^^^^^^^^^^^^^^^
  File "C:\python\Lib\socket.py", line 962, in getaddrinfo
    for res in _socket.getaddrinfo(host, port, family, type, proto, flags):
               ^^^^^^^^^^^^^^^^^^^^^^^^^^^^^^^^^^^^^^^^^^^^^^^^^^^^^^^^^^^
socket.gaierror: [Errno 11001] getaddrinfo failed

The above exception was the direct cause of the following exception:

Traceback (most recent call last):
  File "C:\python\Lib\site-packages\urllib3\connectionpool.py", line 793, in urlopen
    response = self._make_request(
               ^^^^^^^^^^^^^^^^^^^
  File "C:\python\Lib\site-packages\urllib3\connectionpool.py", line 491, in _make_request
    raise new_e
  File "C:\python\Lib\site-packages\urllib3\connectionpool.py", line 467, in _make_request
    self._validate_conn(conn)
  File "C:\python\Lib\site-packages\urllib3\connectionpool.py", line 1099, in _validate_conn
    conn.connect()
  File "C:\python\Lib\site-packages\urllib3\connection.py", line 616, in connect
    self.sock = sock = self._new_conn()
                       ^^^^^^^^^^^^^^^^
  File "C:\python\Lib\site-packages\urllib3\connection.py", line 205, in _new_conn
    raise NameResolutionError(self.host, self, e) from e
urllib3.exceptions.NameResolutionError: <urllib3.connection.HTTPSConnection object at 0x00000283B11C2650>: Failed to resolve 'api.telegram.org' ([Errno 11001] getaddrinfo failed)

The above exception was the direct cause of the following exception:

Traceback (most recent call last):
  File "C:\python\Lib\site-packages\requests\adapters.py", line 486, in send
    resp = conn.urlopen(
           ^^^^^^^^^^^^^
  File "C:\python\Lib\site-packages\urllib3\connectionpool.py", line 847, in urlopen
    retries = retries.increment(
              ^^^^^^^^^^^^^^^^^^
  File "C:\python\Lib\site-packages\urllib3\util\retry.py", line 515, in increment
    raise MaxRetryError(_pool, url, reason) from reason  # type: ignore[arg-type]
    ^^^^^^^^^^^^^^^^^^^^^^^^^^^^^^^^^^^^^^^^^^^^^^^^^^^
urllib3.exceptions.MaxRetryError: HTTPSConnectionPool(host='api.telegram.org', port=443): Max retries exceeded with url: /bot6601289362:AAHP8IfBXJ4vczvZKBFvDBBDT752UbwGW0k/getUpdates?offset=609880203&timeout=20 (Caused by NameResolutionError("<urllib3.connection.HTTPSConnection object at 0x00000283B11C2650>: Failed to resolve 'api.telegram.org' ([Errno 11001] getaddrinfo failed)"))

During handling of the above exception, another exception occurred:

Traceback (most recent call last):
  File "C:\python\Lib\site-packages\telebot\__init__.py", line 1081, in infinity_polling
    self.polling(non_stop=True, timeout=timeout, long_polling_timeout=long_polling_timeout,
  File "C:\python\Lib\site-packages\telebot\__init__.py", line 1169, in polling
    self.__threaded_polling(non_stop=non_stop, interval=interval, timeout=timeout, long_polling_timeout=long_polling_timeout,
  File "C:\python\Lib\site-packages\telebot\__init__.py", line 1244, in __threaded_polling
    raise e
  File "C:\python\Lib\site-packages\telebot\__init__.py", line 1205, in __threaded_polling
    polling_thread.raise_exceptions()
  File "C:\python\Lib\site-packages\telebot\util.py", line 111, in raise_exceptions
    raise self.exception_info
  File "C:\python\Lib\site-packages\telebot\util.py", line 93, in run
    task(*args, **kwargs)
  File "C:\python\Lib\site-packages\telebot\__init__.py", line 675, in __retrieve_updates
    updates = self.get_updates(offset=(self.last_update_id + 1),
             ^^^^^^^^^^^^^^^^^^^^^^^^^^^^^^^^^^^^^^^^^^^^^^^^^^^
  File "C:\python\Lib\site-packages\telebot\__init__.py", line 647, in get_updates
    json_updates = apihelper.get_updates(
                   ^^^^^^^^^^^^^^^^^^^^^^
  File "C:\python\Lib\site-packages\telebot\apihelper.py", line 327, in get_updates
    return _make_request(token, method_url, params=payload)
           ^^^^^^^^^^^^^^^^^^^^^^^^^^^^^^^^^^^^^^^^^^^^^^^^
  File "C:\python\Lib\site-packages\telebot\apihelper.py", line 161, in _make_request
    result = _get_req_session().request(
             ^^^^^^^^^^^^^^^^^^^^^^^^^^^
  File "C:\python\Lib\site-packages\requests\sessions.py", line 589, in request
    resp = self.send(prep, **send_kwargs)
           ^^^^^^^^^^^^^^^^^^^^^^^^^^^^^^
  File "C:\python\Lib\site-packages\requests\sessions.py", line 703, in send
    r = adapter.send(request, **kwargs)
        ^^^^^^^^^^^^^^^^^^^^^^^^^^^^^^^
  File "C:\python\Lib\site-packages\requests\adapters.py", line 519, in send
    raise ConnectionError(e, request=request)
requests.exceptions.ConnectionError: HTTPSConnectionPool(host='api.telegram.org', port=443): Max retries exceeded with url: /bot6601289362:AAHP8IfBXJ4vczvZKBFvDBBDT752UbwGW0k/getUpdates?offset=609880203&timeout=20 (Caused by NameResolutionError("<urllib3.connection.HTTPSConnection object at 0x00000283B11C2650>: Failed to resolve 'api.telegram.org' ([Errno 11001] getaddrinfo failed)"))

2024-04-30 12:10:18,539 - TeleBot - ERROR - Infinity polling exception: HTTPSConnectionPool(host='api.telegram.org', port=443): Max retries exceeded with url: /bot6601289362:AAHP8IfBXJ4vczvZKBFvDBBDT752UbwGW0k/getUpdates?offset=609880203&timeout=20 (Caused by NameResolutionError("<urllib3.connection.HTTPSConnection object at 0x00000283B11C0CD0>: Failed to resolve 'api.telegram.org' ([Errno 11001] getaddrinfo failed)"))
2024-04-30 12:10:18,544 - TeleBot - ERROR - Exception traceback:
Traceback (most recent call last):
  File "C:\python\Lib\site-packages\urllib3\connection.py", line 198, in _new_conn
    sock = connection.create_connection(
           ^^^^^^^^^^^^^^^^^^^^^^^^^^^^^
  File "C:\python\Lib\site-packages\urllib3\util\connection.py", line 60, in create_connection
    for res in socket.getaddrinfo(host, port, family, socket.SOCK_STREAM):
               ^^^^^^^^^^^^^^^^^^^^^^^^^^^^^^^^^^^^^^^^^^^^^^^^^^^^^^^^^^
  File "C:\python\Lib\socket.py", line 962, in getaddrinfo
    for res in _socket.getaddrinfo(host, port, family, type, proto, flags):
               ^^^^^^^^^^^^^^^^^^^^^^^^^^^^^^^^^^^^^^^^^^^^^^^^^^^^^^^^^^^
socket.gaierror: [Errno 11001] getaddrinfo failed

The above exception was the direct cause of the following exception:

Traceback (most recent call last):
  File "C:\python\Lib\site-packages\urllib3\connectionpool.py", line 793, in urlopen
    response = self._make_request(
               ^^^^^^^^^^^^^^^^^^^
  File "C:\python\Lib\site-packages\urllib3\connectionpool.py", line 491, in _make_request
    raise new_e
  File "C:\python\Lib\site-packages\urllib3\connectionpool.py", line 467, in _make_request
    self._validate_conn(conn)
  File "C:\python\Lib\site-packages\urllib3\connectionpool.py", line 1099, in _validate_conn
    conn.connect()
  File "C:\python\Lib\site-packages\urllib3\connection.py", line 616, in connect
    self.sock = sock = self._new_conn()
                       ^^^^^^^^^^^^^^^^
  File "C:\python\Lib\site-packages\urllib3\connection.py", line 205, in _new_conn
    raise NameResolutionError(self.host, self, e) from e
urllib3.exceptions.NameResolutionError: <urllib3.connection.HTTPSConnection object at 0x00000283B11C0CD0>: Failed to resolve 'api.telegram.org' ([Errno 11001] getaddrinfo failed)

The above exception was the direct cause of the following exception:

Traceback (most recent call last):
  File "C:\python\Lib\site-packages\requests\adapters.py", line 486, in send
    resp = conn.urlopen(
           ^^^^^^^^^^^^^
  File "C:\python\Lib\site-packages\urllib3\connectionpool.py", line 847, in urlopen
    retries = retries.increment(
              ^^^^^^^^^^^^^^^^^^
  File "C:\python\Lib\site-packages\urllib3\util\retry.py", line 515, in increment
    raise MaxRetryError(_pool, url, reason) from reason  # type: ignore[arg-type]
    ^^^^^^^^^^^^^^^^^^^^^^^^^^^^^^^^^^^^^^^^^^^^^^^^^^^
urllib3.exceptions.MaxRetryError: HTTPSConnectionPool(host='api.telegram.org', port=443): Max retries exceeded with url: /bot6601289362:AAHP8IfBXJ4vczvZKBFvDBBDT752UbwGW0k/getUpdates?offset=609880203&timeout=20 (Caused by NameResolutionError("<urllib3.connection.HTTPSConnection object at 0x00000283B11C0CD0>: Failed to resolve 'api.telegram.org' ([Errno 11001] getaddrinfo failed)"))

During handling of the above exception, another exception occurred:

Traceback (most recent call last):
  File "C:\python\Lib\site-packages\telebot\__init__.py", line 1081, in infinity_polling
    self.polling(non_stop=True, timeout=timeout, long_polling_timeout=long_polling_timeout,
  File "C:\python\Lib\site-packages\telebot\__init__.py", line 1169, in polling
    self.__threaded_polling(non_stop=non_stop, interval=interval, timeout=timeout, long_polling_timeout=long_polling_timeout,
  File "C:\python\Lib\site-packages\telebot\__init__.py", line 1244, in __threaded_polling
    raise e
  File "C:\python\Lib\site-packages\telebot\__init__.py", line 1205, in __threaded_polling
    polling_thread.raise_exceptions()
  File "C:\python\Lib\site-packages\telebot\util.py", line 111, in raise_exceptions
    raise self.exception_info
  File "C:\python\Lib\site-packages\telebot\util.py", line 93, in run
    task(*args, **kwargs)
  File "C:\python\Lib\site-packages\telebot\__init__.py", line 675, in __retrieve_updates
    updates = self.get_updates(offset=(self.last_update_id + 1),
             ^^^^^^^^^^^^^^^^^^^^^^^^^^^^^^^^^^^^^^^^^^^^^^^^^^^
  File "C:\python\Lib\site-packages\telebot\__init__.py", line 647, in get_updates
    json_updates = apihelper.get_updates(
                   ^^^^^^^^^^^^^^^^^^^^^^
  File "C:\python\Lib\site-packages\telebot\apihelper.py", line 327, in get_updates
    return _make_request(token, method_url, params=payload)
           ^^^^^^^^^^^^^^^^^^^^^^^^^^^^^^^^^^^^^^^^^^^^^^^^
  File "C:\python\Lib\site-packages\telebot\apihelper.py", line 161, in _make_request
    result = _get_req_session().request(
             ^^^^^^^^^^^^^^^^^^^^^^^^^^^
  File "C:\python\Lib\site-packages\requests\sessions.py", line 589, in request
    resp = self.send(prep, **send_kwargs)
           ^^^^^^^^^^^^^^^^^^^^^^^^^^^^^^
  File "C:\python\Lib\site-packages\requests\sessions.py", line 703, in send
    r = adapter.send(request, **kwargs)
        ^^^^^^^^^^^^^^^^^^^^^^^^^^^^^^^
  File "C:\python\Lib\site-packages\requests\adapters.py", line 519, in send
    raise ConnectionError(e, request=request)
requests.exceptions.ConnectionError: HTTPSConnectionPool(host='api.telegram.org', port=443): Max retries exceeded with url: /bot6601289362:AAHP8IfBXJ4vczvZKBFvDBBDT752UbwGW0k/getUpdates?offset=609880203&timeout=20 (Caused by NameResolutionError("<urllib3.connection.HTTPSConnection object at 0x00000283B11C0CD0>: Failed to resolve 'api.telegram.org' ([Errno 11001] getaddrinfo failed)"))

2024-04-30 12:10:21,559 - TeleBot - ERROR - Infinity polling exception: HTTPSConnectionPool(host='api.telegram.org', port=443): Max retries exceeded with url: /bot6601289362:AAHP8IfBXJ4vczvZKBFvDBBDT752UbwGW0k/getUpdates?offset=609880203&timeout=20 (Caused by NameResolutionError("<urllib3.connection.HTTPSConnection object at 0x00000283B11D1B90>: Failed to resolve 'api.telegram.org' ([Errno 11001] getaddrinfo failed)"))
2024-04-30 12:10:21,563 - TeleBot - ERROR - Exception traceback:
Traceback (most recent call last):
  File "C:\python\Lib\site-packages\urllib3\connection.py", line 198, in _new_conn
    sock = connection.create_connection(
           ^^^^^^^^^^^^^^^^^^^^^^^^^^^^^
  File "C:\python\Lib\site-packages\urllib3\util\connection.py", line 60, in create_connection
    for res in socket.getaddrinfo(host, port, family, socket.SOCK_STREAM):
               ^^^^^^^^^^^^^^^^^^^^^^^^^^^^^^^^^^^^^^^^^^^^^^^^^^^^^^^^^^
  File "C:\python\Lib\socket.py", line 962, in getaddrinfo
    for res in _socket.getaddrinfo(host, port, family, type, proto, flags):
               ^^^^^^^^^^^^^^^^^^^^^^^^^^^^^^^^^^^^^^^^^^^^^^^^^^^^^^^^^^^
socket.gaierror: [Errno 11001] getaddrinfo failed

The above exception was the direct cause of the following exception:

Traceback (most recent call last):
  File "C:\python\Lib\site-packages\urllib3\connectionpool.py", line 793, in urlopen
    response = self._make_request(
               ^^^^^^^^^^^^^^^^^^^
  File "C:\python\Lib\site-packages\urllib3\connectionpool.py", line 491, in _make_request
    raise new_e
  File "C:\python\Lib\site-packages\urllib3\connectionpool.py", line 467, in _make_request
    self._validate_conn(conn)
  File "C:\python\Lib\site-packages\urllib3\connectionpool.py", line 1099, in _validate_conn
    conn.connect()
  File "C:\python\Lib\site-packages\urllib3\connection.py", line 616, in connect
    self.sock = sock = self._new_conn()
                       ^^^^^^^^^^^^^^^^
  File "C:\python\Lib\site-packages\urllib3\connection.py", line 205, in _new_conn
    raise NameResolutionError(self.host, self, e) from e
urllib3.exceptions.NameResolutionError: <urllib3.connection.HTTPSConnection object at 0x00000283B11D1B90>: Failed to resolve 'api.telegram.org' ([Errno 11001] getaddrinfo failed)

The above exception was the direct cause of the following exception:

Traceback (most recent call last):
  File "C:\python\Lib\site-packages\requests\adapters.py", line 486, in send
    resp = conn.urlopen(
           ^^^^^^^^^^^^^
  File "C:\python\Lib\site-packages\urllib3\connectionpool.py", line 847, in urlopen
    retries = retries.increment(
              ^^^^^^^^^^^^^^^^^^
  File "C:\python\Lib\site-packages\urllib3\util\retry.py", line 515, in increment
    raise MaxRetryError(_pool, url, reason) from reason  # type: ignore[arg-type]
    ^^^^^^^^^^^^^^^^^^^^^^^^^^^^^^^^^^^^^^^^^^^^^^^^^^^
urllib3.exceptions.MaxRetryError: HTTPSConnectionPool(host='api.telegram.org', port=443): Max retries exceeded with url: /bot6601289362:AAHP8IfBXJ4vczvZKBFvDBBDT752UbwGW0k/getUpdates?offset=609880203&timeout=20 (Caused by NameResolutionError("<urllib3.connection.HTTPSConnection object at 0x00000283B11D1B90>: Failed to resolve 'api.telegram.org' ([Errno 11001] getaddrinfo failed)"))

During handling of the above exception, another exception occurred:

Traceback (most recent call last):
  File "C:\python\Lib\site-packages\telebot\__init__.py", line 1081, in infinity_polling
    self.polling(non_stop=True, timeout=timeout, long_polling_timeout=long_polling_timeout,
  File "C:\python\Lib\site-packages\telebot\__init__.py", line 1169, in polling
    self.__threaded_polling(non_stop=non_stop, interval=interval, timeout=timeout, long_polling_timeout=long_polling_timeout,
  File "C:\python\Lib\site-packages\telebot\__init__.py", line 1244, in __threaded_polling
    raise e
  File "C:\python\Lib\site-packages\telebot\__init__.py", line 1205, in __threaded_polling
    polling_thread.raise_exceptions()
  File "C:\python\Lib\site-packages\telebot\util.py", line 111, in raise_exceptions
    raise self.exception_info
  File "C:\python\Lib\site-packages\telebot\util.py", line 93, in run
    task(*args, **kwargs)
  File "C:\python\Lib\site-packages\telebot\__init__.py", line 675, in __retrieve_updates
    updates = self.get_updates(offset=(self.last_update_id + 1),
             ^^^^^^^^^^^^^^^^^^^^^^^^^^^^^^^^^^^^^^^^^^^^^^^^^^^
  File "C:\python\Lib\site-packages\telebot\__init__.py", line 647, in get_updates
    json_updates = apihelper.get_updates(
                   ^^^^^^^^^^^^^^^^^^^^^^
  File "C:\python\Lib\site-packages\telebot\apihelper.py", line 327, in get_updates
    return _make_request(token, method_url, params=payload)
           ^^^^^^^^^^^^^^^^^^^^^^^^^^^^^^^^^^^^^^^^^^^^^^^^
  File "C:\python\Lib\site-packages\telebot\apihelper.py", line 161, in _make_request
    result = _get_req_session().request(
             ^^^^^^^^^^^^^^^^^^^^^^^^^^^
  File "C:\python\Lib\site-packages\requests\sessions.py", line 589, in request
    resp = self.send(prep, **send_kwargs)
           ^^^^^^^^^^^^^^^^^^^^^^^^^^^^^^
  File "C:\python\Lib\site-packages\requests\sessions.py", line 703, in send
    r = adapter.send(request, **kwargs)
        ^^^^^^^^^^^^^^^^^^^^^^^^^^^^^^^
  File "C:\python\Lib\site-packages\requests\adapters.py", line 519, in send
    raise ConnectionError(e, request=request)
requests.exceptions.ConnectionError: HTTPSConnectionPool(host='api.telegram.org', port=443): Max retries exceeded with url: /bot6601289362:AAHP8IfBXJ4vczvZKBFvDBBDT752UbwGW0k/getUpdates?offset=609880203&timeout=20 (Caused by NameResolutionError("<urllib3.connection.HTTPSConnection object at 0x00000283B11D1B90>: Failed to resolve 'api.telegram.org' ([Errno 11001] getaddrinfo failed)"))

2024-04-30 12:10:24,578 - TeleBot - ERROR - Infinity polling exception: HTTPSConnectionPool(host='api.telegram.org', port=443): Max retries exceeded with url: /bot6601289362:AAHP8IfBXJ4vczvZKBFvDBBDT752UbwGW0k/getUpdates?offset=609880203&timeout=20 (Caused by NameResolutionError("<urllib3.connection.HTTPSConnection object at 0x00000283B11E4BD0>: Failed to resolve 'api.telegram.org' ([Errno 11001] getaddrinfo failed)"))
2024-04-30 12:10:24,581 - TeleBot - ERROR - Exception traceback:
Traceback (most recent call last):
  File "C:\python\Lib\site-packages\urllib3\connection.py", line 198, in _new_conn
    sock = connection.create_connection(
           ^^^^^^^^^^^^^^^^^^^^^^^^^^^^^
  File "C:\python\Lib\site-packages\urllib3\util\connection.py", line 60, in create_connection
    for res in socket.getaddrinfo(host, port, family, socket.SOCK_STREAM):
               ^^^^^^^^^^^^^^^^^^^^^^^^^^^^^^^^^^^^^^^^^^^^^^^^^^^^^^^^^^
  File "C:\python\Lib\socket.py", line 962, in getaddrinfo
    for res in _socket.getaddrinfo(host, port, family, type, proto, flags):
               ^^^^^^^^^^^^^^^^^^^^^^^^^^^^^^^^^^^^^^^^^^^^^^^^^^^^^^^^^^^
socket.gaierror: [Errno 11001] getaddrinfo failed

The above exception was the direct cause of the following exception:

Traceback (most recent call last):
  File "C:\python\Lib\site-packages\urllib3\connectionpool.py", line 793, in urlopen
    response = self._make_request(
               ^^^^^^^^^^^^^^^^^^^
  File "C:\python\Lib\site-packages\urllib3\connectionpool.py", line 491, in _make_request
    raise new_e
  File "C:\python\Lib\site-packages\urllib3\connectionpool.py", line 467, in _make_request
    self._validate_conn(conn)
  File "C:\python\Lib\site-packages\urllib3\connectionpool.py", line 1099, in _validate_conn
    conn.connect()
  File "C:\python\Lib\site-packages\urllib3\connection.py", line 616, in connect
    self.sock = sock = self._new_conn()
                       ^^^^^^^^^^^^^^^^
  File "C:\python\Lib\site-packages\urllib3\connection.py", line 205, in _new_conn
    raise NameResolutionError(self.host, self, e) from e
urllib3.exceptions.NameResolutionError: <urllib3.connection.HTTPSConnection object at 0x00000283B11E4BD0>: Failed to resolve 'api.telegram.org' ([Errno 11001] getaddrinfo failed)

The above exception was the direct cause of the following exception:

Traceback (most recent call last):
  File "C:\python\Lib\site-packages\requests\adapters.py", line 486, in send
    resp = conn.urlopen(
           ^^^^^^^^^^^^^
  File "C:\python\Lib\site-packages\urllib3\connectionpool.py", line 847, in urlopen
    retries = retries.increment(
              ^^^^^^^^^^^^^^^^^^
  File "C:\python\Lib\site-packages\urllib3\util\retry.py", line 515, in increment
    raise MaxRetryError(_pool, url, reason) from reason  # type: ignore[arg-type]
    ^^^^^^^^^^^^^^^^^^^^^^^^^^^^^^^^^^^^^^^^^^^^^^^^^^^
urllib3.exceptions.MaxRetryError: HTTPSConnectionPool(host='api.telegram.org', port=443): Max retries exceeded with url: /bot6601289362:AAHP8IfBXJ4vczvZKBFvDBBDT752UbwGW0k/getUpdates?offset=609880203&timeout=20 (Caused by NameResolutionError("<urllib3.connection.HTTPSConnection object at 0x00000283B11E4BD0>: Failed to resolve 'api.telegram.org' ([Errno 11001] getaddrinfo failed)"))

During handling of the above exception, another exception occurred:

Traceback (most recent call last):
  File "C:\python\Lib\site-packages\telebot\__init__.py", line 1081, in infinity_polling
    self.polling(non_stop=True, timeout=timeout, long_polling_timeout=long_polling_timeout,
  File "C:\python\Lib\site-packages\telebot\__init__.py", line 1169, in polling
    self.__threaded_polling(non_stop=non_stop, interval=interval, timeout=timeout, long_polling_timeout=long_polling_timeout,
  File "C:\python\Lib\site-packages\telebot\__init__.py", line 1244, in __threaded_polling
    raise e
  File "C:\python\Lib\site-packages\telebot\__init__.py", line 1205, in __threaded_polling
    polling_thread.raise_exceptions()
  File "C:\python\Lib\site-packages\telebot\util.py", line 111, in raise_exceptions
    raise self.exception_info
  File "C:\python\Lib\site-packages\telebot\util.py", line 93, in run
    task(*args, **kwargs)
  File "C:\python\Lib\site-packages\telebot\__init__.py", line 675, in __retrieve_updates
    updates = self.get_updates(offset=(self.last_update_id + 1),
             ^^^^^^^^^^^^^^^^^^^^^^^^^^^^^^^^^^^^^^^^^^^^^^^^^^^
  File "C:\python\Lib\site-packages\telebot\__init__.py", line 647, in get_updates
    json_updates = apihelper.get_updates(
                   ^^^^^^^^^^^^^^^^^^^^^^
  File "C:\python\Lib\site-packages\telebot\apihelper.py", line 327, in get_updates
    return _make_request(token, method_url, params=payload)
           ^^^^^^^^^^^^^^^^^^^^^^^^^^^^^^^^^^^^^^^^^^^^^^^^
  File "C:\python\Lib\site-packages\telebot\apihelper.py", line 161, in _make_request
    result = _get_req_session().request(
             ^^^^^^^^^^^^^^^^^^^^^^^^^^^
  File "C:\python\Lib\site-packages\requests\sessions.py", line 589, in request
    resp = self.send(prep, **send_kwargs)
           ^^^^^^^^^^^^^^^^^^^^^^^^^^^^^^
  File "C:\python\Lib\site-packages\requests\sessions.py", line 703, in send
    r = adapter.send(request, **kwargs)
        ^^^^^^^^^^^^^^^^^^^^^^^^^^^^^^^
  File "C:\python\Lib\site-packages\requests\adapters.py", line 519, in send
    raise ConnectionError(e, request=request)
requests.exceptions.ConnectionError: HTTPSConnectionPool(host='api.telegram.org', port=443): Max retries exceeded with url: /bot6601289362:AAHP8IfBXJ4vczvZKBFvDBBDT752UbwGW0k/getUpdates?offset=609880203&timeout=20 (Caused by NameResolutionError("<urllib3.connection.HTTPSConnection object at 0x00000283B11E4BD0>: Failed to resolve 'api.telegram.org' ([Errno 11001] getaddrinfo failed)"))

2024-04-30 13:01:35,920 - TeleBot - ERROR - Infinity polling exception: HTTPSConnectionPool(host='api.telegram.org', port=443): Max retries exceeded with url: /bot6601289362:AAHP8IfBXJ4vczvZKBFvDBBDT752UbwGW0k/getUpdates?offset=609880203&timeout=20 (Caused by NameResolutionError("<urllib3.connection.HTTPSConnection object at 0x00000283B11C3B50>: Failed to resolve 'api.telegram.org' ([Errno 11001] getaddrinfo failed)"))
2024-04-30 13:01:35,923 - TeleBot - ERROR - Exception traceback:
Traceback (most recent call last):
  File "C:\python\Lib\site-packages\urllib3\connection.py", line 198, in _new_conn
    sock = connection.create_connection(
           ^^^^^^^^^^^^^^^^^^^^^^^^^^^^^
  File "C:\python\Lib\site-packages\urllib3\util\connection.py", line 60, in create_connection
    for res in socket.getaddrinfo(host, port, family, socket.SOCK_STREAM):
               ^^^^^^^^^^^^^^^^^^^^^^^^^^^^^^^^^^^^^^^^^^^^^^^^^^^^^^^^^^
  File "C:\python\Lib\socket.py", line 962, in getaddrinfo
    for res in _socket.getaddrinfo(host, port, family, type, proto, flags):
               ^^^^^^^^^^^^^^^^^^^^^^^^^^^^^^^^^^^^^^^^^^^^^^^^^^^^^^^^^^^
socket.gaierror: [Errno 11001] getaddrinfo failed

The above exception was the direct cause of the following exception:

Traceback (most recent call last):
  File "C:\python\Lib\site-packages\urllib3\connectionpool.py", line 793, in urlopen
    response = self._make_request(
               ^^^^^^^^^^^^^^^^^^^
  File "C:\python\Lib\site-packages\urllib3\connectionpool.py", line 491, in _make_request
    raise new_e
  File "C:\python\Lib\site-packages\urllib3\connectionpool.py", line 467, in _make_request
    self._validate_conn(conn)
  File "C:\python\Lib\site-packages\urllib3\connectionpool.py", line 1099, in _validate_conn
    conn.connect()
  File "C:\python\Lib\site-packages\urllib3\connection.py", line 616, in connect
    self.sock = sock = self._new_conn()
                       ^^^^^^^^^^^^^^^^
  File "C:\python\Lib\site-packages\urllib3\connection.py", line 205, in _new_conn
    raise NameResolutionError(self.host, self, e) from e
urllib3.exceptions.NameResolutionError: <urllib3.connection.HTTPSConnection object at 0x00000283B11C3B50>: Failed to resolve 'api.telegram.org' ([Errno 11001] getaddrinfo failed)

The above exception was the direct cause of the following exception:

Traceback (most recent call last):
  File "C:\python\Lib\site-packages\requests\adapters.py", line 486, in send
    resp = conn.urlopen(
           ^^^^^^^^^^^^^
  File "C:\python\Lib\site-packages\urllib3\connectionpool.py", line 847, in urlopen
    retries = retries.increment(
              ^^^^^^^^^^^^^^^^^^
  File "C:\python\Lib\site-packages\urllib3\util\retry.py", line 515, in increment
    raise MaxRetryError(_pool, url, reason) from reason  # type: ignore[arg-type]
    ^^^^^^^^^^^^^^^^^^^^^^^^^^^^^^^^^^^^^^^^^^^^^^^^^^^
urllib3.exceptions.MaxRetryError: HTTPSConnectionPool(host='api.telegram.org', port=443): Max retries exceeded with url: /bot6601289362:AAHP8IfBXJ4vczvZKBFvDBBDT752UbwGW0k/getUpdates?offset=609880203&timeout=20 (Caused by NameResolutionError("<urllib3.connection.HTTPSConnection object at 0x00000283B11C3B50>: Failed to resolve 'api.telegram.org' ([Errno 11001] getaddrinfo failed)"))

During handling of the above exception, another exception occurred:

Traceback (most recent call last):
  File "C:\python\Lib\site-packages\telebot\__init__.py", line 1081, in infinity_polling
    self.polling(non_stop=True, timeout=timeout, long_polling_timeout=long_polling_timeout,
  File "C:\python\Lib\site-packages\telebot\__init__.py", line 1169, in polling
    self.__threaded_polling(non_stop=non_stop, interval=interval, timeout=timeout, long_polling_timeout=long_polling_timeout,
  File "C:\python\Lib\site-packages\telebot\__init__.py", line 1244, in __threaded_polling
    raise e
  File "C:\python\Lib\site-packages\telebot\__init__.py", line 1205, in __threaded_polling
    polling_thread.raise_exceptions()
  File "C:\python\Lib\site-packages\telebot\util.py", line 111, in raise_exceptions
    raise self.exception_info
  File "C:\python\Lib\site-packages\telebot\util.py", line 93, in run
    task(*args, **kwargs)
  File "C:\python\Lib\site-packages\telebot\__init__.py", line 675, in __retrieve_updates
    updates = self.get_updates(offset=(self.last_update_id + 1),
             ^^^^^^^^^^^^^^^^^^^^^^^^^^^^^^^^^^^^^^^^^^^^^^^^^^^
  File "C:\python\Lib\site-packages\telebot\__init__.py", line 647, in get_updates
    json_updates = apihelper.get_updates(
                   ^^^^^^^^^^^^^^^^^^^^^^
  File "C:\python\Lib\site-packages\telebot\apihelper.py", line 327, in get_updates
    return _make_request(token, method_url, params=payload)
           ^^^^^^^^^^^^^^^^^^^^^^^^^^^^^^^^^^^^^^^^^^^^^^^^
  File "C:\python\Lib\site-packages\telebot\apihelper.py", line 161, in _make_request
    result = _get_req_session().request(
             ^^^^^^^^^^^^^^^^^^^^^^^^^^^
  File "C:\python\Lib\site-packages\requests\sessions.py", line 589, in request
    resp = self.send(prep, **send_kwargs)
           ^^^^^^^^^^^^^^^^^^^^^^^^^^^^^^
  File "C:\python\Lib\site-packages\requests\sessions.py", line 703, in send
    r = adapter.send(request, **kwargs)
        ^^^^^^^^^^^^^^^^^^^^^^^^^^^^^^^
  File "C:\python\Lib\site-packages\requests\adapters.py", line 519, in send
    raise ConnectionError(e, request=request)
requests.exceptions.ConnectionError: HTTPSConnectionPool(host='api.telegram.org', port=443): Max retries exceeded with url: /bot6601289362:AAHP8IfBXJ4vczvZKBFvDBBDT752UbwGW0k/getUpdates?offset=609880203&timeout=20 (Caused by NameResolutionError("<urllib3.connection.HTTPSConnection object at 0x00000283B11C3B50>: Failed to resolve 'api.telegram.org' ([Errno 11001] getaddrinfo failed)"))

2024-04-30 13:01:38,930 - TeleBot - ERROR - Infinity polling exception: HTTPSConnectionPool(host='api.telegram.org', port=443): Max retries exceeded with url: /bot6601289362:AAHP8IfBXJ4vczvZKBFvDBBDT752UbwGW0k/getUpdates?offset=609880203&timeout=20 (Caused by NameResolutionError("<urllib3.connection.HTTPSConnection object at 0x00000283B11E5690>: Failed to resolve 'api.telegram.org' ([Errno 11001] getaddrinfo failed)"))
2024-04-30 13:01:38,932 - TeleBot - ERROR - Exception traceback:
Traceback (most recent call last):
  File "C:\python\Lib\site-packages\urllib3\connection.py", line 198, in _new_conn
    sock = connection.create_connection(
           ^^^^^^^^^^^^^^^^^^^^^^^^^^^^^
  File "C:\python\Lib\site-packages\urllib3\util\connection.py", line 60, in create_connection
    for res in socket.getaddrinfo(host, port, family, socket.SOCK_STREAM):
               ^^^^^^^^^^^^^^^^^^^^^^^^^^^^^^^^^^^^^^^^^^^^^^^^^^^^^^^^^^
  File "C:\python\Lib\socket.py", line 962, in getaddrinfo
    for res in _socket.getaddrinfo(host, port, family, type, proto, flags):
               ^^^^^^^^^^^^^^^^^^^^^^^^^^^^^^^^^^^^^^^^^^^^^^^^^^^^^^^^^^^
socket.gaierror: [Errno 11001] getaddrinfo failed

The above exception was the direct cause of the following exception:

Traceback (most recent call last):
  File "C:\python\Lib\site-packages\urllib3\connectionpool.py", line 793, in urlopen
    response = self._make_request(
               ^^^^^^^^^^^^^^^^^^^
  File "C:\python\Lib\site-packages\urllib3\connectionpool.py", line 491, in _make_request
    raise new_e
  File "C:\python\Lib\site-packages\urllib3\connectionpool.py", line 467, in _make_request
    self._validate_conn(conn)
  File "C:\python\Lib\site-packages\urllib3\connectionpool.py", line 1099, in _validate_conn
    conn.connect()
  File "C:\python\Lib\site-packages\urllib3\connection.py", line 616, in connect
    self.sock = sock = self._new_conn()
                       ^^^^^^^^^^^^^^^^
  File "C:\python\Lib\site-packages\urllib3\connection.py", line 205, in _new_conn
    raise NameResolutionError(self.host, self, e) from e
urllib3.exceptions.NameResolutionError: <urllib3.connection.HTTPSConnection object at 0x00000283B11E5690>: Failed to resolve 'api.telegram.org' ([Errno 11001] getaddrinfo failed)

The above exception was the direct cause of the following exception:

Traceback (most recent call last):
  File "C:\python\Lib\site-packages\requests\adapters.py", line 486, in send
    resp = conn.urlopen(
           ^^^^^^^^^^^^^
  File "C:\python\Lib\site-packages\urllib3\connectionpool.py", line 847, in urlopen
    retries = retries.increment(
              ^^^^^^^^^^^^^^^^^^
  File "C:\python\Lib\site-packages\urllib3\util\retry.py", line 515, in increment
    raise MaxRetryError(_pool, url, reason) from reason  # type: ignore[arg-type]
    ^^^^^^^^^^^^^^^^^^^^^^^^^^^^^^^^^^^^^^^^^^^^^^^^^^^
urllib3.exceptions.MaxRetryError: HTTPSConnectionPool(host='api.telegram.org', port=443): Max retries exceeded with url: /bot6601289362:AAHP8IfBXJ4vczvZKBFvDBBDT752UbwGW0k/getUpdates?offset=609880203&timeout=20 (Caused by NameResolutionError("<urllib3.connection.HTTPSConnection object at 0x00000283B11E5690>: Failed to resolve 'api.telegram.org' ([Errno 11001] getaddrinfo failed)"))

During handling of the above exception, another exception occurred:

Traceback (most recent call last):
  File "C:\python\Lib\site-packages\telebot\__init__.py", line 1081, in infinity_polling
    self.polling(non_stop=True, timeout=timeout, long_polling_timeout=long_polling_timeout,
  File "C:\python\Lib\site-packages\telebot\__init__.py", line 1169, in polling
    self.__threaded_polling(non_stop=non_stop, interval=interval, timeout=timeout, long_polling_timeout=long_polling_timeout,
  File "C:\python\Lib\site-packages\telebot\__init__.py", line 1244, in __threaded_polling
    raise e
  File "C:\python\Lib\site-packages\telebot\__init__.py", line 1205, in __threaded_polling
    polling_thread.raise_exceptions()
  File "C:\python\Lib\site-packages\telebot\util.py", line 111, in raise_exceptions
    raise self.exception_info
  File "C:\python\Lib\site-packages\telebot\util.py", line 93, in run
    task(*args, **kwargs)
  File "C:\python\Lib\site-packages\telebot\__init__.py", line 675, in __retrieve_updates
    updates = self.get_updates(offset=(self.last_update_id + 1),
             ^^^^^^^^^^^^^^^^^^^^^^^^^^^^^^^^^^^^^^^^^^^^^^^^^^^
  File "C:\python\Lib\site-packages\telebot\__init__.py", line 647, in get_updates
    json_updates = apihelper.get_updates(
                   ^^^^^^^^^^^^^^^^^^^^^^
  File "C:\python\Lib\site-packages\telebot\apihelper.py", line 327, in get_updates
    return _make_request(token, method_url, params=payload)
           ^^^^^^^^^^^^^^^^^^^^^^^^^^^^^^^^^^^^^^^^^^^^^^^^
  File "C:\python\Lib\site-packages\telebot\apihelper.py", line 161, in _make_request
    result = _get_req_session().request(
             ^^^^^^^^^^^^^^^^^^^^^^^^^^^
  File "C:\python\Lib\site-packages\requests\sessions.py", line 589, in request
    resp = self.send(prep, **send_kwargs)
           ^^^^^^^^^^^^^^^^^^^^^^^^^^^^^^
  File "C:\python\Lib\site-packages\requests\sessions.py", line 703, in send
    r = adapter.send(request, **kwargs)
        ^^^^^^^^^^^^^^^^^^^^^^^^^^^^^^^
  File "C:\python\Lib\site-packages\requests\adapters.py", line 519, in send
    raise ConnectionError(e, request=request)
requests.exceptions.ConnectionError: HTTPSConnectionPool(host='api.telegram.org', port=443): Max retries exceeded with url: /bot6601289362:AAHP8IfBXJ4vczvZKBFvDBBDT752UbwGW0k/getUpdates?offset=609880203&timeout=20 (Caused by NameResolutionError("<urllib3.connection.HTTPSConnection object at 0x00000283B11E5690>: Failed to resolve 'api.telegram.org' ([Errno 11001] getaddrinfo failed)"))

2024-04-30 13:01:41,942 - TeleBot - ERROR - Infinity polling exception: HTTPSConnectionPool(host='api.telegram.org', port=443): Max retries exceeded with url: /bot6601289362:AAHP8IfBXJ4vczvZKBFvDBBDT752UbwGW0k/getUpdates?offset=609880203&timeout=20 (Caused by NameResolutionError("<urllib3.connection.HTTPSConnection object at 0x00000283B11E8410>: Failed to resolve 'api.telegram.org' ([Errno 11001] getaddrinfo failed)"))
2024-04-30 13:01:41,943 - TeleBot - ERROR - Exception traceback:
Traceback (most recent call last):
  File "C:\python\Lib\site-packages\urllib3\connection.py", line 198, in _new_conn
    sock = connection.create_connection(
           ^^^^^^^^^^^^^^^^^^^^^^^^^^^^^
  File "C:\python\Lib\site-packages\urllib3\util\connection.py", line 60, in create_connection
    for res in socket.getaddrinfo(host, port, family, socket.SOCK_STREAM):
               ^^^^^^^^^^^^^^^^^^^^^^^^^^^^^^^^^^^^^^^^^^^^^^^^^^^^^^^^^^
  File "C:\python\Lib\socket.py", line 962, in getaddrinfo
    for res in _socket.getaddrinfo(host, port, family, type, proto, flags):
               ^^^^^^^^^^^^^^^^^^^^^^^^^^^^^^^^^^^^^^^^^^^^^^^^^^^^^^^^^^^
socket.gaierror: [Errno 11001] getaddrinfo failed

The above exception was the direct cause of the following exception:

Traceback (most recent call last):
  File "C:\python\Lib\site-packages\urllib3\connectionpool.py", line 793, in urlopen
    response = self._make_request(
               ^^^^^^^^^^^^^^^^^^^
  File "C:\python\Lib\site-packages\urllib3\connectionpool.py", line 491, in _make_request
    raise new_e
  File "C:\python\Lib\site-packages\urllib3\connectionpool.py", line 467, in _make_request
    self._validate_conn(conn)
  File "C:\python\Lib\site-packages\urllib3\connectionpool.py", line 1099, in _validate_conn
    conn.connect()
  File "C:\python\Lib\site-packages\urllib3\connection.py", line 616, in connect
    self.sock = sock = self._new_conn()
                       ^^^^^^^^^^^^^^^^
  File "C:\python\Lib\site-packages\urllib3\connection.py", line 205, in _new_conn
    raise NameResolutionError(self.host, self, e) from e
urllib3.exceptions.NameResolutionError: <urllib3.connection.HTTPSConnection object at 0x00000283B11E8410>: Failed to resolve 'api.telegram.org' ([Errno 11001] getaddrinfo failed)

The above exception was the direct cause of the following exception:

Traceback (most recent call last):
  File "C:\python\Lib\site-packages\requests\adapters.py", line 486, in send
    resp = conn.urlopen(
           ^^^^^^^^^^^^^
  File "C:\python\Lib\site-packages\urllib3\connectionpool.py", line 847, in urlopen
    retries = retries.increment(
              ^^^^^^^^^^^^^^^^^^
  File "C:\python\Lib\site-packages\urllib3\util\retry.py", line 515, in increment
    raise MaxRetryError(_pool, url, reason) from reason  # type: ignore[arg-type]
    ^^^^^^^^^^^^^^^^^^^^^^^^^^^^^^^^^^^^^^^^^^^^^^^^^^^
urllib3.exceptions.MaxRetryError: HTTPSConnectionPool(host='api.telegram.org', port=443): Max retries exceeded with url: /bot6601289362:AAHP8IfBXJ4vczvZKBFvDBBDT752UbwGW0k/getUpdates?offset=609880203&timeout=20 (Caused by NameResolutionError("<urllib3.connection.HTTPSConnection object at 0x00000283B11E8410>: Failed to resolve 'api.telegram.org' ([Errno 11001] getaddrinfo failed)"))

During handling of the above exception, another exception occurred:

Traceback (most recent call last):
  File "C:\python\Lib\site-packages\telebot\__init__.py", line 1081, in infinity_polling
    self.polling(non_stop=True, timeout=timeout, long_polling_timeout=long_polling_timeout,
  File "C:\python\Lib\site-packages\telebot\__init__.py", line 1169, in polling
    self.__threaded_polling(non_stop=non_stop, interval=interval, timeout=timeout, long_polling_timeout=long_polling_timeout,
  File "C:\python\Lib\site-packages\telebot\__init__.py", line 1244, in __threaded_polling
    raise e
  File "C:\python\Lib\site-packages\telebot\__init__.py", line 1205, in __threaded_polling
    polling_thread.raise_exceptions()
  File "C:\python\Lib\site-packages\telebot\util.py", line 111, in raise_exceptions
    raise self.exception_info
  File "C:\python\Lib\site-packages\telebot\util.py", line 93, in run
    task(*args, **kwargs)
  File "C:\python\Lib\site-packages\telebot\__init__.py", line 675, in __retrieve_updates
    updates = self.get_updates(offset=(self.last_update_id + 1),
             ^^^^^^^^^^^^^^^^^^^^^^^^^^^^^^^^^^^^^^^^^^^^^^^^^^^
  File "C:\python\Lib\site-packages\telebot\__init__.py", line 647, in get_updates
    json_updates = apihelper.get_updates(
                   ^^^^^^^^^^^^^^^^^^^^^^
  File "C:\python\Lib\site-packages\telebot\apihelper.py", line 327, in get_updates
    return _make_request(token, method_url, params=payload)
           ^^^^^^^^^^^^^^^^^^^^^^^^^^^^^^^^^^^^^^^^^^^^^^^^
  File "C:\python\Lib\site-packages\telebot\apihelper.py", line 161, in _make_request
    result = _get_req_session().request(
             ^^^^^^^^^^^^^^^^^^^^^^^^^^^
  File "C:\python\Lib\site-packages\requests\sessions.py", line 589, in request
    resp = self.send(prep, **send_kwargs)
           ^^^^^^^^^^^^^^^^^^^^^^^^^^^^^^
  File "C:\python\Lib\site-packages\requests\sessions.py", line 703, in send
    r = adapter.send(request, **kwargs)
        ^^^^^^^^^^^^^^^^^^^^^^^^^^^^^^^
  File "C:\python\Lib\site-packages\requests\adapters.py", line 519, in send
    raise ConnectionError(e, request=request)
requests.exceptions.ConnectionError: HTTPSConnectionPool(host='api.telegram.org', port=443): Max retries exceeded with url: /bot6601289362:AAHP8IfBXJ4vczvZKBFvDBBDT752UbwGW0k/getUpdates?offset=609880203&timeout=20 (Caused by NameResolutionError("<urllib3.connection.HTTPSConnection object at 0x00000283B11E8410>: Failed to resolve 'api.telegram.org' ([Errno 11001] getaddrinfo failed)"))

2024-04-30 21:50:29,557 - TeleBot - ERROR - Infinity polling exception: HTTPSConnectionPool(host='api.telegram.org', port=443): Max retries exceeded with url: /bot6601289362:AAHP8IfBXJ4vczvZKBFvDBBDT752UbwGW0k/getUpdates?offset=609880203&timeout=20 (Caused by NameResolutionError("<urllib3.connection.HTTPSConnection object at 0x00000283B11A6150>: Failed to resolve 'api.telegram.org' ([Errno 11001] getaddrinfo failed)"))
2024-04-30 21:50:29,559 - TeleBot - ERROR - Exception traceback:
Traceback (most recent call last):
  File "C:\python\Lib\site-packages\urllib3\connection.py", line 198, in _new_conn
    sock = connection.create_connection(
           ^^^^^^^^^^^^^^^^^^^^^^^^^^^^^
  File "C:\python\Lib\site-packages\urllib3\util\connection.py", line 60, in create_connection
    for res in socket.getaddrinfo(host, port, family, socket.SOCK_STREAM):
               ^^^^^^^^^^^^^^^^^^^^^^^^^^^^^^^^^^^^^^^^^^^^^^^^^^^^^^^^^^
  File "C:\python\Lib\socket.py", line 962, in getaddrinfo
    for res in _socket.getaddrinfo(host, port, family, type, proto, flags):
               ^^^^^^^^^^^^^^^^^^^^^^^^^^^^^^^^^^^^^^^^^^^^^^^^^^^^^^^^^^^
socket.gaierror: [Errno 11001] getaddrinfo failed

The above exception was the direct cause of the following exception:

Traceback (most recent call last):
  File "C:\python\Lib\site-packages\urllib3\connectionpool.py", line 793, in urlopen
    response = self._make_request(
               ^^^^^^^^^^^^^^^^^^^
  File "C:\python\Lib\site-packages\urllib3\connectionpool.py", line 491, in _make_request
    raise new_e
  File "C:\python\Lib\site-packages\urllib3\connectionpool.py", line 467, in _make_request
    self._validate_conn(conn)
  File "C:\python\Lib\site-packages\urllib3\connectionpool.py", line 1099, in _validate_conn
    conn.connect()
  File "C:\python\Lib\site-packages\urllib3\connection.py", line 616, in connect
    self.sock = sock = self._new_conn()
                       ^^^^^^^^^^^^^^^^
  File "C:\python\Lib\site-packages\urllib3\connection.py", line 205, in _new_conn
    raise NameResolutionError(self.host, self, e) from e
urllib3.exceptions.NameResolutionError: <urllib3.connection.HTTPSConnection object at 0x00000283B11A6150>: Failed to resolve 'api.telegram.org' ([Errno 11001] getaddrinfo failed)

The above exception was the direct cause of the following exception:

Traceback (most recent call last):
  File "C:\python\Lib\site-packages\requests\adapters.py", line 486, in send
    resp = conn.urlopen(
           ^^^^^^^^^^^^^
  File "C:\python\Lib\site-packages\urllib3\connectionpool.py", line 847, in urlopen
    retries = retries.increment(
              ^^^^^^^^^^^^^^^^^^
  File "C:\python\Lib\site-packages\urllib3\util\retry.py", line 515, in increment
    raise MaxRetryError(_pool, url, reason) from reason  # type: ignore[arg-type]
    ^^^^^^^^^^^^^^^^^^^^^^^^^^^^^^^^^^^^^^^^^^^^^^^^^^^
urllib3.exceptions.MaxRetryError: HTTPSConnectionPool(host='api.telegram.org', port=443): Max retries exceeded with url: /bot6601289362:AAHP8IfBXJ4vczvZKBFvDBBDT752UbwGW0k/getUpdates?offset=609880203&timeout=20 (Caused by NameResolutionError("<urllib3.connection.HTTPSConnection object at 0x00000283B11A6150>: Failed to resolve 'api.telegram.org' ([Errno 11001] getaddrinfo failed)"))

During handling of the above exception, another exception occurred:

Traceback (most recent call last):
  File "C:\python\Lib\site-packages\telebot\__init__.py", line 1081, in infinity_polling
    self.polling(non_stop=True, timeout=timeout, long_polling_timeout=long_polling_timeout,
  File "C:\python\Lib\site-packages\telebot\__init__.py", line 1169, in polling
    self.__threaded_polling(non_stop=non_stop, interval=interval, timeout=timeout, long_polling_timeout=long_polling_timeout,
  File "C:\python\Lib\site-packages\telebot\__init__.py", line 1244, in __threaded_polling
    raise e
  File "C:\python\Lib\site-packages\telebot\__init__.py", line 1205, in __threaded_polling
    polling_thread.raise_exceptions()
  File "C:\python\Lib\site-packages\telebot\util.py", line 111, in raise_exceptions
    raise self.exception_info
  File "C:\python\Lib\site-packages\telebot\util.py", line 93, in run
    task(*args, **kwargs)
  File "C:\python\Lib\site-packages\telebot\__init__.py", line 675, in __retrieve_updates
    updates = self.get_updates(offset=(self.last_update_id + 1),
             ^^^^^^^^^^^^^^^^^^^^^^^^^^^^^^^^^^^^^^^^^^^^^^^^^^^
  File "C:\python\Lib\site-packages\telebot\__init__.py", line 647, in get_updates
    json_updates = apihelper.get_updates(
                   ^^^^^^^^^^^^^^^^^^^^^^
  File "C:\python\Lib\site-packages\telebot\apihelper.py", line 327, in get_updates
    return _make_request(token, method_url, params=payload)
           ^^^^^^^^^^^^^^^^^^^^^^^^^^^^^^^^^^^^^^^^^^^^^^^^
  File "C:\python\Lib\site-packages\telebot\apihelper.py", line 161, in _make_request
    result = _get_req_session().request(
             ^^^^^^^^^^^^^^^^^^^^^^^^^^^
  File "C:\python\Lib\site-packages\requests\sessions.py", line 589, in request
    resp = self.send(prep, **send_kwargs)
           ^^^^^^^^^^^^^^^^^^^^^^^^^^^^^^
  File "C:\python\Lib\site-packages\requests\sessions.py", line 703, in send
    r = adapter.send(request, **kwargs)
        ^^^^^^^^^^^^^^^^^^^^^^^^^^^^^^^
  File "C:\python\Lib\site-packages\requests\adapters.py", line 519, in send
    raise ConnectionError(e, request=request)
requests.exceptions.ConnectionError: HTTPSConnectionPool(host='api.telegram.org', port=443): Max retries exceeded with url: /bot6601289362:AAHP8IfBXJ4vczvZKBFvDBBDT752UbwGW0k/getUpdates?offset=609880203&timeout=20 (Caused by NameResolutionError("<urllib3.connection.HTTPSConnection object at 0x00000283B11A6150>: Failed to resolve 'api.telegram.org' ([Errno 11001] getaddrinfo failed)"))

2024-04-30 21:50:32,566 - TeleBot - ERROR - Infinity polling exception: HTTPSConnectionPool(host='api.telegram.org', port=443): Max retries exceeded with url: /bot6601289362:AAHP8IfBXJ4vczvZKBFvDBBDT752UbwGW0k/getUpdates?offset=609880203&timeout=20 (Caused by NameResolutionError("<urllib3.connection.HTTPSConnection object at 0x00000283B11E8C50>: Failed to resolve 'api.telegram.org' ([Errno 11001] getaddrinfo failed)"))
2024-04-30 21:50:32,568 - TeleBot - ERROR - Exception traceback:
Traceback (most recent call last):
  File "C:\python\Lib\site-packages\urllib3\connection.py", line 198, in _new_conn
    sock = connection.create_connection(
           ^^^^^^^^^^^^^^^^^^^^^^^^^^^^^
  File "C:\python\Lib\site-packages\urllib3\util\connection.py", line 60, in create_connection
    for res in socket.getaddrinfo(host, port, family, socket.SOCK_STREAM):
               ^^^^^^^^^^^^^^^^^^^^^^^^^^^^^^^^^^^^^^^^^^^^^^^^^^^^^^^^^^
  File "C:\python\Lib\socket.py", line 962, in getaddrinfo
    for res in _socket.getaddrinfo(host, port, family, type, proto, flags):
               ^^^^^^^^^^^^^^^^^^^^^^^^^^^^^^^^^^^^^^^^^^^^^^^^^^^^^^^^^^^
socket.gaierror: [Errno 11001] getaddrinfo failed

The above exception was the direct cause of the following exception:

Traceback (most recent call last):
  File "C:\python\Lib\site-packages\urllib3\connectionpool.py", line 793, in urlopen
    response = self._make_request(
               ^^^^^^^^^^^^^^^^^^^
  File "C:\python\Lib\site-packages\urllib3\connectionpool.py", line 491, in _make_request
    raise new_e
  File "C:\python\Lib\site-packages\urllib3\connectionpool.py", line 467, in _make_request
    self._validate_conn(conn)
  File "C:\python\Lib\site-packages\urllib3\connectionpool.py", line 1099, in _validate_conn
    conn.connect()
  File "C:\python\Lib\site-packages\urllib3\connection.py", line 616, in connect
    self.sock = sock = self._new_conn()
                       ^^^^^^^^^^^^^^^^
  File "C:\python\Lib\site-packages\urllib3\connection.py", line 205, in _new_conn
    raise NameResolutionError(self.host, self, e) from e
urllib3.exceptions.NameResolutionError: <urllib3.connection.HTTPSConnection object at 0x00000283B11E8C50>: Failed to resolve 'api.telegram.org' ([Errno 11001] getaddrinfo failed)

The above exception was the direct cause of the following exception:

Traceback (most recent call last):
  File "C:\python\Lib\site-packages\requests\adapters.py", line 486, in send
    resp = conn.urlopen(
           ^^^^^^^^^^^^^
  File "C:\python\Lib\site-packages\urllib3\connectionpool.py", line 847, in urlopen
    retries = retries.increment(
              ^^^^^^^^^^^^^^^^^^
  File "C:\python\Lib\site-packages\urllib3\util\retry.py", line 515, in increment
    raise MaxRetryError(_pool, url, reason) from reason  # type: ignore[arg-type]
    ^^^^^^^^^^^^^^^^^^^^^^^^^^^^^^^^^^^^^^^^^^^^^^^^^^^
urllib3.exceptions.MaxRetryError: HTTPSConnectionPool(host='api.telegram.org', port=443): Max retries exceeded with url: /bot6601289362:AAHP8IfBXJ4vczvZKBFvDBBDT752UbwGW0k/getUpdates?offset=609880203&timeout=20 (Caused by NameResolutionError("<urllib3.connection.HTTPSConnection object at 0x00000283B11E8C50>: Failed to resolve 'api.telegram.org' ([Errno 11001] getaddrinfo failed)"))

During handling of the above exception, another exception occurred:

Traceback (most recent call last):
  File "C:\python\Lib\site-packages\telebot\__init__.py", line 1081, in infinity_polling
    self.polling(non_stop=True, timeout=timeout, long_polling_timeout=long_polling_timeout,
  File "C:\python\Lib\site-packages\telebot\__init__.py", line 1169, in polling
    self.__threaded_polling(non_stop=non_stop, interval=interval, timeout=timeout, long_polling_timeout=long_polling_timeout,
  File "C:\python\Lib\site-packages\telebot\__init__.py", line 1244, in __threaded_polling
    raise e
  File "C:\python\Lib\site-packages\telebot\__init__.py", line 1205, in __threaded_polling
    polling_thread.raise_exceptions()
  File "C:\python\Lib\site-packages\telebot\util.py", line 111, in raise_exceptions
    raise self.exception_info
  File "C:\python\Lib\site-packages\telebot\util.py", line 93, in run
    task(*args, **kwargs)
  File "C:\python\Lib\site-packages\telebot\__init__.py", line 675, in __retrieve_updates
    updates = self.get_updates(offset=(self.last_update_id + 1),
             ^^^^^^^^^^^^^^^^^^^^^^^^^^^^^^^^^^^^^^^^^^^^^^^^^^^
  File "C:\python\Lib\site-packages\telebot\__init__.py", line 647, in get_updates
    json_updates = apihelper.get_updates(
                   ^^^^^^^^^^^^^^^^^^^^^^
  File "C:\python\Lib\site-packages\telebot\apihelper.py", line 327, in get_updates
    return _make_request(token, method_url, params=payload)
           ^^^^^^^^^^^^^^^^^^^^^^^^^^^^^^^^^^^^^^^^^^^^^^^^
  File "C:\python\Lib\site-packages\telebot\apihelper.py", line 161, in _make_request
    result = _get_req_session().request(
             ^^^^^^^^^^^^^^^^^^^^^^^^^^^
  File "C:\python\Lib\site-packages\requests\sessions.py", line 589, in request
    resp = self.send(prep, **send_kwargs)
           ^^^^^^^^^^^^^^^^^^^^^^^^^^^^^^
  File "C:\python\Lib\site-packages\requests\sessions.py", line 703, in send
    r = adapter.send(request, **kwargs)
        ^^^^^^^^^^^^^^^^^^^^^^^^^^^^^^^
  File "C:\python\Lib\site-packages\requests\adapters.py", line 519, in send
    raise ConnectionError(e, request=request)
requests.exceptions.ConnectionError: HTTPSConnectionPool(host='api.telegram.org', port=443): Max retries exceeded with url: /bot6601289362:AAHP8IfBXJ4vczvZKBFvDBBDT752UbwGW0k/getUpdates?offset=609880203&timeout=20 (Caused by NameResolutionError("<urllib3.connection.HTTPSConnection object at 0x00000283B11E8C50>: Failed to resolve 'api.telegram.org' ([Errno 11001] getaddrinfo failed)"))

2024-04-30 21:50:35,576 - TeleBot - ERROR - Infinity polling exception: HTTPSConnectionPool(host='api.telegram.org', port=443): Max retries exceeded with url: /bot6601289362:AAHP8IfBXJ4vczvZKBFvDBBDT752UbwGW0k/getUpdates?offset=609880203&timeout=20 (Caused by NameResolutionError("<urllib3.connection.HTTPSConnection object at 0x00000283B11EB8D0>: Failed to resolve 'api.telegram.org' ([Errno 11001] getaddrinfo failed)"))
2024-04-30 21:50:35,579 - TeleBot - ERROR - Exception traceback:
Traceback (most recent call last):
  File "C:\python\Lib\site-packages\urllib3\connection.py", line 198, in _new_conn
    sock = connection.create_connection(
           ^^^^^^^^^^^^^^^^^^^^^^^^^^^^^
  File "C:\python\Lib\site-packages\urllib3\util\connection.py", line 60, in create_connection
    for res in socket.getaddrinfo(host, port, family, socket.SOCK_STREAM):
               ^^^^^^^^^^^^^^^^^^^^^^^^^^^^^^^^^^^^^^^^^^^^^^^^^^^^^^^^^^
  File "C:\python\Lib\socket.py", line 962, in getaddrinfo
    for res in _socket.getaddrinfo(host, port, family, type, proto, flags):
               ^^^^^^^^^^^^^^^^^^^^^^^^^^^^^^^^^^^^^^^^^^^^^^^^^^^^^^^^^^^
socket.gaierror: [Errno 11001] getaddrinfo failed

The above exception was the direct cause of the following exception:

Traceback (most recent call last):
  File "C:\python\Lib\site-packages\urllib3\connectionpool.py", line 793, in urlopen
    response = self._make_request(
               ^^^^^^^^^^^^^^^^^^^
  File "C:\python\Lib\site-packages\urllib3\connectionpool.py", line 491, in _make_request
    raise new_e
  File "C:\python\Lib\site-packages\urllib3\connectionpool.py", line 467, in _make_request
    self._validate_conn(conn)
  File "C:\python\Lib\site-packages\urllib3\connectionpool.py", line 1099, in _validate_conn
    conn.connect()
  File "C:\python\Lib\site-packages\urllib3\connection.py", line 616, in connect
    self.sock = sock = self._new_conn()
                       ^^^^^^^^^^^^^^^^
  File "C:\python\Lib\site-packages\urllib3\connection.py", line 205, in _new_conn
    raise NameResolutionError(self.host, self, e) from e
urllib3.exceptions.NameResolutionError: <urllib3.connection.HTTPSConnection object at 0x00000283B11EB8D0>: Failed to resolve 'api.telegram.org' ([Errno 11001] getaddrinfo failed)

The above exception was the direct cause of the following exception:

Traceback (most recent call last):
  File "C:\python\Lib\site-packages\requests\adapters.py", line 486, in send
    resp = conn.urlopen(
           ^^^^^^^^^^^^^
  File "C:\python\Lib\site-packages\urllib3\connectionpool.py", line 847, in urlopen
    retries = retries.increment(
              ^^^^^^^^^^^^^^^^^^
  File "C:\python\Lib\site-packages\urllib3\util\retry.py", line 515, in increment
    raise MaxRetryError(_pool, url, reason) from reason  # type: ignore[arg-type]
    ^^^^^^^^^^^^^^^^^^^^^^^^^^^^^^^^^^^^^^^^^^^^^^^^^^^
urllib3.exceptions.MaxRetryError: HTTPSConnectionPool(host='api.telegram.org', port=443): Max retries exceeded with url: /bot6601289362:AAHP8IfBXJ4vczvZKBFvDBBDT752UbwGW0k/getUpdates?offset=609880203&timeout=20 (Caused by NameResolutionError("<urllib3.connection.HTTPSConnection object at 0x00000283B11EB8D0>: Failed to resolve 'api.telegram.org' ([Errno 11001] getaddrinfo failed)"))

During handling of the above exception, another exception occurred:

Traceback (most recent call last):
  File "C:\python\Lib\site-packages\telebot\__init__.py", line 1081, in infinity_polling
    self.polling(non_stop=True, timeout=timeout, long_polling_timeout=long_polling_timeout,
  File "C:\python\Lib\site-packages\telebot\__init__.py", line 1169, in polling
    self.__threaded_polling(non_stop=non_stop, interval=interval, timeout=timeout, long_polling_timeout=long_polling_timeout,
  File "C:\python\Lib\site-packages\telebot\__init__.py", line 1244, in __threaded_polling
    raise e
  File "C:\python\Lib\site-packages\telebot\__init__.py", line 1205, in __threaded_polling
    polling_thread.raise_exceptions()
  File "C:\python\Lib\site-packages\telebot\util.py", line 111, in raise_exceptions
    raise self.exception_info
  File "C:\python\Lib\site-packages\telebot\util.py", line 93, in run
    task(*args, **kwargs)
  File "C:\python\Lib\site-packages\telebot\__init__.py", line 675, in __retrieve_updates
    updates = self.get_updates(offset=(self.last_update_id + 1),
             ^^^^^^^^^^^^^^^^^^^^^^^^^^^^^^^^^^^^^^^^^^^^^^^^^^^
  File "C:\python\Lib\site-packages\telebot\__init__.py", line 647, in get_updates
    json_updates = apihelper.get_updates(
                   ^^^^^^^^^^^^^^^^^^^^^^
  File "C:\python\Lib\site-packages\telebot\apihelper.py", line 327, in get_updates
    return _make_request(token, method_url, params=payload)
           ^^^^^^^^^^^^^^^^^^^^^^^^^^^^^^^^^^^^^^^^^^^^^^^^
  File "C:\python\Lib\site-packages\telebot\apihelper.py", line 161, in _make_request
    result = _get_req_session().request(
             ^^^^^^^^^^^^^^^^^^^^^^^^^^^
  File "C:\python\Lib\site-packages\requests\sessions.py", line 589, in request
    resp = self.send(prep, **send_kwargs)
           ^^^^^^^^^^^^^^^^^^^^^^^^^^^^^^
  File "C:\python\Lib\site-packages\requests\sessions.py", line 703, in send
    r = adapter.send(request, **kwargs)
        ^^^^^^^^^^^^^^^^^^^^^^^^^^^^^^^
  File "C:\python\Lib\site-packages\requests\adapters.py", line 519, in send
    raise ConnectionError(e, request=request)
requests.exceptions.ConnectionError: HTTPSConnectionPool(host='api.telegram.org', port=443): Max retries exceeded with url: /bot6601289362:AAHP8IfBXJ4vczvZKBFvDBBDT752UbwGW0k/getUpdates?offset=609880203&timeout=20 (Caused by NameResolutionError("<urllib3.connection.HTTPSConnection object at 0x00000283B11EB8D0>: Failed to resolve 'api.telegram.org' ([Errno 11001] getaddrinfo failed)"))

2024-04-30 21:50:38,590 - TeleBot - ERROR - Infinity polling exception: HTTPSConnectionPool(host='api.telegram.org', port=443): Max retries exceeded with url: /bot6601289362:AAHP8IfBXJ4vczvZKBFvDBBDT752UbwGW0k/getUpdates?offset=609880203&timeout=20 (Caused by NameResolutionError("<urllib3.connection.HTTPSConnection object at 0x00000283B11C0CD0>: Failed to resolve 'api.telegram.org' ([Errno 11001] getaddrinfo failed)"))
2024-04-30 21:50:38,592 - TeleBot - ERROR - Exception traceback:
Traceback (most recent call last):
  File "C:\python\Lib\site-packages\urllib3\connection.py", line 198, in _new_conn
    sock = connection.create_connection(
           ^^^^^^^^^^^^^^^^^^^^^^^^^^^^^
  File "C:\python\Lib\site-packages\urllib3\util\connection.py", line 60, in create_connection
    for res in socket.getaddrinfo(host, port, family, socket.SOCK_STREAM):
               ^^^^^^^^^^^^^^^^^^^^^^^^^^^^^^^^^^^^^^^^^^^^^^^^^^^^^^^^^^
  File "C:\python\Lib\socket.py", line 962, in getaddrinfo
    for res in _socket.getaddrinfo(host, port, family, type, proto, flags):
               ^^^^^^^^^^^^^^^^^^^^^^^^^^^^^^^^^^^^^^^^^^^^^^^^^^^^^^^^^^^
socket.gaierror: [Errno 11001] getaddrinfo failed

The above exception was the direct cause of the following exception:

Traceback (most recent call last):
  File "C:\python\Lib\site-packages\urllib3\connectionpool.py", line 793, in urlopen
    response = self._make_request(
               ^^^^^^^^^^^^^^^^^^^
  File "C:\python\Lib\site-packages\urllib3\connectionpool.py", line 491, in _make_request
    raise new_e
  File "C:\python\Lib\site-packages\urllib3\connectionpool.py", line 467, in _make_request
    self._validate_conn(conn)
  File "C:\python\Lib\site-packages\urllib3\connectionpool.py", line 1099, in _validate_conn
    conn.connect()
  File "C:\python\Lib\site-packages\urllib3\connection.py", line 616, in connect
    self.sock = sock = self._new_conn()
                       ^^^^^^^^^^^^^^^^
  File "C:\python\Lib\site-packages\urllib3\connection.py", line 205, in _new_conn
    raise NameResolutionError(self.host, self, e) from e
urllib3.exceptions.NameResolutionError: <urllib3.connection.HTTPSConnection object at 0x00000283B11C0CD0>: Failed to resolve 'api.telegram.org' ([Errno 11001] getaddrinfo failed)

The above exception was the direct cause of the following exception:

Traceback (most recent call last):
  File "C:\python\Lib\site-packages\requests\adapters.py", line 486, in send
    resp = conn.urlopen(
           ^^^^^^^^^^^^^
  File "C:\python\Lib\site-packages\urllib3\connectionpool.py", line 847, in urlopen
    retries = retries.increment(
              ^^^^^^^^^^^^^^^^^^
  File "C:\python\Lib\site-packages\urllib3\util\retry.py", line 515, in increment
    raise MaxRetryError(_pool, url, reason) from reason  # type: ignore[arg-type]
    ^^^^^^^^^^^^^^^^^^^^^^^^^^^^^^^^^^^^^^^^^^^^^^^^^^^
urllib3.exceptions.MaxRetryError: HTTPSConnectionPool(host='api.telegram.org', port=443): Max retries exceeded with url: /bot6601289362:AAHP8IfBXJ4vczvZKBFvDBBDT752UbwGW0k/getUpdates?offset=609880203&timeout=20 (Caused by NameResolutionError("<urllib3.connection.HTTPSConnection object at 0x00000283B11C0CD0>: Failed to resolve 'api.telegram.org' ([Errno 11001] getaddrinfo failed)"))

During handling of the above exception, another exception occurred:

Traceback (most recent call last):
  File "C:\python\Lib\site-packages\telebot\__init__.py", line 1081, in infinity_polling
    self.polling(non_stop=True, timeout=timeout, long_polling_timeout=long_polling_timeout,
  File "C:\python\Lib\site-packages\telebot\__init__.py", line 1169, in polling
    self.__threaded_polling(non_stop=non_stop, interval=interval, timeout=timeout, long_polling_timeout=long_polling_timeout,
  File "C:\python\Lib\site-packages\telebot\__init__.py", line 1244, in __threaded_polling
    raise e
  File "C:\python\Lib\site-packages\telebot\__init__.py", line 1205, in __threaded_polling
    polling_thread.raise_exceptions()
  File "C:\python\Lib\site-packages\telebot\util.py", line 111, in raise_exceptions
    raise self.exception_info
  File "C:\python\Lib\site-packages\telebot\util.py", line 93, in run
    task(*args, **kwargs)
  File "C:\python\Lib\site-packages\telebot\__init__.py", line 675, in __retrieve_updates
    updates = self.get_updates(offset=(self.last_update_id + 1),
             ^^^^^^^^^^^^^^^^^^^^^^^^^^^^^^^^^^^^^^^^^^^^^^^^^^^
  File "C:\python\Lib\site-packages\telebot\__init__.py", line 647, in get_updates
    json_updates = apihelper.get_updates(
                   ^^^^^^^^^^^^^^^^^^^^^^
  File "C:\python\Lib\site-packages\telebot\apihelper.py", line 327, in get_updates
    return _make_request(token, method_url, params=payload)
           ^^^^^^^^^^^^^^^^^^^^^^^^^^^^^^^^^^^^^^^^^^^^^^^^
  File "C:\python\Lib\site-packages\telebot\apihelper.py", line 161, in _make_request
    result = _get_req_session().request(
             ^^^^^^^^^^^^^^^^^^^^^^^^^^^
  File "C:\python\Lib\site-packages\requests\sessions.py", line 589, in request
    resp = self.send(prep, **send_kwargs)
           ^^^^^^^^^^^^^^^^^^^^^^^^^^^^^^
  File "C:\python\Lib\site-packages\requests\sessions.py", line 703, in send
    r = adapter.send(request, **kwargs)
        ^^^^^^^^^^^^^^^^^^^^^^^^^^^^^^^
  File "C:\python\Lib\site-packages\requests\adapters.py", line 519, in send
    raise ConnectionError(e, request=request)
requests.exceptions.ConnectionError: HTTPSConnectionPool(host='api.telegram.org', port=443): Max retries exceeded with url: /bot6601289362:AAHP8IfBXJ4vczvZKBFvDBBDT752UbwGW0k/getUpdates?offset=609880203&timeout=20 (Caused by NameResolutionError("<urllib3.connection.HTTPSConnection object at 0x00000283B11C0CD0>: Failed to resolve 'api.telegram.org' ([Errno 11001] getaddrinfo failed)"))

2024-04-30 21:50:41,600 - TeleBot - ERROR - Infinity polling exception: HTTPSConnectionPool(host='api.telegram.org', port=443): Max retries exceeded with url: /bot6601289362:AAHP8IfBXJ4vczvZKBFvDBBDT752UbwGW0k/getUpdates?offset=609880203&timeout=20 (Caused by NameResolutionError("<urllib3.connection.HTTPSConnection object at 0x00000283B11A6310>: Failed to resolve 'api.telegram.org' ([Errno 11001] getaddrinfo failed)"))
2024-04-30 21:50:41,603 - TeleBot - ERROR - Exception traceback:
Traceback (most recent call last):
  File "C:\python\Lib\site-packages\urllib3\connection.py", line 198, in _new_conn
    sock = connection.create_connection(
           ^^^^^^^^^^^^^^^^^^^^^^^^^^^^^
  File "C:\python\Lib\site-packages\urllib3\util\connection.py", line 60, in create_connection
    for res in socket.getaddrinfo(host, port, family, socket.SOCK_STREAM):
               ^^^^^^^^^^^^^^^^^^^^^^^^^^^^^^^^^^^^^^^^^^^^^^^^^^^^^^^^^^
  File "C:\python\Lib\socket.py", line 962, in getaddrinfo
    for res in _socket.getaddrinfo(host, port, family, type, proto, flags):
               ^^^^^^^^^^^^^^^^^^^^^^^^^^^^^^^^^^^^^^^^^^^^^^^^^^^^^^^^^^^
socket.gaierror: [Errno 11001] getaddrinfo failed

The above exception was the direct cause of the following exception:

Traceback (most recent call last):
  File "C:\python\Lib\site-packages\urllib3\connectionpool.py", line 793, in urlopen
    response = self._make_request(
               ^^^^^^^^^^^^^^^^^^^
  File "C:\python\Lib\site-packages\urllib3\connectionpool.py", line 491, in _make_request
    raise new_e
  File "C:\python\Lib\site-packages\urllib3\connectionpool.py", line 467, in _make_request
    self._validate_conn(conn)
  File "C:\python\Lib\site-packages\urllib3\connectionpool.py", line 1099, in _validate_conn
    conn.connect()
  File "C:\python\Lib\site-packages\urllib3\connection.py", line 616, in connect
    self.sock = sock = self._new_conn()
                       ^^^^^^^^^^^^^^^^
  File "C:\python\Lib\site-packages\urllib3\connection.py", line 205, in _new_conn
    raise NameResolutionError(self.host, self, e) from e
urllib3.exceptions.NameResolutionError: <urllib3.connection.HTTPSConnection object at 0x00000283B11A6310>: Failed to resolve 'api.telegram.org' ([Errno 11001] getaddrinfo failed)

The above exception was the direct cause of the following exception:

Traceback (most recent call last):
  File "C:\python\Lib\site-packages\requests\adapters.py", line 486, in send
    resp = conn.urlopen(
           ^^^^^^^^^^^^^
  File "C:\python\Lib\site-packages\urllib3\connectionpool.py", line 847, in urlopen
    retries = retries.increment(
              ^^^^^^^^^^^^^^^^^^
  File "C:\python\Lib\site-packages\urllib3\util\retry.py", line 515, in increment
    raise MaxRetryError(_pool, url, reason) from reason  # type: ignore[arg-type]
    ^^^^^^^^^^^^^^^^^^^^^^^^^^^^^^^^^^^^^^^^^^^^^^^^^^^
urllib3.exceptions.MaxRetryError: HTTPSConnectionPool(host='api.telegram.org', port=443): Max retries exceeded with url: /bot6601289362:AAHP8IfBXJ4vczvZKBFvDBBDT752UbwGW0k/getUpdates?offset=609880203&timeout=20 (Caused by NameResolutionError("<urllib3.connection.HTTPSConnection object at 0x00000283B11A6310>: Failed to resolve 'api.telegram.org' ([Errno 11001] getaddrinfo failed)"))

During handling of the above exception, another exception occurred:

Traceback (most recent call last):
  File "C:\python\Lib\site-packages\telebot\__init__.py", line 1081, in infinity_polling
    self.polling(non_stop=True, timeout=timeout, long_polling_timeout=long_polling_timeout,
  File "C:\python\Lib\site-packages\telebot\__init__.py", line 1169, in polling
    self.__threaded_polling(non_stop=non_stop, interval=interval, timeout=timeout, long_polling_timeout=long_polling_timeout,
  File "C:\python\Lib\site-packages\telebot\__init__.py", line 1244, in __threaded_polling
    raise e
  File "C:\python\Lib\site-packages\telebot\__init__.py", line 1205, in __threaded_polling
    polling_thread.raise_exceptions()
  File "C:\python\Lib\site-packages\telebot\util.py", line 111, in raise_exceptions
    raise self.exception_info
  File "C:\python\Lib\site-packages\telebot\util.py", line 93, in run
    task(*args, **kwargs)
  File "C:\python\Lib\site-packages\telebot\__init__.py", line 675, in __retrieve_updates
    updates = self.get_updates(offset=(self.last_update_id + 1),
             ^^^^^^^^^^^^^^^^^^^^^^^^^^^^^^^^^^^^^^^^^^^^^^^^^^^
  File "C:\python\Lib\site-packages\telebot\__init__.py", line 647, in get_updates
    json_updates = apihelper.get_updates(
                   ^^^^^^^^^^^^^^^^^^^^^^
  File "C:\python\Lib\site-packages\telebot\apihelper.py", line 327, in get_updates
    return _make_request(token, method_url, params=payload)
           ^^^^^^^^^^^^^^^^^^^^^^^^^^^^^^^^^^^^^^^^^^^^^^^^
  File "C:\python\Lib\site-packages\telebot\apihelper.py", line 161, in _make_request
    result = _get_req_session().request(
             ^^^^^^^^^^^^^^^^^^^^^^^^^^^
  File "C:\python\Lib\site-packages\requests\sessions.py", line 589, in request
    resp = self.send(prep, **send_kwargs)
           ^^^^^^^^^^^^^^^^^^^^^^^^^^^^^^
  File "C:\python\Lib\site-packages\requests\sessions.py", line 703, in send
    r = adapter.send(request, **kwargs)
        ^^^^^^^^^^^^^^^^^^^^^^^^^^^^^^^
  File "C:\python\Lib\site-packages\requests\adapters.py", line 519, in send
    raise ConnectionError(e, request=request)
requests.exceptions.ConnectionError: HTTPSConnectionPool(host='api.telegram.org', port=443): Max retries exceeded with url: /bot6601289362:AAHP8IfBXJ4vczvZKBFvDBBDT752UbwGW0k/getUpdates?offset=609880203&timeout=20 (Caused by NameResolutionError("<urllib3.connection.HTTPSConnection object at 0x00000283B11A6310>: Failed to resolve 'api.telegram.org' ([Errno 11001] getaddrinfo failed)"))

2024-04-30 21:50:44,611 - TeleBot - ERROR - Infinity polling exception: HTTPSConnectionPool(host='api.telegram.org', port=443): Max retries exceeded with url: /bot6601289362:AAHP8IfBXJ4vczvZKBFvDBBDT752UbwGW0k/getUpdates?offset=609880203&timeout=20 (Caused by NameResolutionError("<urllib3.connection.HTTPSConnection object at 0x00000283B11F2C90>: Failed to resolve 'api.telegram.org' ([Errno 11001] getaddrinfo failed)"))
2024-04-30 21:50:44,617 - TeleBot - ERROR - Exception traceback:
Traceback (most recent call last):
  File "C:\python\Lib\site-packages\urllib3\connection.py", line 198, in _new_conn
    sock = connection.create_connection(
           ^^^^^^^^^^^^^^^^^^^^^^^^^^^^^
  File "C:\python\Lib\site-packages\urllib3\util\connection.py", line 60, in create_connection
    for res in socket.getaddrinfo(host, port, family, socket.SOCK_STREAM):
               ^^^^^^^^^^^^^^^^^^^^^^^^^^^^^^^^^^^^^^^^^^^^^^^^^^^^^^^^^^
  File "C:\python\Lib\socket.py", line 962, in getaddrinfo
    for res in _socket.getaddrinfo(host, port, family, type, proto, flags):
               ^^^^^^^^^^^^^^^^^^^^^^^^^^^^^^^^^^^^^^^^^^^^^^^^^^^^^^^^^^^
socket.gaierror: [Errno 11001] getaddrinfo failed

The above exception was the direct cause of the following exception:

Traceback (most recent call last):
  File "C:\python\Lib\site-packages\urllib3\connectionpool.py", line 793, in urlopen
    response = self._make_request(
               ^^^^^^^^^^^^^^^^^^^
  File "C:\python\Lib\site-packages\urllib3\connectionpool.py", line 491, in _make_request
    raise new_e
  File "C:\python\Lib\site-packages\urllib3\connectionpool.py", line 467, in _make_request
    self._validate_conn(conn)
  File "C:\python\Lib\site-packages\urllib3\connectionpool.py", line 1099, in _validate_conn
    conn.connect()
  File "C:\python\Lib\site-packages\urllib3\connection.py", line 616, in connect
    self.sock = sock = self._new_conn()
                       ^^^^^^^^^^^^^^^^
  File "C:\python\Lib\site-packages\urllib3\connection.py", line 205, in _new_conn
    raise NameResolutionError(self.host, self, e) from e
urllib3.exceptions.NameResolutionError: <urllib3.connection.HTTPSConnection object at 0x00000283B11F2C90>: Failed to resolve 'api.telegram.org' ([Errno 11001] getaddrinfo failed)

The above exception was the direct cause of the following exception:

Traceback (most recent call last):
  File "C:\python\Lib\site-packages\requests\adapters.py", line 486, in send
    resp = conn.urlopen(
           ^^^^^^^^^^^^^
  File "C:\python\Lib\site-packages\urllib3\connectionpool.py", line 847, in urlopen
    retries = retries.increment(
              ^^^^^^^^^^^^^^^^^^
  File "C:\python\Lib\site-packages\urllib3\util\retry.py", line 515, in increment
    raise MaxRetryError(_pool, url, reason) from reason  # type: ignore[arg-type]
    ^^^^^^^^^^^^^^^^^^^^^^^^^^^^^^^^^^^^^^^^^^^^^^^^^^^
urllib3.exceptions.MaxRetryError: HTTPSConnectionPool(host='api.telegram.org', port=443): Max retries exceeded with url: /bot6601289362:AAHP8IfBXJ4vczvZKBFvDBBDT752UbwGW0k/getUpdates?offset=609880203&timeout=20 (Caused by NameResolutionError("<urllib3.connection.HTTPSConnection object at 0x00000283B11F2C90>: Failed to resolve 'api.telegram.org' ([Errno 11001] getaddrinfo failed)"))

During handling of the above exception, another exception occurred:

Traceback (most recent call last):
  File "C:\python\Lib\site-packages\telebot\__init__.py", line 1081, in infinity_polling
    self.polling(non_stop=True, timeout=timeout, long_polling_timeout=long_polling_timeout,
  File "C:\python\Lib\site-packages\telebot\__init__.py", line 1169, in polling
    self.__threaded_polling(non_stop=non_stop, interval=interval, timeout=timeout, long_polling_timeout=long_polling_timeout,
  File "C:\python\Lib\site-packages\telebot\__init__.py", line 1244, in __threaded_polling
    raise e
  File "C:\python\Lib\site-packages\telebot\__init__.py", line 1205, in __threaded_polling
    polling_thread.raise_exceptions()
  File "C:\python\Lib\site-packages\telebot\util.py", line 111, in raise_exceptions
    raise self.exception_info
  File "C:\python\Lib\site-packages\telebot\util.py", line 93, in run
    task(*args, **kwargs)
  File "C:\python\Lib\site-packages\telebot\__init__.py", line 675, in __retrieve_updates
    updates = self.get_updates(offset=(self.last_update_id + 1),
             ^^^^^^^^^^^^^^^^^^^^^^^^^^^^^^^^^^^^^^^^^^^^^^^^^^^
  File "C:\python\Lib\site-packages\telebot\__init__.py", line 647, in get_updates
    json_updates = apihelper.get_updates(
                   ^^^^^^^^^^^^^^^^^^^^^^
  File "C:\python\Lib\site-packages\telebot\apihelper.py", line 327, in get_updates
    return _make_request(token, method_url, params=payload)
           ^^^^^^^^^^^^^^^^^^^^^^^^^^^^^^^^^^^^^^^^^^^^^^^^
  File "C:\python\Lib\site-packages\telebot\apihelper.py", line 161, in _make_request
    result = _get_req_session().request(
             ^^^^^^^^^^^^^^^^^^^^^^^^^^^
  File "C:\python\Lib\site-packages\requests\sessions.py", line 589, in request
    resp = self.send(prep, **send_kwargs)
           ^^^^^^^^^^^^^^^^^^^^^^^^^^^^^^
  File "C:\python\Lib\site-packages\requests\sessions.py", line 703, in send
    r = adapter.send(request, **kwargs)
        ^^^^^^^^^^^^^^^^^^^^^^^^^^^^^^^
  File "C:\python\Lib\site-packages\requests\adapters.py", line 519, in send
    raise ConnectionError(e, request=request)
requests.exceptions.ConnectionError: HTTPSConnectionPool(host='api.telegram.org', port=443): Max retries exceeded with url: /bot6601289362:AAHP8IfBXJ4vczvZKBFvDBBDT752UbwGW0k/getUpdates?offset=609880203&timeout=20 (Caused by NameResolutionError("<urllib3.connection.HTTPSConnection object at 0x00000283B11F2C90>: Failed to resolve 'api.telegram.org' ([Errno 11001] getaddrinfo failed)"))

2024-04-30 21:50:48,743 - __main__ - INFO - User 124256749 - /start
2024-04-30 21:54:47,186 - TeleBot - ERROR - Infinity polling: polling exited
2024-04-30 21:54:47,186 - TeleBot - ERROR - Break infinity polling
2024-04-30 21:55:02,942 - __main__ - INFO - User 124256749 - /start
2024-04-30 21:55:06,209 - __main__ - INFO - User 6601289362 -  
2024-04-30 21:55:08,941 - __main__ - INFO - User 6601289362 -  
2024-04-30 21:55:11,693 - __main__ - INFO - User 6601289362 -  
2024-04-30 21:55:13,001 - __main__ - INFO - User 6601289362 -  
2024-04-30 21:55:14,336 - __main__ - INFO - User 6601289362 -  
2024-04-30 21:55:17,567 - __main__ - INFO - User 6601289362 -  
2024-04-30 21:55:22,578 - __main__ - INFO - User 6601289362 -  
2024-04-30 21:55:24,834 - __main__ - INFO - User 6601289362 -  
2024-04-30 21:55:28,369 - __main__ - INFO - User 6601289362 -  
2024-04-30 21:55:31,105 - __main__ - INFO - User 6601289362 -  
2024-04-30 21:55:32,581 - __main__ - INFO - User 6601289362 -  
2024-04-30 22:40:28,354 - TeleBot - ERROR - Infinity polling: polling exited
2024-04-30 22:40:28,354 - TeleBot - ERROR - Break infinity polling
2024-04-30 22:40:31,474 - __main__ - INFO - User 6601289362 -  
2024-04-30 22:42:50,021 - TeleBot - ERROR - Infinity polling: polling exited
2024-04-30 22:42:50,021 - TeleBot - ERROR - Break infinity polling
2024-04-30 22:42:53,871 - __main__ - INFO - User 6601289362 -  
2024-04-30 22:42:58,448 - TeleBot - ERROR - Infinity polling exception: 'int' object has no attribute 'to_dict'
2024-04-30 22:42:58,452 - TeleBot - ERROR - Exception traceback:
Traceback (most recent call last):
  File "C:\python\Lib\site-packages\telebot\__init__.py", line 1081, in infinity_polling
    self.polling(non_stop=True, timeout=timeout, long_polling_timeout=long_polling_timeout,
  File "C:\python\Lib\site-packages\telebot\__init__.py", line 1169, in polling
    self.__threaded_polling(non_stop=non_stop, interval=interval, timeout=timeout, long_polling_timeout=long_polling_timeout,
  File "C:\python\Lib\site-packages\telebot\__init__.py", line 1244, in __threaded_polling
    raise e
  File "C:\python\Lib\site-packages\telebot\__init__.py", line 1206, in __threaded_polling
    self.worker_pool.raise_exceptions()
  File "C:\python\Lib\site-packages\telebot\util.py", line 150, in raise_exceptions
    raise self.exception_info
  File "C:\python\Lib\site-packages\telebot\util.py", line 93, in run
    task(*args, **kwargs)
  File "D:\\tele_bot\app\bot\sales.py", line 108, in <lambda>
    bot.register_next_step_handler(msg, lambda message: handle_customer_sale(message, bot, conn))
                                                        ^^^^^^^^^^^^^^^^^^^^^^^^^^^^^^^^^^^^^^^^
  File "D:\\tele_bot\app\bot\sales.py", line 120, in handle_customer_sale
    markup.add(months.get(str(key)))
  File "C:\python\Lib\site-packages\telebot\types.py", line 2510, in add
    button_array.append(button.to_dict())
                        ^^^^^^^^^^^^^^
AttributeError: 'int' object has no attribute 'to_dict'

2024-04-30 22:45:11,681 - TeleBot - ERROR - Infinity polling: polling exited
2024-04-30 22:45:11,681 - TeleBot - ERROR - Break infinity polling
2024-04-30 22:45:18,801 - __main__ - INFO - User 6601289362 -  
2024-04-30 22:45:21,882 - TeleBot - ERROR - Threaded polling exception: A request to the Telegram API was unsuccessful. Error code: 400. Description: Bad Request: chat not found
2024-04-30 22:45:21,883 - TeleBot - ERROR - Exception traceback:
Traceback (most recent call last):
  File "C:\python\Lib\site-packages\telebot\__init__.py", line 1206, in __threaded_polling
    self.worker_pool.raise_exceptions()
  File "C:\python\Lib\site-packages\telebot\util.py", line 150, in raise_exceptions
    raise self.exception_info
  File "C:\python\Lib\site-packages\telebot\util.py", line 93, in run
    task(*args, **kwargs)
  File "D:\\tele_bot\app\bot\sales.py", line 108, in <lambda>
    bot.register_next_step_handler(msg, lambda message: handle_customer_sale(message, bot, conn))
                                                        ^^^^^^^^^^^^^^^^^^^^^^^^^^^^^^^^^^^^^^^^
  File "D:\\tele_bot\app\bot\sales.py", line 122, in handle_customer_sale
    msg = bot.send_message(message, ' ', reply_markup=markup)
          ^^^^^^^^^^^^^^^^^^^^^^^^^^^^^^^^^^^^^^^^^^^^^^^^^^^^^^^^^^^^^^^^
  File "C:\python\Lib\site-packages\telebot\__init__.py", line 1742, in send_message
    apihelper.send_message(
  File "C:\python\Lib\site-packages\telebot\apihelper.py", line 270, in send_message
    return _make_request(token, method_url, params=payload, method='post')
           ^^^^^^^^^^^^^^^^^^^^^^^^^^^^^^^^^^^^^^^^^^^^^^^^^^^^^^^^^^^^^^^
  File "C:\python\Lib\site-packages\telebot\apihelper.py", line 167, in _make_request
    json_result = _check_result(method_name, result)
                  ^^^^^^^^^^^^^^^^^^^^^^^^^^^^^^^^^^
  File "C:\python\Lib\site-packages\telebot\apihelper.py", line 194, in _check_result
    raise ApiTelegramException(method_name, result, result_json)
telebot.apihelper.ApiTelegramException: A request to the Telegram API was unsuccessful. Error code: 400. Description: Bad Request: chat not found

2024-04-30 22:46:30,622 - TeleBot - ERROR - Infinity polling: polling exited
2024-04-30 22:46:30,623 - TeleBot - ERROR - Break infinity polling
2024-04-30 22:46:35,411 - __main__ - INFO - User 6601289362 -  
2024-04-30 22:46:54,533 - TeleBot - ERROR - Infinity polling: polling exited
2024-04-30 22:46:54,533 - TeleBot - ERROR - Break infinity polling
2024-04-30 22:46:59,568 - __main__ - INFO - User 6601289362 -  
2024-04-30 22:48:57,193 - TeleBot - ERROR - Infinity polling: polling exited
2024-04-30 22:48:57,194 - TeleBot - ERROR - Break infinity polling
2024-04-30 22:49:04,807 - __main__ - INFO - User 6601289362 -  
2024-04-30 22:50:28,989 - TeleBot - ERROR - Infinity polling: polling exited
2024-04-30 22:50:28,990 - TeleBot - ERROR - Break infinity polling
2024-04-30 22:50:36,032 - __main__ - INFO - User 6601289362 -  
2024-04-30 22:52:08,631 - TeleBot - ERROR - Infinity polling: polling exited
2024-04-30 22:52:08,632 - TeleBot - ERROR - Break infinity polling
2024-04-30 22:52:18,221 - __main__ - INFO - User 6601289362 -  
2024-04-30 22:53:21,936 - TeleBot - ERROR - Infinity polling: polling exited
2024-04-30 22:53:21,936 - TeleBot - ERROR - Break infinity polling
2024-04-30 22:53:26,817 - TeleBot - ERROR - Infinity polling exception: row index out of range index=1 len=1
2024-04-30 22:53:26,818 - TeleBot - ERROR - Exception traceback:
Traceback (most recent call last):
  File "C:\python\Lib\site-packages\telebot\__init__.py", line 1081, in infinity_polling
    self.polling(non_stop=True, timeout=timeout, long_polling_timeout=long_polling_timeout,
  File "C:\python\Lib\site-packages\telebot\__init__.py", line 1169, in polling
    self.__threaded_polling(non_stop=non_stop, interval=interval, timeout=timeout, long_polling_timeout=long_polling_timeout,
  File "C:\python\Lib\site-packages\telebot\__init__.py", line 1244, in __threaded_polling
    raise e
  File "C:\python\Lib\site-packages\telebot\__init__.py", line 1206, in __threaded_polling
    self.worker_pool.raise_exceptions()
  File "C:\python\Lib\site-packages\telebot\util.py", line 150, in raise_exceptions
    raise self.exception_info
  File "C:\python\Lib\site-packages\telebot\util.py", line 93, in run
    task(*args, **kwargs)
  File "C:\python\Lib\site-packages\telebot\__init__.py", line 8404, in _run_middlewares_and_handler
    result = handler['function'](message)
             ^^^^^^^^^^^^^^^^^^^^^^^^^^^^
  File "D:\\tele_bot\app\bot\bot_connection.py", line 85, in callback_handler
    my_callback(call)
  File "D:\\tele_bot\app\db\db_connect.py", line 15, in wrapper
    result = func(conn, cursor, *args, **kwargs)
             ^^^^^^^^^^^^^^^^^^^^^^^^^^^^^^^^^^^
  File "D:\\tele_bot\app\bot\bot_connection.py", line 77, in my_callback
    select_customer_for_show(call.message.chat.id, bot)
  File "D:\\tele_bot\app\bot\sales.py", line 104, in select_customer_for_show
    markup.add(row[1])
               ~~~^^^
IndexError: row index out of range index=1 len=1

2024-04-30 22:53:53,318 - TeleBot - ERROR - Infinity polling: polling exited
2024-04-30 22:53:53,318 - TeleBot - ERROR - Break infinity polling
2024-04-30 22:53:58,469 - __main__ - INFO - User 6601289362 -  
2024-04-30 22:54:05,691 - __main__ - WARNING - Unknown command received from user 124256749
2024-04-30 22:54:05,691 - __main__ - INFO - User 124256749 - 
2024-04-30 22:54:08,801 - __main__ - INFO - User 124256749 - /start
2024-04-30 22:54:10,484 - __main__ - INFO - User 6601289362 -  
2024-04-30 22:54:12,010 - __main__ - INFO - User 6601289362 -  
2024-04-30 22:56:01,449 - TeleBot - ERROR - Infinity polling: polling exited
2024-04-30 22:56:01,452 - TeleBot - ERROR - Break infinity polling
2024-04-30 22:56:11,001 - __main__ - INFO - User 124256749 - /start
2024-04-30 22:56:12,993 - __main__ - INFO - User 6601289362 -  
2024-04-30 22:56:14,074 - __main__ - INFO - User 6601289362 -  
2024-04-30 22:56:49,657 - TeleBot - ERROR - Infinity polling: polling exited
2024-04-30 22:56:49,657 - TeleBot - ERROR - Break infinity polling
2024-04-30 22:56:57,667 - __main__ - INFO - User 6601289362 -  
2024-04-30 22:57:35,992 - TeleBot - ERROR - Infinity polling: polling exited
2024-04-30 22:57:35,992 - TeleBot - ERROR - Break infinity polling
2024-04-30 22:57:40,906 - __main__ - INFO - User 6601289362 -  
2024-04-30 22:58:42,775 - TeleBot - ERROR - Infinity polling: polling exited
2024-04-30 22:58:42,776 - TeleBot - ERROR - Break infinity polling
2024-04-30 22:58:49,758 - __main__ - INFO - User 6601289362 -  
2024-04-30 23:07:22,591 - TeleBot - ERROR - Infinity polling: polling exited
2024-04-30 23:07:22,592 - TeleBot - ERROR - Break infinity polling
2024-04-30 23:07:29,825 - __main__ - INFO - User 6601289362 -  
2024-04-30 23:07:43,140 - __main__ - WARNING - Unknown command received from user 124256749
2024-04-30 23:07:43,140 - __main__ - INFO - User 124256749 - 
2024-04-30 23:07:55,094 - TeleBot - ERROR - Infinity polling: polling exited
2024-04-30 23:07:55,094 - TeleBot - ERROR - Break infinity polling
2024-04-30 23:07:57,172 - __main__ - INFO - User 124256749 - /start
2024-04-30 23:07:59,526 - __main__ - INFO - User 6601289362 -  
2024-04-30 23:08:01,704 - __main__ - INFO - User 6601289362 -  
2024-04-30 23:08:37,646 - TeleBot - ERROR - Infinity polling: polling exited
2024-04-30 23:08:37,646 - TeleBot - ERROR - Break infinity polling
